{"/home/fabien/www/deflow/src/index.ts": {"path":"/home/fabien/www/deflow/src/index.ts","statementMap":{"0":{"start":{"line":1,"column":0},"end":{"line":1,"column":27}},"1":{"start":{"line":2,"column":0},"end":{"line":2,"column":7}},"2":{"start":{"line":9,"column":19},"end":{"line":2,"column":30}},"3":{"start":{"line":3,"column":0},"end":{"line":3,"column":7}},"4":{"start":{"line":9,"column":25},"end":{"line":3,"column":30}},"5":{"start":{"line":4,"column":0},"end":{"line":4,"column":7}},"6":{"start":{"line":9,"column":9},"end":{"line":4,"column":38}},"7":{"start":{"line":5,"column":0},"end":{"line":5,"column":7}},"8":{"start":{"line":9,"column":31},"end":{"line":5,"column":44}},"9":{"start":{"line":7,"column":0},"end":{"line":7,"column":22}}},"fnMap":{},"branchMap":{},"s":{"0":1,"1":1,"2":1,"3":1,"4":1,"5":1,"6":1,"7":1,"8":1,"9":1},"f":{},"b":{}}
,"/home/fabien/www/deflow/src/lib/Client.ts": {"path":"/home/fabien/www/deflow/src/lib/Client.ts","statementMap":{"0":{"start":{"line":1,"column":0},"end":{"line":1,"column":26}},"1":{"start":{"line":2,"column":0},"end":{"line":2,"column":43}},"2":{"start":{"line":4,"column":14},"end":{"line":4,"column":36}},"3":{"start":{"line":13,"column":27},"end":{"line":13,"column":34}},"4":{"start":{"line":15,"column":19},"end":{"line":15,"column":20}},"5":{"start":{"line":16,"column":24},"end":{"line":16,"column":26}},"6":{"start":{"line":18,"column":19},"end":{"line":24,"column":6}},"7":{"start":{"line":26,"column":4},"end":{"line":28,"column":7}},"8":{"start":{"line":27,"column":6},"end":{"line":27,"column":27}},"9":{"start":{"line":30,"column":4},"end":{"line":32,"column":7}},"10":{"start":{"line":31,"column":6},"end":{"line":31,"column":34}},"11":{"start":{"line":34,"column":4},"end":{"line":41,"column":7}},"12":{"start":{"line":35,"column":6},"end":{"line":35,"column":20}},"13":{"start":{"line":36,"column":6},"end":{"line":36,"column":40}},"14":{"start":{"line":37,"column":6},"end":{"line":40,"column":null}},"15":{"start":{"line":38,"column":22},"end":{"line":38,"column":34}},"16":{"start":{"line":39,"column":8},"end":{"line":39,"column":20}},"17":{"start":{"line":43,"column":4},"end":{"line":43,"column":18}},"18":{"start":{"line":8,"column":0},"end":{"line":8,"column":21}}},"fnMap":{"0":{"name":"(anonymous_7)","decl":{"start":{"line":12,"column":9},"end":{"line":12,"column":15}},"loc":{"start":{"line":12,"column":56},"end":{"line":44,"column":3}}},"1":{"name":"(anonymous_8)","decl":{"start":{"line":26,"column":23},"end":{"line":26,"column":26}},"loc":{"start":{"line":26,"column":28},"end":{"line":28,"column":5}}},"2":{"name":"(anonymous_9)","decl":{"start":{"line":30,"column":30},"end":{"line":30,"column":33}},"loc":{"start":{"line":30,"column":35},"end":{"line":32,"column":5}}},"3":{"name":"(anonymous_10)","decl":{"start":{"line":34,"column":23},"end":{"line":34,"column":24}},"loc":{"start":{"line":34,"column":29},"end":{"line":41,"column":5}}}},"branchMap":{"0":{"loc":{"start":{"line":37,"column":6},"end":{"line":40,"column":null}},"type":"if","locations":[{"start":{"line":37,"column":6},"end":{"line":40,"column":null}},{"start":{"line":37,"column":6},"end":{"line":40,"column":null}}]}},"s":{"0":2,"1":2,"2":2,"3":7,"4":7,"5":7,"6":7,"7":7,"8":4,"9":7,"10":1,"11":7,"12":10,"13":10,"14":10,"15":1,"16":1,"17":7,"18":2},"f":{"0":7,"1":4,"2":1,"3":10},"b":{"0":[1,9]}}
,"/home/fabien/www/deflow/src/lib/PubSubManager.ts": {"path":"/home/fabien/www/deflow/src/lib/PubSubManager.ts","statementMap":{"0":{"start":{"line":1,"column":0},"end":{"line":1,"column":34}},"1":{"start":{"line":3,"column":0},"end":{"line":3,"column":34}},"2":{"start":{"line":5,"column":0},"end":{"line":5,"column":29}},"3":{"start":{"line":7,"column":0},"end":{"line":7,"column":null}},"4":{"start":{"line":8,"column":2},"end":{"line":8,"column":null}},"5":{"start":{"line":9,"column":2},"end":{"line":9,"column":null}},"6":{"start":{"line":10,"column":2},"end":{"line":10,"column":null}},"7":{"start":{"line":50,"column":19},"end":{"line":50,"column":39}},"8":{"start":{"line":52,"column":4},"end":{"line":62,"column":7}},"9":{"start":{"line":53,"column":30},"end":{"line":53,"column":46}},"10":{"start":{"line":55,"column":21},"end":{"line":55,"column":41}},"11":{"start":{"line":57,"column":6},"end":{"line":61,"column":null}},"12":{"start":{"line":58,"column":8},"end":{"line":58,"column":40}},"13":{"start":{"line":60,"column":8},"end":{"line":60,"column":44}},"14":{"start":{"line":64,"column":4},"end":{"line":64,"column":56}},"15":{"start":{"line":71,"column":4},"end":{"line":75,"column":null}},"16":{"start":{"line":73,"column":8},"end":{"line":73,"column":39}},"17":{"start":{"line":74,"column":8},"end":{"line":74,"column":14}},"18":{"start":{"line":82,"column":4},"end":{"line":86,"column":null}},"19":{"start":{"line":84,"column":8},"end":{"line":84,"column":35}},"20":{"start":{"line":85,"column":8},"end":{"line":85,"column":14}},"21":{"start":{"line":94,"column":19},"end":{"line":94,"column":39}},"22":{"start":{"line":95,"column":24},"end":{"line":95,"column":33}},"23":{"start":{"line":96,"column":14},"end":{"line":96,"column":66}},"24":{"start":{"line":97,"column":23},"end":{"line":97,"column":43}},"25":{"start":{"line":98,"column":4},"end":{"line":98,"column":64}},"26":{"start":{"line":106,"column":4},"end":{"line":106,"column":49}},"27":{"start":{"line":114,"column":4},"end":{"line":114,"column":63}},"28":{"start":{"line":41,"column":0},"end":{"line":41,"column":21}},"29":{"start":{"line":42,"column":17},"end":{"line":42,"column":33}},"30":{"start":{"line":44,"column":9},"end":{"line":44,"column":38}}},"fnMap":{"0":{"name":"(anonymous_8)","decl":{"start":{"line":7,"column":0},"end":{"line":7,"column":12}},"loc":{"start":{"line":7,"column":18},"end":{"line":11,"column":1}}},"1":{"name":"(anonymous_9)","decl":{"start":{"line":49,"column":2},"end":{"line":49,"column":8}},"loc":{"start":{"line":49,"column":24},"end":{"line":65,"column":null}}},"2":{"name":"(anonymous_11)","decl":{"start":{"line":52,"column":37},"end":{"line":52,"column":38}},"loc":{"start":{"line":52,"column":64},"end":{"line":62,"column":5}}},"3":{"name":"(anonymous_12)","decl":{"start":{"line":70,"column":2},"end":{"line":70,"column":8}},"loc":{"start":{"line":70,"column":38},"end":{"line":76,"column":3}}},"4":{"name":"(anonymous_13)","decl":{"start":{"line":81,"column":2},"end":{"line":81,"column":8}},"loc":{"start":{"line":81,"column":34},"end":{"line":87,"column":3}}},"5":{"name":"(anonymous_14)","decl":{"start":{"line":93,"column":2},"end":{"line":93,"column":8}},"loc":{"start":{"line":93,"column":59},"end":{"line":99,"column":null}}},"6":{"name":"(anonymous_16)","decl":{"start":{"line":105,"column":2},"end":{"line":105,"column":8}},"loc":{"start":{"line":105,"column":46},"end":{"line":107,"column":null}}},"7":{"name":"(anonymous_18)","decl":{"start":{"line":113,"column":2},"end":{"line":113,"column":8}},"loc":{"start":{"line":113,"column":38},"end":{"line":115,"column":null}}}},"branchMap":{"0":{"loc":{"start":{"line":7,"column":12},"end":{"line":7,"column":18}},"type":"binary-expr","locations":[{"start":{"line":7,"column":12},"end":{"line":7,"column":18}},{"start":{"line":7,"column":12},"end":{"line":7,"column":null}}]},"1":{"loc":{"start":{"line":57,"column":6},"end":{"line":61,"column":null}},"type":"if","locations":[{"start":{"line":57,"column":6},"end":{"line":61,"column":null}},{"start":{"line":57,"column":6},"end":{"line":61,"column":null}}]},"2":{"loc":{"start":{"line":72,"column":6},"end":{"line":74,"column":14}},"type":"switch","locations":[{"start":{"line":72,"column":6},"end":{"line":74,"column":14}}]},"3":{"loc":{"start":{"line":83,"column":6},"end":{"line":85,"column":14}},"type":"switch","locations":[{"start":{"line":83,"column":6},"end":{"line":85,"column":14}}]}},"s":{"0":1,"1":1,"2":1,"3":1,"4":1,"5":1,"6":1,"7":1,"8":1,"9":9,"10":9,"11":9,"12":9,"13":0,"14":1,"15":0,"16":0,"17":0,"18":9,"19":4,"20":4,"21":9,"22":9,"23":9,"24":9,"25":9,"26":0,"27":4,"28":1,"29":1,"30":1},"f":{"0":1,"1":1,"2":9,"3":0,"4":9,"5":9,"6":0,"7":4},"b":{"0":[1,1],"1":[9,0],"2":[0],"3":[4]}}
,"/home/fabien/www/deflow/src/lib/Step.ts": {"path":"/home/fabien/www/deflow/src/lib/Step.ts","statementMap":{"0":{"start":{"line":1,"column":0},"end":{"line":1,"column":26}},"1":{"start":{"line":2,"column":0},"end":{"line":2,"column":38}},"2":{"start":{"line":3,"column":0},"end":{"line":3,"column":30}},"3":{"start":{"line":5,"column":0},"end":{"line":5,"column":40}},"4":{"start":{"line":6,"column":0},"end":{"line":6,"column":34}},"5":{"start":{"line":7,"column":0},"end":{"line":7,"column":59}},"6":{"start":{"line":9,"column":0},"end":{"line":9,"column":29}},"7":{"start":{"line":11,"column":14},"end":{"line":11,"column":34}},"8":{"start":{"line":72,"column":40},"end":{"line":77,"column":2}},"9":{"start":{"line":92,"column":9},"end":{"line":92,"column":38}},"10":{"start":{"line":98,"column":2},"end":{"line":98,"column":22}},"11":{"start":{"line":100,"column":2},"end":{"line":100,"column":33}},"12":{"start":{"line":106,"column":4},"end":{"line":106,"column":22}},"13":{"start":{"line":107,"column":4},"end":{"line":107,"column":26}},"14":{"start":{"line":108,"column":4},"end":{"line":108,"column":28}},"15":{"start":{"line":109,"column":4},"end":{"line":109,"column":26}},"16":{"start":{"line":111,"column":4},"end":{"line":111,"column":30}},"17":{"start":{"line":112,"column":4},"end":{"line":112,"column":34}},"18":{"start":{"line":114,"column":4},"end":{"line":114,"column":36}},"19":{"start":{"line":115,"column":4},"end":{"line":115,"column":32}},"20":{"start":{"line":117,"column":4},"end":{"line":117,"column":38}},"21":{"start":{"line":118,"column":4},"end":{"line":118,"column":24}},"22":{"start":{"line":119,"column":4},"end":{"line":119,"column":36}},"23":{"start":{"line":127,"column":15},"end":{"line":127,"column":25}},"24":{"start":{"line":128,"column":16},"end":{"line":128,"column":47}},"25":{"start":{"line":130,"column":18},"end":{"line":130,"column":36}},"26":{"start":{"line":133,"column":21},"end":{"line":133,"column":60}},"27":{"start":{"line":134,"column":4},"end":{"line":136,"column":null}},"28":{"start":{"line":135,"column":6},"end":{"line":135,"column":38}},"29":{"start":{"line":138,"column":4},"end":{"line":140,"column":null}},"30":{"start":{"line":139,"column":6},"end":{"line":139,"column":52}},"31":{"start":{"line":142,"column":4},"end":{"line":144,"column":null}},"32":{"start":{"line":143,"column":6},"end":{"line":143,"column":55}},"33":{"start":{"line":146,"column":4},"end":{"line":148,"column":null}},"34":{"start":{"line":147,"column":6},"end":{"line":147,"column":48}},"35":{"start":{"line":151,"column":39},"end":{"line":151,"column":72}},"36":{"start":{"line":153,"column":4},"end":{"line":179,"column":null}},"37":{"start":{"line":154,"column":6},"end":{"line":164,"column":null}},"38":{"start":{"line":155,"column":8},"end":{"line":163,"column":11}},"39":{"start":{"line":166,"column":6},"end":{"line":176,"column":null}},"40":{"start":{"line":167,"column":8},"end":{"line":175,"column":11}},"41":{"start":{"line":178,"column":6},"end":{"line":178,"column":31}},"42":{"start":{"line":181,"column":17},"end":{"line":181,"column":47}},"43":{"start":{"line":182,"column":25},"end":{"line":194,"column":6}},"44":{"start":{"line":196,"column":4},"end":{"line":196,"column":32}},"45":{"start":{"line":198,"column":4},"end":{"line":200,"column":null}},"46":{"start":{"line":199,"column":6},"end":{"line":199,"column":46}},"47":{"start":{"line":207,"column":4},"end":{"line":207,"column":24}},"48":{"start":{"line":215,"column":19},"end":{"line":215,"column":39}},"49":{"start":{"line":216,"column":4},"end":{"line":225,"column":7}},"50":{"start":{"line":217,"column":6},"end":{"line":224,"column":9}},"51":{"start":{"line":218,"column":8},"end":{"line":220,"column":null}},"52":{"start":{"line":219,"column":10},"end":{"line":219,"column":57}},"53":{"start":{"line":221,"column":35},"end":{"line":221,"column":50}},"54":{"start":{"line":222,"column":21},"end":{"line":222,"column":39}},"55":{"start":{"line":223,"column":8},"end":{"line":223,"column":29}},"56":{"start":{"line":233,"column":4},"end":{"line":233,"column":31}},"57":{"start":{"line":234,"column":17},"end":{"line":234,"column":45}},"58":{"start":{"line":235,"column":4},"end":{"line":235,"column":30}},"59":{"start":{"line":243,"column":37},"end":{"line":243,"column":43}},"60":{"start":{"line":244,"column":15},"end":{"line":244,"column":24}},"61":{"start":{"line":245,"column":4},"end":{"line":247,"column":null}},"62":{"start":{"line":246,"column":6},"end":{"line":246,"column":34}},"63":{"start":{"line":249,"column":16},"end":{"line":249,"column":36}},"64":{"start":{"line":252,"column":4},"end":{"line":254,"column":null}},"65":{"start":{"line":253,"column":6},"end":{"line":253,"column":60}},"66":{"start":{"line":256,"column":17},"end":{"line":256,"column":49}},"67":{"start":{"line":258,"column":17},"end":{"line":267,"column":6}},"68":{"start":{"line":269,"column":4},"end":{"line":269,"column":27}},"69":{"start":{"line":271,"column":4},"end":{"line":271,"column":16}},"70":{"start":{"line":278,"column":16},"end":{"line":278,"column":30}},"71":{"start":{"line":279,"column":4},"end":{"line":283,"column":26}},"72":{"start":{"line":279,"column":74},"end":{"line":283,"column":7}},"73":{"start":{"line":280,"column":6},"end":{"line":280,"column":17}},"74":{"start":{"line":281,"column":6},"end":{"line":281,"column":17}},"75":{"start":{"line":282,"column":6},"end":{"line":282,"column":95}},"76":{"start":{"line":285,"column":4},"end":{"line":285,"column":27}},"77":{"start":{"line":286,"column":4},"end":{"line":286,"column":26}},"78":{"start":{"line":295,"column":4},"end":{"line":295,"column":31}},"79":{"start":{"line":296,"column":4},"end":{"line":296,"column":44}},"80":{"start":{"line":298,"column":15},"end":{"line":298,"column":37}},"81":{"start":{"line":299,"column":4},"end":{"line":301,"column":null}},"82":{"start":{"line":300,"column":6},"end":{"line":300,"column":33}},"83":{"start":{"line":303,"column":4},"end":{"line":303,"column":28}},"84":{"start":{"line":310,"column":4},"end":{"line":310,"column":38}},"85":{"start":{"line":317,"column":4},"end":{"line":317,"column":25}},"86":{"start":{"line":319,"column":4},"end":{"line":342,"column":7}},"87":{"start":{"line":320,"column":18},"end":{"line":320,"column":34}},"88":{"start":{"line":322,"column":6},"end":{"line":341,"column":8}},"89":{"start":{"line":326,"column":10},"end":{"line":328,"column":null}},"90":{"start":{"line":327,"column":12},"end":{"line":327,"column":38}},"91":{"start":{"line":330,"column":23},"end":{"line":333,"column":48}},"92":{"start":{"line":332,"column":26},"end":{"line":332,"column":41}},"93":{"start":{"line":333,"column":35},"end":{"line":333,"column":47}},"94":{"start":{"line":335,"column":10},"end":{"line":337,"column":null}},"95":{"start":{"line":336,"column":12},"end":{"line":336,"column":38}},"96":{"start":{"line":339,"column":10},"end":{"line":339,"column":41}},"97":{"start":{"line":349,"column":4},"end":{"line":366,"column":7}},"98":{"start":{"line":350,"column":6},"end":{"line":365,"column":9}},"99":{"start":{"line":351,"column":8},"end":{"line":353,"column":null}},"100":{"start":{"line":352,"column":10},"end":{"line":352,"column":61}},"101":{"start":{"line":355,"column":22},"end":{"line":355,"column":25}},"102":{"start":{"line":356,"column":8},"end":{"line":358,"column":null}},"103":{"start":{"line":357,"column":10},"end":{"line":357,"column":64}},"104":{"start":{"line":360,"column":8},"end":{"line":364,"column":11}},"105":{"start":{"line":374,"column":4},"end":{"line":374,"column":36}},"106":{"start":{"line":376,"column":18},"end":{"line":376,"column":19}},"107":{"start":{"line":377,"column":21},"end":{"line":377,"column":23}},"108":{"start":{"line":378,"column":4},"end":{"line":381,"column":null}},"109":{"start":{"line":379,"column":6},"end":{"line":379,"column":28}},"110":{"start":{"line":380,"column":6},"end":{"line":380,"column":47}},"111":{"start":{"line":383,"column":4},"end":{"line":383,"column":32}},"112":{"start":{"line":386,"column":4},"end":{"line":386,"column":26}},"113":{"start":{"line":451,"column":4},"end":{"line":468,"column":null}},"114":{"start":{"line":452,"column":6},"end":{"line":454,"column":null}},"115":{"start":{"line":453,"column":8},"end":{"line":453,"column":25}},"116":{"start":{"line":456,"column":23},"end":{"line":456,"column":50}},"117":{"start":{"line":457,"column":34},"end":{"line":457,"column":75}},"118":{"start":{"line":457,"column":40},"end":{"line":457,"column":53}},"119":{"start":{"line":457,"column":65},"end":{"line":457,"column":74}},"120":{"start":{"line":458,"column":6},"end":{"line":462,"column":null}},"121":{"start":{"line":459,"column":8},"end":{"line":461,"column":10}},"122":{"start":{"line":464,"column":6},"end":{"line":464,"column":40}},"123":{"start":{"line":466,"column":6},"end":{"line":466,"column":31}},"124":{"start":{"line":467,"column":6},"end":{"line":467,"column":14}},"125":{"start":{"line":744,"column":4},"end":{"line":756,"column":6}},"126":{"start":{"line":82,"column":0},"end":{"line":82,"column":21}},"127":{"start":{"line":393,"column":46},"end":{"line":393,"column":58}},"128":{"start":{"line":395,"column":17},"end":{"line":395,"column":40}},"129":{"start":{"line":396,"column":4},"end":{"line":398,"column":null}},"130":{"start":{"line":397,"column":6},"end":{"line":397,"column":31}},"131":{"start":{"line":401,"column":18},"end":{"line":401,"column":38}},"132":{"start":{"line":402,"column":57},"end":{"line":402,"column":89}},"133":{"start":{"line":403,"column":4},"end":{"line":406,"column":null}},"134":{"start":{"line":405,"column":6},"end":{"line":405,"column":46}},"135":{"start":{"line":408,"column":4},"end":{"line":408,"column":60}},"136":{"start":{"line":409,"column":4},"end":{"line":409,"column":85}},"137":{"start":{"line":412,"column":15},"end":{"line":412,"column":34}},"138":{"start":{"line":413,"column":4},"end":{"line":427,"column":null}},"139":{"start":{"line":414,"column":6},"end":{"line":414,"column":53}},"140":{"start":{"line":416,"column":20},"end":{"line":416,"column":60}},"141":{"start":{"line":417,"column":6},"end":{"line":417,"column":33}},"142":{"start":{"line":418,"column":6},"end":{"line":418,"column":46}},"143":{"start":{"line":421,"column":6},"end":{"line":423,"column":null}},"144":{"start":{"line":422,"column":8},"end":{"line":422,"column":38}},"145":{"start":{"line":425,"column":6},"end":{"line":425,"column":49}},"146":{"start":{"line":426,"column":6},"end":{"line":426,"column":39}},"147":{"start":{"line":430,"column":17},"end":{"line":430,"column":37}},"148":{"start":{"line":431,"column":4},"end":{"line":431,"column":48}},"149":{"start":{"line":432,"column":4},"end":{"line":432,"column":78}},"150":{"start":{"line":435,"column":4},"end":{"line":440,"column":null}},"151":{"start":{"line":436,"column":25},"end":{"line":436,"column":46}},"152":{"start":{"line":437,"column":6},"end":{"line":439,"column":null}},"153":{"start":{"line":438,"column":8},"end":{"line":438,"column":43}},"154":{"start":{"line":442,"column":4},"end":{"line":442,"column":37}},"155":{"start":{"line":475,"column":4},"end":{"line":475,"column":39}},"156":{"start":{"line":482,"column":23},"end":{"line":482,"column":44}},"157":{"start":{"line":483,"column":4},"end":{"line":485,"column":null}},"158":{"start":{"line":484,"column":6},"end":{"line":484,"column":46}},"159":{"start":{"line":488,"column":45},"end":{"line":488,"column":47}},"160":{"start":{"line":491,"column":4},"end":{"line":493,"column":null}},"161":{"start":{"line":492,"column":6},"end":{"line":492,"column":51}},"162":{"start":{"line":496,"column":4},"end":{"line":506,"column":null}},"163":{"start":{"line":497,"column":19},"end":{"line":497,"column":45}},"164":{"start":{"line":498,"column":6},"end":{"line":498,"column":37}},"165":{"start":{"line":499,"column":11},"end":{"line":506,"column":null}},"166":{"start":{"line":500,"column":19},"end":{"line":500,"column":45}},"167":{"start":{"line":501,"column":6},"end":{"line":501,"column":38}},"168":{"start":{"line":502,"column":11},"end":{"line":506,"column":null}},"169":{"start":{"line":503,"column":6},"end":{"line":503,"column":42}},"170":{"start":{"line":505,"column":6},"end":{"line":505,"column":71}},"171":{"start":{"line":508,"column":4},"end":{"line":508,"column":26}},"172":{"start":{"line":511,"column":4},"end":{"line":515,"column":7}},"173":{"start":{"line":512,"column":6},"end":{"line":514,"column":37}},"174":{"start":{"line":513,"column":23},"end":{"line":513,"column":35}},"175":{"start":{"line":514,"column":24},"end":{"line":514,"column":35}},"176":{"start":{"line":522,"column":4},"end":{"line":526,"column":null}},"177":{"start":{"line":523,"column":6},"end":{"line":523,"column":43}},"178":{"start":{"line":525,"column":6},"end":{"line":525,"column":18}},"179":{"start":{"line":535,"column":23},"end":{"line":535,"column":56}},"180":{"start":{"line":536,"column":4},"end":{"line":538,"column":null}},"181":{"start":{"line":537,"column":6},"end":{"line":537,"column":47}},"182":{"start":{"line":545,"column":28},"end":{"line":545,"column":40}},"183":{"start":{"line":546,"column":4},"end":{"line":548,"column":7}},"184":{"start":{"line":547,"column":6},"end":{"line":547,"column":78}},"185":{"start":{"line":547,"column":23},"end":{"line":547,"column":63}},"186":{"start":{"line":555,"column":35},"end":{"line":555,"column":47}},"187":{"start":{"line":556,"column":4},"end":{"line":558,"column":null}},"188":{"start":{"line":557,"column":6},"end":{"line":557,"column":31}},"189":{"start":{"line":559,"column":4},"end":{"line":559,"column":79}},"190":{"start":{"line":559,"column":36},"end":{"line":559,"column":77}},"191":{"start":{"line":559,"column":53},"end":{"line":559,"column":56}},"192":{"start":{"line":566,"column":4},"end":{"line":566,"column":20}},"193":{"start":{"line":568,"column":4},"end":{"line":588,"column":7}},"194":{"start":{"line":568,"column":95},"end":{"line":588,"column":6}},"195":{"start":{"line":569,"column":6},"end":{"line":571,"column":null}},"196":{"start":{"line":570,"column":8},"end":{"line":570,"column":94}},"197":{"start":{"line":573,"column":6},"end":{"line":587,"column":null}},"198":{"start":{"line":575,"column":22},"end":{"line":575,"column":53}},"199":{"start":{"line":575,"column":39},"end":{"line":575,"column":52}},"200":{"start":{"line":576,"column":35},"end":{"line":576,"column":70}},"201":{"start":{"line":576,"column":53},"end":{"line":576,"column":69}},"202":{"start":{"line":578,"column":8},"end":{"line":580,"column":null}},"203":{"start":{"line":579,"column":10},"end":{"line":579,"column":72}},"204":{"start":{"line":582,"column":24},"end":{"line":582,"column":48}},"205":{"start":{"line":583,"column":8},"end":{"line":586,"column":null}},"206":{"start":{"line":585,"column":10},"end":{"line":585,"column":54}},"207":{"start":{"line":595,"column":4},"end":{"line":595,"column":26}},"208":{"start":{"line":597,"column":4},"end":{"line":610,"column":7}},"209":{"start":{"line":598,"column":6},"end":{"line":609,"column":9}},"210":{"start":{"line":599,"column":8},"end":{"line":602,"column":null}},"211":{"start":{"line":600,"column":10},"end":{"line":600,"column":61}},"212":{"start":{"line":601,"column":10},"end":{"line":601,"column":32}},"213":{"start":{"line":604,"column":8},"end":{"line":604,"column":41}},"214":{"start":{"line":605,"column":8},"end":{"line":608,"column":11}},"215":{"start":{"line":606,"column":10},"end":{"line":606,"column":85}},"216":{"start":{"line":607,"column":10},"end":{"line":607,"column":31}},"217":{"start":{"line":617,"column":4},"end":{"line":630,"column":7}},"218":{"start":{"line":618,"column":6},"end":{"line":629,"column":9}},"219":{"start":{"line":619,"column":8},"end":{"line":621,"column":null}},"220":{"start":{"line":620,"column":10},"end":{"line":620,"column":29}},"221":{"start":{"line":622,"column":8},"end":{"line":624,"column":null}},"222":{"start":{"line":623,"column":10},"end":{"line":623,"column":31}},"223":{"start":{"line":626,"column":35},"end":{"line":626,"column":50}},"224":{"start":{"line":627,"column":21},"end":{"line":627,"column":39}},"225":{"start":{"line":628,"column":8},"end":{"line":628,"column":29}},"226":{"start":{"line":640,"column":4},"end":{"line":658,"column":7}},"227":{"start":{"line":641,"column":6},"end":{"line":657,"column":9}},"228":{"start":{"line":642,"column":8},"end":{"line":644,"column":null}},"229":{"start":{"line":643,"column":10},"end":{"line":643,"column":29}},"230":{"start":{"line":646,"column":8},"end":{"line":656,"column":null}},"231":{"start":{"line":647,"column":32},"end":{"line":650,"column":16}},"232":{"start":{"line":648,"column":12},"end":{"line":648,"column":44}},"233":{"start":{"line":649,"column":12},"end":{"line":649,"column":21}},"234":{"start":{"line":652,"column":10},"end":{"line":652,"column":34}},"235":{"start":{"line":653,"column":10},"end":{"line":653,"column":69}},"236":{"start":{"line":655,"column":10},"end":{"line":655,"column":30}},"237":{"start":{"line":665,"column":19},"end":{"line":665,"column":39}},"238":{"start":{"line":667,"column":15},"end":{"line":667,"column":51}},"239":{"start":{"line":669,"column":21},"end":{"line":677,"column":6}},"240":{"start":{"line":670,"column":19},"end":{"line":670,"column":39}},"241":{"start":{"line":671,"column":6},"end":{"line":676,"column":9}},"242":{"start":{"line":672,"column":8},"end":{"line":674,"column":null}},"243":{"start":{"line":673,"column":10},"end":{"line":673,"column":29}},"244":{"start":{"line":675,"column":8},"end":{"line":675,"column":40}},"245":{"start":{"line":679,"column":22},"end":{"line":686,"column":6}},"246":{"start":{"line":680,"column":6},"end":{"line":685,"column":9}},"247":{"start":{"line":681,"column":8},"end":{"line":683,"column":null}},"248":{"start":{"line":682,"column":10},"end":{"line":682,"column":29}},"249":{"start":{"line":684,"column":8},"end":{"line":684,"column":33}},"250":{"start":{"line":688,"column":4},"end":{"line":688,"column":46}},"251":{"start":{"line":695,"column":15},"end":{"line":695,"column":51}},"252":{"start":{"line":696,"column":17},"end":{"line":696,"column":37}},"253":{"start":{"line":697,"column":4},"end":{"line":697,"column":44}},"254":{"start":{"line":704,"column":4},"end":{"line":704,"column":43}},"255":{"start":{"line":711,"column":4},"end":{"line":711,"column":40}},"256":{"start":{"line":718,"column":4},"end":{"line":718,"column":48}},"257":{"start":{"line":725,"column":4},"end":{"line":725,"column":53}},"258":{"start":{"line":732,"column":4},"end":{"line":737,"column":27}}},"fnMap":{"0":{"name":"(anonymous_15)","decl":{"start":{"line":105,"column":2},"end":{"line":105,"column":14}},"loc":{"start":{"line":105,"column":32},"end":{"line":120,"column":3}}},"1":{"name":"(anonymous_16)","decl":{"start":{"line":126,"column":2},"end":{"line":126,"column":8}},"loc":{"start":{"line":126,"column":38},"end":{"line":208,"column":null}}},"2":{"name":"(anonymous_18)","decl":{"start":{"line":214,"column":9},"end":{"line":214,"column":15}},"loc":{"start":{"line":214,"column":42},"end":{"line":226,"column":null}}},"3":{"name":"(anonymous_20)","decl":{"start":{"line":216,"column":23},"end":{"line":216,"column":24}},"loc":{"start":{"line":216,"column":43},"end":{"line":225,"column":5}}},"4":{"name":"(anonymous_21)","decl":{"start":{"line":217,"column":29},"end":{"line":217,"column":30}},"loc":{"start":{"line":217,"column":42},"end":{"line":224,"column":7}}},"5":{"name":"(anonymous_22)","decl":{"start":{"line":232,"column":2},"end":{"line":232,"column":8}},"loc":{"start":{"line":232,"column":39},"end":{"line":236,"column":null}}},"6":{"name":"(anonymous_24)","decl":{"start":{"line":242,"column":15},"end":{"line":242,"column":23}},"loc":{"start":{"line":242,"column":65},"end":{"line":272,"column":null}}},"7":{"name":"(anonymous_26)","decl":{"start":{"line":277,"column":15},"end":{"line":277,"column":23}},"loc":{"start":{"line":277,"column":35},"end":{"line":287,"column":null}}},"8":{"name":"(anonymous_28)","decl":{"start":{"line":279,"column":23},"end":{"line":279,"column":30}},"loc":{"start":{"line":279,"column":74},"end":{"line":283,"column":7}}},"9":{"name":"(anonymous_29)","decl":{"start":{"line":279,"column":74},"end":{"line":279,"column":null}},"loc":{"start":{"line":279,"column":74},"end":{"line":283,"column":5}}},"10":{"name":"(anonymous_30)","decl":{"start":{"line":294,"column":8},"end":{"line":294,"column":16}},"loc":{"start":{"line":294,"column":41},"end":{"line":304,"column":null}}},"11":{"name":"(anonymous_32)","decl":{"start":{"line":309,"column":15},"end":{"line":309,"column":25}},"loc":{"start":{"line":309,"column":25},"end":{"line":311,"column":null}}},"12":{"name":"(anonymous_34)","decl":{"start":{"line":316,"column":15},"end":{"line":316,"column":26}},"loc":{"start":{"line":316,"column":26},"end":{"line":343,"column":null}}},"13":{"name":"(anonymous_36)","decl":{"start":{"line":319,"column":23},"end":{"line":319,"column":24}},"loc":{"start":{"line":319,"column":35},"end":{"line":342,"column":5}}},"14":{"name":"(anonymous_37)","decl":{"start":{"line":325,"column":8},"end":{"line":325,"column":9}},"loc":{"start":{"line":325,"column":33},"end":{"line":340,"column":9}}},"15":{"name":"(anonymous_38)","decl":{"start":{"line":332,"column":17},"end":{"line":332,"column":18}},"loc":{"start":{"line":332,"column":26},"end":{"line":332,"column":41}}},"16":{"name":"(anonymous_39)","decl":{"start":{"line":333,"column":18},"end":{"line":333,"column":19}},"loc":{"start":{"line":333,"column":35},"end":{"line":333,"column":47}}},"17":{"name":"(anonymous_40)","decl":{"start":{"line":348,"column":15},"end":{"line":348,"column":26}},"loc":{"start":{"line":348,"column":26},"end":{"line":367,"column":null}}},"18":{"name":"(anonymous_42)","decl":{"start":{"line":349,"column":23},"end":{"line":349,"column":24}},"loc":{"start":{"line":349,"column":35},"end":{"line":366,"column":5}}},"19":{"name":"(anonymous_43)","decl":{"start":{"line":350,"column":52},"end":{"line":350,"column":53}},"loc":{"start":{"line":350,"column":67},"end":{"line":365,"column":7}}},"20":{"name":"(anonymous_44)","decl":{"start":{"line":373,"column":15},"end":{"line":373,"column":26}},"loc":{"start":{"line":373,"column":26},"end":{"line":387,"column":null}}},"21":{"name":"(anonymous_46)","decl":{"start":{"line":448,"column":2},"end":{"line":448,"column":8}},"loc":{"start":{"line":449,"column":30},"end":{"line":469,"column":null}}},"22":{"name":"(anonymous_48)","decl":{"start":{"line":457,"column":40},"end":{"line":457,"column":47}},"loc":{"start":{"line":457,"column":40},"end":{"line":457,"column":53}}},"23":{"name":"(anonymous_49)","decl":{"start":{"line":457,"column":58},"end":{"line":457,"column":59}},"loc":{"start":{"line":457,"column":65},"end":{"line":457,"column":74}}},"24":{"name":"(anonymous_50)","decl":{"start":{"line":743,"column":2},"end":{"line":743,"column":8}},"loc":{"start":{"line":743,"column":8},"end":{"line":757,"column":3}}},"25":{"name":"(anonymous_57)","decl":{"start":{"line":511,"column":23},"end":{"line":511,"column":24}},"loc":{"start":{"line":511,"column":43},"end":{"line":515,"column":5}}},"26":{"name":"(anonymous_58)","decl":{"start":{"line":513,"column":14},"end":{"line":513,"column":15}},"loc":{"start":{"line":513,"column":23},"end":{"line":513,"column":35}}},"27":{"name":"(anonymous_59)","decl":{"start":{"line":514,"column":15},"end":{"line":514,"column":16}},"loc":{"start":{"line":514,"column":24},"end":{"line":514,"column":35}}},"28":{"name":"(anonymous_66)","decl":{"start":{"line":546,"column":23},"end":{"line":546,"column":24}},"loc":{"start":{"line":546,"column":43},"end":{"line":548,"column":5}}},"29":{"name":"(anonymous_67)","decl":{"start":{"line":547,"column":17},"end":{"line":547,"column":20}},"loc":{"start":{"line":547,"column":23},"end":{"line":547,"column":63}}},"30":{"name":"(anonymous_70)","decl":{"start":{"line":559,"column":29},"end":{"line":559,"column":30}},"loc":{"start":{"line":559,"column":36},"end":{"line":559,"column":77}}},"31":{"name":"(anonymous_71)","decl":{"start":{"line":559,"column":47},"end":{"line":559,"column":50}},"loc":{"start":{"line":559,"column":53},"end":{"line":559,"column":56}}},"32":{"name":"(anonymous_74)","decl":{"start":{"line":568,"column":74},"end":{"line":568,"column":81}},"loc":{"start":{"line":568,"column":95},"end":{"line":588,"column":6}}},"33":{"name":"(anonymous_75)","decl":{"start":{"line":568,"column":95},"end":{"line":568,"column":null}},"loc":{"start":{"line":568,"column":95},"end":{"line":588,"column":5}}},"34":{"name":"(anonymous_76)","decl":{"start":{"line":575,"column":32},"end":{"line":575,"column":33}},"loc":{"start":{"line":575,"column":39},"end":{"line":575,"column":52}}},"35":{"name":"(anonymous_77)","decl":{"start":{"line":576,"column":46},"end":{"line":576,"column":47}},"loc":{"start":{"line":576,"column":53},"end":{"line":576,"column":69}}},"36":{"name":"(anonymous_80)","decl":{"start":{"line":597,"column":23},"end":{"line":597,"column":24}},"loc":{"start":{"line":597,"column":35},"end":{"line":610,"column":5}}},"37":{"name":"(anonymous_81)","decl":{"start":{"line":598,"column":52},"end":{"line":598,"column":53}},"loc":{"start":{"line":598,"column":67},"end":{"line":609,"column":7}}},"38":{"name":"(anonymous_82)","decl":{"start":{"line":605,"column":81},"end":{"line":605,"column":84}},"loc":{"start":{"line":605,"column":86},"end":{"line":608,"column":9}}},"39":{"name":"(anonymous_85)","decl":{"start":{"line":617,"column":23},"end":{"line":617,"column":24}},"loc":{"start":{"line":617,"column":43},"end":{"line":630,"column":5}}},"40":{"name":"(anonymous_86)","decl":{"start":{"line":618,"column":55},"end":{"line":618,"column":56}},"loc":{"start":{"line":618,"column":68},"end":{"line":629,"column":7}}},"41":{"name":"(anonymous_89)","decl":{"start":{"line":640,"column":23},"end":{"line":640,"column":24}},"loc":{"start":{"line":640,"column":43},"end":{"line":658,"column":5}}},"42":{"name":"(anonymous_90)","decl":{"start":{"line":641,"column":67},"end":{"line":641,"column":68}},"loc":{"start":{"line":641,"column":82},"end":{"line":657,"column":7}}},"43":{"name":"(anonymous_91)","decl":{"start":{"line":647,"column":45},"end":{"line":647,"column":46}},"loc":{"start":{"line":647,"column":64},"end":{"line":650,"column":11}}},"44":{"name":"(anonymous_94)","decl":{"start":{"line":669,"column":42},"end":{"line":669,"column":43}},"loc":{"start":{"line":669,"column":62},"end":{"line":677,"column":5}}},"45":{"name":"(anonymous_95)","decl":{"start":{"line":671,"column":34},"end":{"line":671,"column":35}},"loc":{"start":{"line":671,"column":50},"end":{"line":676,"column":7}}},"46":{"name":"(anonymous_96)","decl":{"start":{"line":679,"column":43},"end":{"line":679,"column":44}},"loc":{"start":{"line":679,"column":63},"end":{"line":686,"column":5}}},"47":{"name":"(anonymous_97)","decl":{"start":{"line":680,"column":71},"end":{"line":680,"column":72}},"loc":{"start":{"line":680,"column":87},"end":{"line":685,"column":7}}},"48":{"name":"_Step_taskDoneQueue_get","decl":{"start":{"line":705,"column":3},"end":{"line":705,"column":null}},"loc":{"start":{"line":705,"column":3},"end":{"line":712,"column":3}}},"49":{"name":"_Step_list_get","decl":{"start":{"line":712,"column":3},"end":{"line":712,"column":null}},"loc":{"start":{"line":712,"column":3},"end":{"line":719,"column":3}}},"50":{"name":"_Step_doneList_get","decl":{"start":{"line":719,"column":3},"end":{"line":719,"column":null}},"loc":{"start":{"line":719,"column":3},"end":{"line":726,"column":3}}},"51":{"name":"_Step_toJSONListItem_get","decl":{"start":{"line":726,"column":3},"end":{"line":726,"column":null}},"loc":{"start":{"line":726,"column":3},"end":{"line":738,"column":3}}}},"branchMap":{"0":{"loc":{"start":{"line":134,"column":4},"end":{"line":136,"column":null}},"type":"if","locations":[{"start":{"line":134,"column":4},"end":{"line":136,"column":null}},{"start":{"line":134,"column":4},"end":{"line":136,"column":null}}]},"1":{"loc":{"start":{"line":138,"column":4},"end":{"line":140,"column":null}},"type":"if","locations":[{"start":{"line":138,"column":4},"end":{"line":140,"column":null}},{"start":{"line":138,"column":4},"end":{"line":140,"column":null}}]},"2":{"loc":{"start":{"line":142,"column":4},"end":{"line":144,"column":null}},"type":"if","locations":[{"start":{"line":142,"column":4},"end":{"line":144,"column":null}},{"start":{"line":142,"column":4},"end":{"line":144,"column":null}}]},"3":{"loc":{"start":{"line":146,"column":4},"end":{"line":148,"column":null}},"type":"if","locations":[{"start":{"line":146,"column":4},"end":{"line":148,"column":null}},{"start":{"line":146,"column":4},"end":{"line":148,"column":null}}]},"4":{"loc":{"start":{"line":153,"column":4},"end":{"line":179,"column":null}},"type":"if","locations":[{"start":{"line":153,"column":4},"end":{"line":179,"column":null}},{"start":{"line":153,"column":4},"end":{"line":179,"column":null}}]},"5":{"loc":{"start":{"line":154,"column":6},"end":{"line":164,"column":null}},"type":"if","locations":[{"start":{"line":154,"column":6},"end":{"line":164,"column":null}},{"start":{"line":154,"column":6},"end":{"line":164,"column":null}}]},"6":{"loc":{"start":{"line":166,"column":6},"end":{"line":176,"column":null}},"type":"if","locations":[{"start":{"line":166,"column":6},"end":{"line":176,"column":null}},{"start":{"line":166,"column":6},"end":{"line":176,"column":null}}]},"7":{"loc":{"start":{"line":181,"column":25},"end":{"line":181,"column":34}},"type":"binary-expr","locations":[{"start":{"line":181,"column":25},"end":{"line":181,"column":34}},{"start":{"line":181,"column":38},"end":{"line":181,"column":46}}]},"8":{"loc":{"start":{"line":198,"column":4},"end":{"line":200,"column":null}},"type":"if","locations":[{"start":{"line":198,"column":4},"end":{"line":200,"column":null}},{"start":{"line":198,"column":4},"end":{"line":200,"column":null}}]},"9":{"loc":{"start":{"line":218,"column":8},"end":{"line":220,"column":null}},"type":"if","locations":[{"start":{"line":218,"column":8},"end":{"line":220,"column":null}},{"start":{"line":218,"column":8},"end":{"line":220,"column":null}}]},"10":{"loc":{"start":{"line":218,"column":12},"end":{"line":218,"column":15}},"type":"binary-expr","locations":[{"start":{"line":218,"column":12},"end":{"line":218,"column":15}},{"start":{"line":218,"column":19},"end":{"line":218,"column":23}}]},"11":{"loc":{"start":{"line":219,"column":24},"end":{"line":219,"column":36}},"type":"binary-expr","locations":[{"start":{"line":219,"column":24},"end":{"line":219,"column":36}},{"start":{"line":219,"column":40},"end":{"line":219,"column":55}}]},"12":{"loc":{"start":{"line":219,"column":27},"end":{"line":219,"column":29}},"type":"cond-expr","locations":[{"start":{"line":219,"column":27},"end":{"line":219,"column":29}},{"start":{"line":219,"column":24},"end":{"line":219,"column":36}}]},"13":{"loc":{"start":{"line":219,"column":24},"end":{"line":219,"column":29}},"type":"binary-expr","locations":[{"start":{"line":219,"column":24},"end":{"line":219,"column":29}},{"start":{"line":219,"column":24},"end":{"line":219,"column":29}}]},"14":{"loc":{"start":{"line":245,"column":4},"end":{"line":247,"column":null}},"type":"if","locations":[{"start":{"line":245,"column":4},"end":{"line":247,"column":null}},{"start":{"line":245,"column":4},"end":{"line":247,"column":null}}]},"15":{"loc":{"start":{"line":245,"column":8},"end":{"line":245,"column":14}},"type":"binary-expr","locations":[{"start":{"line":245,"column":8},"end":{"line":245,"column":14}},{"start":{"line":245,"column":18},"end":{"line":245,"column":34}}]},"16":{"loc":{"start":{"line":252,"column":4},"end":{"line":254,"column":null}},"type":"if","locations":[{"start":{"line":252,"column":4},"end":{"line":254,"column":null}},{"start":{"line":252,"column":4},"end":{"line":254,"column":null}}]},"17":{"loc":{"start":{"line":299,"column":4},"end":{"line":301,"column":null}},"type":"if","locations":[{"start":{"line":299,"column":4},"end":{"line":301,"column":null}},{"start":{"line":299,"column":4},"end":{"line":301,"column":null}}]},"18":{"loc":{"start":{"line":326,"column":10},"end":{"line":328,"column":null}},"type":"if","locations":[{"start":{"line":326,"column":10},"end":{"line":328,"column":null}},{"start":{"line":326,"column":10},"end":{"line":328,"column":null}}]},"19":{"loc":{"start":{"line":335,"column":10},"end":{"line":337,"column":null}},"type":"if","locations":[{"start":{"line":335,"column":10},"end":{"line":337,"column":null}},{"start":{"line":335,"column":10},"end":{"line":337,"column":null}}]},"20":{"loc":{"start":{"line":351,"column":8},"end":{"line":353,"column":null}},"type":"if","locations":[{"start":{"line":351,"column":8},"end":{"line":353,"column":null}},{"start":{"line":351,"column":8},"end":{"line":353,"column":null}}]},"21":{"loc":{"start":{"line":356,"column":8},"end":{"line":358,"column":null}},"type":"if","locations":[{"start":{"line":356,"column":8},"end":{"line":358,"column":null}},{"start":{"line":356,"column":8},"end":{"line":358,"column":null}}]},"22":{"loc":{"start":{"line":452,"column":6},"end":{"line":454,"column":null}},"type":"if","locations":[{"start":{"line":452,"column":6},"end":{"line":454,"column":null}},{"start":{"line":452,"column":6},"end":{"line":454,"column":null}}]},"23":{"loc":{"start":{"line":456,"column":23},"end":{"line":456,"column":44}},"type":"binary-expr","locations":[{"start":{"line":456,"column":23},"end":{"line":456,"column":44}},{"start":{"line":456,"column":48},"end":{"line":456,"column":50}}]},"24":{"loc":{"start":{"line":458,"column":6},"end":{"line":462,"column":null}},"type":"if","locations":[{"start":{"line":458,"column":6},"end":{"line":462,"column":null}},{"start":{"line":458,"column":6},"end":{"line":462,"column":null}}]},"25":{"loc":{"start":{"line":458,"column":10},"end":{"line":458,"column":17}},"type":"binary-expr","locations":[{"start":{"line":458,"column":10},"end":{"line":458,"column":17}},{"start":{"line":458,"column":22},"end":{"line":458,"column":37}},{"start":{"line":458,"column":41},"end":{"line":458,"column":58}}]},"26":{"loc":{"start":{"line":396,"column":4},"end":{"line":398,"column":null}},"type":"if","locations":[{"start":{"line":396,"column":4},"end":{"line":398,"column":null}},{"start":{"line":396,"column":4},"end":{"line":398,"column":null}}]},"27":{"loc":{"start":{"line":403,"column":4},"end":{"line":406,"column":null}},"type":"if","locations":[{"start":{"line":403,"column":4},"end":{"line":406,"column":null}},{"start":{"line":403,"column":4},"end":{"line":406,"column":null}}]},"28":{"loc":{"start":{"line":416,"column":44},"end":{"line":416,"column":56}},"type":"cond-expr","locations":[{"start":{"line":416,"column":44},"end":{"line":416,"column":56}},{"start":{"line":416,"column":59},"end":{"line":416,"column":60}}]},"29":{"loc":{"start":{"line":421,"column":6},"end":{"line":423,"column":null}},"type":"if","locations":[{"start":{"line":421,"column":6},"end":{"line":423,"column":null}},{"start":{"line":421,"column":6},"end":{"line":423,"column":null}}]},"30":{"loc":{"start":{"line":435,"column":4},"end":{"line":440,"column":null}},"type":"if","locations":[{"start":{"line":435,"column":4},"end":{"line":440,"column":null}},{"start":{"line":435,"column":4},"end":{"line":440,"column":null}}]},"31":{"loc":{"start":{"line":437,"column":6},"end":{"line":439,"column":null}},"type":"if","locations":[{"start":{"line":437,"column":6},"end":{"line":439,"column":null}},{"start":{"line":437,"column":6},"end":{"line":439,"column":null}}]},"32":{"loc":{"start":{"line":437,"column":10},"end":{"line":437,"column":16}},"type":"binary-expr","locations":[{"start":{"line":437,"column":10},"end":{"line":437,"column":16}},{"start":{"line":437,"column":20},"end":{"line":437,"column":58}}]},"33":{"loc":{"start":{"line":483,"column":4},"end":{"line":485,"column":null}},"type":"if","locations":[{"start":{"line":483,"column":4},"end":{"line":485,"column":null}},{"start":{"line":483,"column":4},"end":{"line":485,"column":null}}]},"34":{"loc":{"start":{"line":491,"column":4},"end":{"line":493,"column":null}},"type":"if","locations":[{"start":{"line":491,"column":4},"end":{"line":493,"column":null}},{"start":{"line":491,"column":4},"end":{"line":493,"column":null}}]},"35":{"loc":{"start":{"line":496,"column":4},"end":{"line":506,"column":null}},"type":"if","locations":[{"start":{"line":496,"column":4},"end":{"line":506,"column":null}},{"start":{"line":496,"column":4},"end":{"line":506,"column":null}}]},"36":{"loc":{"start":{"line":496,"column":8},"end":{"line":496,"column":36}},"type":"binary-expr","locations":[{"start":{"line":496,"column":8},"end":{"line":496,"column":36}},{"start":{"line":496,"column":40},"end":{"line":496,"column":77}}]},"37":{"loc":{"start":{"line":499,"column":11},"end":{"line":506,"column":null}},"type":"if","locations":[{"start":{"line":499,"column":11},"end":{"line":506,"column":null}},{"start":{"line":499,"column":11},"end":{"line":506,"column":null}}]},"38":{"loc":{"start":{"line":499,"column":15},"end":{"line":499,"column":44}},"type":"binary-expr","locations":[{"start":{"line":499,"column":15},"end":{"line":499,"column":44}},{"start":{"line":499,"column":48},"end":{"line":499,"column":86}}]},"39":{"loc":{"start":{"line":502,"column":11},"end":{"line":506,"column":null}},"type":"if","locations":[{"start":{"line":502,"column":11},"end":{"line":506,"column":null}},{"start":{"line":502,"column":11},"end":{"line":506,"column":null}}]},"40":{"loc":{"start":{"line":522,"column":4},"end":{"line":526,"column":null}},"type":"if","locations":[{"start":{"line":522,"column":4},"end":{"line":526,"column":null}},{"start":{"line":522,"column":4},"end":{"line":526,"column":null}}]},"41":{"loc":{"start":{"line":536,"column":4},"end":{"line":538,"column":null}},"type":"if","locations":[{"start":{"line":536,"column":4},"end":{"line":538,"column":null}},{"start":{"line":536,"column":4},"end":{"line":538,"column":null}}]},"42":{"loc":{"start":{"line":556,"column":4},"end":{"line":558,"column":null}},"type":"if","locations":[{"start":{"line":556,"column":4},"end":{"line":558,"column":null}},{"start":{"line":556,"column":4},"end":{"line":558,"column":null}}]},"43":{"loc":{"start":{"line":569,"column":6},"end":{"line":571,"column":null}},"type":"if","locations":[{"start":{"line":569,"column":6},"end":{"line":571,"column":null}},{"start":{"line":569,"column":6},"end":{"line":571,"column":null}}]},"44":{"loc":{"start":{"line":573,"column":6},"end":{"line":587,"column":null}},"type":"if","locations":[{"start":{"line":573,"column":6},"end":{"line":587,"column":null}},{"start":{"line":573,"column":6},"end":{"line":587,"column":null}}]},"45":{"loc":{"start":{"line":578,"column":8},"end":{"line":580,"column":null}},"type":"if","locations":[{"start":{"line":578,"column":8},"end":{"line":580,"column":null}},{"start":{"line":578,"column":8},"end":{"line":580,"column":null}}]},"46":{"loc":{"start":{"line":583,"column":8},"end":{"line":586,"column":null}},"type":"if","locations":[{"start":{"line":583,"column":8},"end":{"line":586,"column":null}},{"start":{"line":583,"column":8},"end":{"line":586,"column":null}}]},"47":{"loc":{"start":{"line":599,"column":8},"end":{"line":602,"column":null}},"type":"if","locations":[{"start":{"line":599,"column":8},"end":{"line":602,"column":null}},{"start":{"line":599,"column":8},"end":{"line":602,"column":null}}]},"48":{"loc":{"start":{"line":619,"column":8},"end":{"line":621,"column":null}},"type":"if","locations":[{"start":{"line":619,"column":8},"end":{"line":621,"column":null}},{"start":{"line":619,"column":8},"end":{"line":621,"column":null}}]},"49":{"loc":{"start":{"line":622,"column":8},"end":{"line":624,"column":null}},"type":"if","locations":[{"start":{"line":622,"column":8},"end":{"line":624,"column":null}},{"start":{"line":622,"column":8},"end":{"line":624,"column":null}}]},"50":{"loc":{"start":{"line":639,"column":65},"end":{"line":639,"column":67}},"type":"default-arg","locations":[{"start":{"line":639,"column":65},"end":{"line":639,"column":67}}]},"51":{"loc":{"start":{"line":642,"column":8},"end":{"line":644,"column":null}},"type":"if","locations":[{"start":{"line":642,"column":8},"end":{"line":644,"column":null}},{"start":{"line":642,"column":8},"end":{"line":644,"column":null}}]},"52":{"loc":{"start":{"line":646,"column":8},"end":{"line":656,"column":null}},"type":"if","locations":[{"start":{"line":646,"column":8},"end":{"line":656,"column":null}},{"start":{"line":646,"column":8},"end":{"line":656,"column":null}}]},"53":{"loc":{"start":{"line":646,"column":12},"end":{"line":646,"column":17}},"type":"binary-expr","locations":[{"start":{"line":646,"column":12},"end":{"line":646,"column":17}},{"start":{"line":646,"column":21},"end":{"line":646,"column":37}}]},"54":{"loc":{"start":{"line":672,"column":8},"end":{"line":674,"column":null}},"type":"if","locations":[{"start":{"line":672,"column":8},"end":{"line":674,"column":null}},{"start":{"line":672,"column":8},"end":{"line":674,"column":null}}]},"55":{"loc":{"start":{"line":681,"column":8},"end":{"line":683,"column":null}},"type":"if","locations":[{"start":{"line":681,"column":8},"end":{"line":683,"column":null}},{"start":{"line":681,"column":8},"end":{"line":683,"column":null}}]}},"s":{"0":1,"1":1,"2":1,"3":1,"4":1,"5":1,"6":1,"7":1,"8":1,"9":10,"10":10,"11":10,"12":10,"13":10,"14":10,"15":10,"16":10,"17":10,"18":10,"19":10,"20":10,"21":10,"22":10,"23":5,"24":5,"25":5,"26":5,"27":5,"28":0,"29":5,"30":5,"31":5,"32":0,"33":5,"34":0,"35":5,"36":5,"37":5,"38":0,"39":5,"40":0,"41":5,"42":5,"43":5,"44":5,"45":5,"46":2,"47":5,"48":5,"49":5,"50":5,"51":5,"52":0,"53":5,"54":5,"55":5,"56":0,"57":0,"58":0,"59":0,"60":0,"61":0,"62":0,"63":0,"64":0,"65":0,"66":0,"67":0,"68":0,"69":0,"70":2,"71":2,"72":7,"73":7,"74":7,"75":7,"76":2,"77":2,"78":0,"79":0,"80":0,"81":0,"82":0,"83":0,"84":0,"85":0,"86":0,"87":0,"88":0,"89":0,"90":0,"91":0,"92":0,"93":0,"94":0,"95":0,"96":0,"97":0,"98":0,"99":0,"100":0,"101":0,"102":0,"103":0,"104":0,"105":5,"106":5,"107":5,"108":5,"109":5,"110":5,"111":5,"112":5,"113":19,"114":19,"115":5,"116":19,"117":19,"118":19,"119":19,"120":19,"121":0,"122":19,"123":0,"124":0,"125":7,"126":1,"127":12,"128":12,"129":12,"130":5,"131":7,"132":7,"133":7,"134":0,"135":7,"136":7,"137":7,"138":7,"139":7,"140":0,"141":0,"142":0,"143":0,"144":0,"145":0,"146":0,"147":7,"148":7,"149":7,"150":7,"151":7,"152":7,"153":0,"154":7,"155":14,"156":7,"157":7,"158":0,"159":7,"160":7,"161":0,"162":7,"163":0,"164":0,"165":7,"166":0,"167":0,"168":7,"169":7,"170":0,"171":7,"172":7,"173":7,"174":7,"175":0,"176":0,"177":0,"178":0,"179":0,"180":0,"181":0,"182":0,"183":0,"184":0,"185":0,"186":0,"187":0,"188":0,"189":0,"190":0,"191":0,"192":5,"193":5,"194":5,"195":5,"196":0,"197":5,"198":5,"199":5,"200":5,"201":5,"202":5,"203":0,"204":5,"205":5,"206":5,"207":5,"208":5,"209":5,"210":5,"211":0,"212":0,"213":5,"214":5,"215":5,"216":5,"217":12,"218":12,"219":12,"220":0,"221":12,"222":5,"223":7,"224":7,"225":7,"226":0,"227":0,"228":0,"229":0,"230":0,"231":0,"232":0,"233":0,"234":0,"235":0,"236":0,"237":5,"238":5,"239":5,"240":5,"241":5,"242":5,"243":0,"244":5,"245":5,"246":5,"247":5,"248":0,"249":5,"250":5,"251":2,"252":2,"253":2,"254":19,"255":12,"256":15,"257":5,"258":10},"f":{"0":10,"1":5,"2":5,"3":5,"4":5,"5":0,"6":0,"7":2,"8":7,"9":7,"10":0,"11":0,"12":0,"13":0,"14":0,"15":0,"16":0,"17":0,"18":0,"19":0,"20":5,"21":19,"22":19,"23":19,"24":7,"25":7,"26":7,"27":0,"28":0,"29":0,"30":0,"31":0,"32":5,"33":5,"34":5,"35":5,"36":5,"37":5,"38":5,"39":12,"40":12,"41":0,"42":0,"43":0,"44":5,"45":5,"46":5,"47":5,"48":12,"49":15,"50":5,"51":10},"b":{"0":[0,5],"1":[5,0],"2":[0,5],"3":[0,5],"4":[5,0],"5":[0,5],"6":[0,5],"7":[5,5],"8":[2,3],"9":[0,5],"10":[5,5],"11":[0,0],"12":[0,0],"13":[0,0],"14":[0,0],"15":[0,0],"16":[0,0],"17":[0,0],"18":[0,0],"19":[0,0],"20":[0,0],"21":[0,0],"22":[5,14],"23":[19,0],"24":[0,19],"25":[19,19,0],"26":[5,7],"27":[0,7],"28":[0,0],"29":[0,0],"30":[7,0],"31":[0,7],"32":[7,7],"33":[0,7],"34":[0,7],"35":[0,7],"36":[7,0],"37":[0,7],"38":[7,0],"39":[7,0],"40":[0,0],"41":[0,0],"42":[0,0],"43":[0,5],"44":[5,0],"45":[0,5],"46":[5,0],"47":[0,5],"48":[0,12],"49":[5,7],"50":[0],"51":[0,0],"52":[0,0],"53":[0,0],"54":[0,5],"55":[0,5]}}
,"/home/fabien/www/deflow/src/lib/StepHandler.ts": {"path":"/home/fabien/www/deflow/src/lib/StepHandler.ts","statementMap":{"0":{"start":{"line":1,"column":0},"end":{"line":1,"column":26}},"1":{"start":{"line":6,"column":14},"end":{"line":6,"column":34}},"2":{"start":{"line":42,"column":4},"end":{"line":42,"column":35}},"3":{"start":{"line":43,"column":4},"end":{"line":43,"column":31}},"4":{"start":{"line":44,"column":4},"end":{"line":44,"column":35}},"5":{"start":{"line":45,"column":4},"end":{"line":45,"column":33}},"6":{"start":{"line":46,"column":4},"end":{"line":46,"column":45}},"7":{"start":{"line":48,"column":4},"end":{"line":48,"column":25}},"8":{"start":{"line":49,"column":4},"end":{"line":49,"column":27}},"9":{"start":{"line":51,"column":4},"end":{"line":51,"column":31}},"10":{"start":{"line":53,"column":31},"end":{"line":53,"column":51}},"11":{"start":{"line":54,"column":4},"end":{"line":54,"column":21}},"12":{"start":{"line":55,"column":4},"end":{"line":55,"column":29}},"13":{"start":{"line":62,"column":31},"end":{"line":62,"column":54}},"14":{"start":{"line":63,"column":4},"end":{"line":63,"column":50}},"15":{"start":{"line":63,"column":44},"end":{"line":63,"column":49}},"16":{"start":{"line":64,"column":18},"end":{"line":64,"column":67}},"17":{"start":{"line":65,"column":4},"end":{"line":65,"column":49}},"18":{"start":{"line":67,"column":18},"end":{"line":74,"column":null}},"19":{"start":{"line":68,"column":18},"end":{"line":68,"column":33}},"20":{"start":{"line":71,"column":10},"end":{"line":74,"column":26}},"21":{"start":{"line":77,"column":4},"end":{"line":79,"column":null}},"22":{"start":{"line":78,"column":6},"end":{"line":78,"column":46}},"23":{"start":{"line":81,"column":17},"end":{"line":81,"column":25}},"24":{"start":{"line":82,"column":22},"end":{"line":82,"column":51}},"25":{"start":{"line":83,"column":21},"end":{"line":83,"column":48}},"26":{"start":{"line":84,"column":4},"end":{"line":84,"column":41}},"27":{"start":{"line":24,"column":0},"end":{"line":24,"column":21}}},"fnMap":{"0":{"name":"(anonymous_1)","decl":{"start":{"line":41,"column":2},"end":{"line":41,"column":14}},"loc":{"start":{"line":41,"column":52},"end":{"line":56,"column":3}}},"1":{"name":"(anonymous_2)","decl":{"start":{"line":61,"column":9},"end":{"line":61,"column":22}},"loc":{"start":{"line":61,"column":22},"end":{"line":85,"column":3}}},"2":{"name":"(anonymous_3)","decl":{"start":{"line":63,"column":30},"end":{"line":63,"column":31}},"loc":{"start":{"line":63,"column":44},"end":{"line":63,"column":49}}},"3":{"name":"(anonymous_4)","decl":{"start":{"line":68,"column":11},"end":{"line":68,"column":12}},"loc":{"start":{"line":68,"column":18},"end":{"line":68,"column":33}}},"4":{"name":"(anonymous_5)","decl":{"start":{"line":70,"column":8},"end":{"line":70,"column":9}},"loc":{"start":{"line":71,"column":10},"end":{"line":74,"column":26}}}},"branchMap":{"0":{"loc":{"start":{"line":71,"column":10},"end":{"line":71,"column":11}},"type":"binary-expr","locations":[{"start":{"line":71,"column":10},"end":{"line":71,"column":11}},{"start":{"line":72,"column":10},"end":{"line":72,"column":39}},{"start":{"line":73,"column":10},"end":{"line":73,"column":44}},{"start":{"line":74,"column":10},"end":{"line":74,"column":26}}]},"1":{"loc":{"start":{"line":77,"column":4},"end":{"line":79,"column":null}},"type":"if","locations":[{"start":{"line":77,"column":4},"end":{"line":79,"column":null}},{"start":{"line":77,"column":4},"end":{"line":79,"column":null}}]},"2":{"loc":{"start":{"line":83,"column":21},"end":{"line":83,"column":42}},"type":"binary-expr","locations":[{"start":{"line":83,"column":21},"end":{"line":83,"column":42}},{"start":{"line":83,"column":46},"end":{"line":83,"column":48}}]}},"s":{"0":1,"1":1,"2":1,"3":1,"4":1,"5":1,"6":1,"7":1,"8":1,"9":1,"10":1,"11":1,"12":1,"13":1,"14":1,"15":1,"16":1,"17":1,"18":1,"19":10,"20":10,"21":1,"22":0,"23":1,"24":1,"25":1,"26":1,"27":1},"f":{"0":1,"1":1,"2":1,"3":10,"4":10},"b":{"0":[10,10,10,4],"1":[0,1],"2":[1,0]}}
,"/home/fabien/www/deflow/src/lib/Task.ts": {"path":"/home/fabien/www/deflow/src/lib/Task.ts","statementMap":{"0":{"start":{"line":1,"column":0},"end":{"line":1,"column":26}},"1":{"start":{"line":2,"column":0},"end":{"line":2,"column":38}},"2":{"start":{"line":4,"column":0},"end":{"line":4,"column":29}},"3":{"start":{"line":6,"column":14},"end":{"line":6,"column":27}},"4":{"start":{"line":38,"column":4},"end":{"line":38,"column":22}},"5":{"start":{"line":39,"column":4},"end":{"line":39,"column":26}},"6":{"start":{"line":41,"column":4},"end":{"line":41,"column":40}},"7":{"start":{"line":42,"column":4},"end":{"line":42,"column":28}},"8":{"start":{"line":43,"column":4},"end":{"line":43,"column":30}},"9":{"start":{"line":45,"column":4},"end":{"line":45,"column":32}},"10":{"start":{"line":53,"column":4},"end":{"line":53,"column":32}},"11":{"start":{"line":54,"column":25},"end":{"line":59,"column":6}},"12":{"start":{"line":61,"column":4},"end":{"line":61,"column":41}},"13":{"start":{"line":63,"column":4},"end":{"line":63,"column":24}},"14":{"start":{"line":70,"column":19},"end":{"line":70,"column":39}},"15":{"start":{"line":72,"column":17},"end":{"line":72,"column":37}},"16":{"start":{"line":73,"column":4},"end":{"line":80,"column":7}},"17":{"start":{"line":74,"column":6},"end":{"line":79,"column":9}},"18":{"start":{"line":75,"column":8},"end":{"line":77,"column":null}},"19":{"start":{"line":76,"column":10},"end":{"line":76,"column":29}},"20":{"start":{"line":78,"column":8},"end":{"line":78,"column":34}},"21":{"start":{"line":87,"column":4},"end":{"line":94,"column":6}},"22":{"start":{"line":23,"column":0},"end":{"line":23,"column":21}}},"fnMap":{"0":{"name":"(anonymous_8)","decl":{"start":{"line":37,"column":2},"end":{"line":37,"column":14}},"loc":{"start":{"line":37,"column":34},"end":{"line":46,"column":3}}},"1":{"name":"(anonymous_9)","decl":{"start":{"line":52,"column":2},"end":{"line":52,"column":8}},"loc":{"start":{"line":52,"column":67},"end":{"line":64,"column":null}}},"2":{"name":"(anonymous_11)","decl":{"start":{"line":69,"column":8},"end":{"line":69,"column":13}},"loc":{"start":{"line":69,"column":27},"end":{"line":81,"column":null}}},"3":{"name":"(anonymous_13)","decl":{"start":{"line":73,"column":23},"end":{"line":73,"column":24}},"loc":{"start":{"line":73,"column":43},"end":{"line":80,"column":5}}},"4":{"name":"(anonymous_14)","decl":{"start":{"line":74,"column":39},"end":{"line":74,"column":40}},"loc":{"start":{"line":74,"column":54},"end":{"line":79,"column":7}}},"5":{"name":"(anonymous_15)","decl":{"start":{"line":86,"column":2},"end":{"line":86,"column":8}},"loc":{"start":{"line":86,"column":8},"end":{"line":95,"column":3}}}},"branchMap":{"0":{"loc":{"start":{"line":75,"column":8},"end":{"line":77,"column":null}},"type":"if","locations":[{"start":{"line":75,"column":8},"end":{"line":77,"column":null}},{"start":{"line":75,"column":8},"end":{"line":77,"column":null}}]}},"s":{"0":1,"1":1,"2":1,"3":1,"4":14,"5":14,"6":14,"7":14,"8":14,"9":14,"10":7,"11":7,"12":7,"13":7,"14":7,"15":7,"16":7,"17":7,"18":7,"19":0,"20":7,"21":21,"22":1},"f":{"0":14,"1":7,"2":7,"3":7,"4":7,"5":21},"b":{"0":[0,7]}}
,"/home/fabien/www/deflow/src/lib/WorkFlow.ts": {"path":"/home/fabien/www/deflow/src/lib/WorkFlow.ts","statementMap":{"0":{"start":{"line":1,"column":0},"end":{"line":1,"column":34}},"1":{"start":{"line":3,"column":0},"end":{"line":3,"column":26}},"2":{"start":{"line":4,"column":0},"end":{"line":4,"column":38}},"3":{"start":{"line":5,"column":0},"end":{"line":5,"column":30}},"4":{"start":{"line":7,"column":0},"end":{"line":7,"column":70}},"5":{"start":{"line":8,"column":0},"end":{"line":8,"column":56}},"6":{"start":{"line":11,"column":0},"end":{"line":11,"column":29}},"7":{"start":{"line":13,"column":14},"end":{"line":13,"column":38}},"8":{"start":{"line":27,"column":39},"end":{"line":30,"column":2}},"9":{"start":{"line":48,"column":4},"end":{"line":48,"column":12}},"10":{"start":{"line":41,"column":2},"end":{"line":41,"column":30}},"11":{"start":{"line":50,"column":4},"end":{"line":50,"column":22}},"12":{"start":{"line":51,"column":4},"end":{"line":51,"column":26}},"13":{"start":{"line":52,"column":4},"end":{"line":52,"column":29}},"14":{"start":{"line":53,"column":4},"end":{"line":53,"column":32}},"15":{"start":{"line":71,"column":15},"end":{"line":71,"column":52}},"16":{"start":{"line":72,"column":20},"end":{"line":72,"column":43}},"17":{"start":{"line":74,"column":22},"end":{"line":74,"column":87}},"18":{"start":{"line":75,"column":17},"end":{"line":75,"column":55}},"19":{"start":{"line":76,"column":21},"end":{"line":76,"column":65}},"20":{"start":{"line":78,"column":4},"end":{"line":80,"column":null}},"21":{"start":{"line":79,"column":6},"end":{"line":79,"column":35}},"22":{"start":{"line":81,"column":4},"end":{"line":81,"column":20}},"23":{"start":{"line":89,"column":4},"end":{"line":89,"column":28}},"24":{"start":{"line":91,"column":17},"end":{"line":91,"column":41}},"25":{"start":{"line":92,"column":4},"end":{"line":94,"column":null}},"26":{"start":{"line":93,"column":6},"end":{"line":93,"column":40}},"27":{"start":{"line":95,"column":4},"end":{"line":95,"column":29}},"28":{"start":{"line":103,"column":4},"end":{"line":103,"column":35}},"29":{"start":{"line":105,"column":19},"end":{"line":105,"column":39}},"30":{"start":{"line":107,"column":4},"end":{"line":120,"column":7}},"31":{"start":{"line":108,"column":6},"end":{"line":119,"column":9}},"32":{"start":{"line":109,"column":8},"end":{"line":111,"column":null}},"33":{"start":{"line":110,"column":10},"end":{"line":110,"column":66}},"34":{"start":{"line":113,"column":8},"end":{"line":115,"column":null}},"35":{"start":{"line":114,"column":10},"end":{"line":114,"column":31}},"36":{"start":{"line":117,"column":43},"end":{"line":117,"column":58}},"37":{"start":{"line":118,"column":8},"end":{"line":118,"column":51}},"38":{"start":{"line":129,"column":4},"end":{"line":129,"column":39}},"39":{"start":{"line":131,"column":21},"end":{"line":131,"column":55}},"40":{"start":{"line":132,"column":4},"end":{"line":135,"column":null}},"41":{"start":{"line":133,"column":6},"end":{"line":133,"column":39}},"42":{"start":{"line":134,"column":6},"end":{"line":134,"column":49}},"43":{"start":{"line":137,"column":20},"end":{"line":137,"column":47}},"44":{"start":{"line":138,"column":4},"end":{"line":146,"column":null}},"45":{"start":{"line":139,"column":6},"end":{"line":142,"column":9}},"46":{"start":{"line":143,"column":6},"end":{"line":143,"column":39}},"47":{"start":{"line":145,"column":6},"end":{"line":145,"column":32}},"48":{"start":{"line":153,"column":4},"end":{"line":153,"column":24}},"49":{"start":{"line":154,"column":4},"end":{"line":156,"column":null}},"50":{"start":{"line":155,"column":6},"end":{"line":155,"column":31}},"51":{"start":{"line":158,"column":4},"end":{"line":158,"column":40}},"52":{"start":{"line":161,"column":4},"end":{"line":163,"column":7}},"53":{"start":{"line":162,"column":6},"end":{"line":162,"column":33}},"54":{"start":{"line":165,"column":4},"end":{"line":165,"column":16}},"55":{"start":{"line":173,"column":37},"end":{"line":173,"column":43}},"56":{"start":{"line":175,"column":15},"end":{"line":175,"column":24}},"57":{"start":{"line":176,"column":4},"end":{"line":178,"column":null}},"58":{"start":{"line":177,"column":6},"end":{"line":177,"column":47}},"59":{"start":{"line":180,"column":4},"end":{"line":180,"column":58}},"60":{"start":{"line":182,"column":4},"end":{"line":182,"column":16}},"61":{"start":{"line":310,"column":4},"end":{"line":315,"column":6}},"62":{"start":{"line":32,"column":0},"end":{"line":32,"column":21}},"63":{"start":{"line":189,"column":4},"end":{"line":189,"column":25}},"64":{"start":{"line":191,"column":19},"end":{"line":191,"column":39}},"65":{"start":{"line":194,"column":4},"end":{"line":209,"column":7}},"66":{"start":{"line":195,"column":6},"end":{"line":208,"column":9}},"67":{"start":{"line":195,"column":68},"end":{"line":208,"column":8}},"68":{"start":{"line":196,"column":8},"end":{"line":198,"column":null}},"69":{"start":{"line":197,"column":10},"end":{"line":197,"column":29}},"70":{"start":{"line":200,"column":23},"end":{"line":200,"column":28}},"71":{"start":{"line":201,"column":8},"end":{"line":204,"column":null}},"72":{"start":{"line":202,"column":10},"end":{"line":202,"column":39}},"73":{"start":{"line":203,"column":10},"end":{"line":203,"column":31}},"74":{"start":{"line":206,"column":25},"end":{"line":206,"column":61}},"75":{"start":{"line":207,"column":8},"end":{"line":207,"column":37}},"76":{"start":{"line":216,"column":4},"end":{"line":216,"column":19}},"77":{"start":{"line":218,"column":19},"end":{"line":218,"column":39}},"78":{"start":{"line":220,"column":4},"end":{"line":222,"column":null}},"79":{"start":{"line":221,"column":6},"end":{"line":221,"column":40}},"80":{"start":{"line":224,"column":17},"end":{"line":224,"column":37}},"81":{"start":{"line":225,"column":4},"end":{"line":232,"column":7}},"82":{"start":{"line":226,"column":6},"end":{"line":231,"column":9}},"83":{"start":{"line":227,"column":8},"end":{"line":229,"column":null}},"84":{"start":{"line":228,"column":10},"end":{"line":228,"column":29}},"85":{"start":{"line":230,"column":8},"end":{"line":230,"column":29}},"86":{"start":{"line":239,"column":4},"end":{"line":249,"column":26}},"87":{"start":{"line":239,"column":87},"end":{"line":249,"column":7}},"88":{"start":{"line":240,"column":6},"end":{"line":240,"column":17}},"89":{"start":{"line":242,"column":6},"end":{"line":248,"column":9}},"90":{"start":{"line":256,"column":4},"end":{"line":259,"column":7}},"91":{"start":{"line":260,"column":4},"end":{"line":260,"column":25}},"92":{"start":{"line":267,"column":4},"end":{"line":270,"column":null}},"93":{"start":{"line":268,"column":6},"end":{"line":268,"column":21}},"94":{"start":{"line":269,"column":6},"end":{"line":269,"column":39}},"95":{"start":{"line":277,"column":4},"end":{"line":277,"column":29}},"96":{"start":{"line":279,"column":19},"end":{"line":279,"column":39}},"97":{"start":{"line":280,"column":20},"end":{"line":280,"column":40}},"98":{"start":{"line":282,"column":4},"end":{"line":282,"column":33}},"99":{"start":{"line":284,"column":4},"end":{"line":303,"column":7}},"100":{"start":{"line":285,"column":6},"end":{"line":302,"column":9}},"101":{"start":{"line":286,"column":8},"end":{"line":288,"column":null}},"102":{"start":{"line":287,"column":10},"end":{"line":287,"column":29}},"103":{"start":{"line":290,"column":8},"end":{"line":292,"column":null}},"104":{"start":{"line":291,"column":10},"end":{"line":291,"column":27}},"105":{"start":{"line":295,"column":28},"end":{"line":295,"column":55}},"106":{"start":{"line":295,"column":44},"end":{"line":295,"column":54}},"107":{"start":{"line":296,"column":8},"end":{"line":301,"column":11}},"108":{"start":{"line":297,"column":10},"end":{"line":299,"column":null}},"109":{"start":{"line":298,"column":12},"end":{"line":298,"column":34}},"110":{"start":{"line":300,"column":10},"end":{"line":300,"column":27}}},"fnMap":{"0":{"name":"(anonymous_16)","decl":{"start":{"line":47,"column":2},"end":{"line":47,"column":14}},"loc":{"start":{"line":47,"column":32},"end":{"line":54,"column":3}}},"1":{"name":"(anonymous_17)","decl":{"start":{"line":66,"column":2},"end":{"line":66,"column":8}},"loc":{"start":{"line":69,"column":38},"end":{"line":82,"column":3}}},"2":{"name":"(anonymous_18)","decl":{"start":{"line":88,"column":9},"end":{"line":88,"column":15}},"loc":{"start":{"line":88,"column":41},"end":{"line":96,"column":null}}},"3":{"name":"(anonymous_20)","decl":{"start":{"line":102,"column":9},"end":{"line":102,"column":15}},"loc":{"start":{"line":102,"column":48},"end":{"line":121,"column":null}}},"4":{"name":"(anonymous_22)","decl":{"start":{"line":107,"column":23},"end":{"line":107,"column":24}},"loc":{"start":{"line":107,"column":43},"end":{"line":120,"column":5}}},"5":{"name":"(anonymous_23)","decl":{"start":{"line":108,"column":36},"end":{"line":108,"column":37}},"loc":{"start":{"line":108,"column":49},"end":{"line":119,"column":7}}},"6":{"name":"(anonymous_24)","decl":{"start":{"line":128,"column":9},"end":{"line":128,"column":15}},"loc":{"start":{"line":128,"column":52},"end":{"line":147,"column":null}}},"7":{"name":"(anonymous_26)","decl":{"start":{"line":152,"column":15},"end":{"line":152,"column":18}},"loc":{"start":{"line":152,"column":18},"end":{"line":166,"column":null}}},"8":{"name":"(anonymous_28)","decl":{"start":{"line":161,"column":37},"end":{"line":161,"column":40}},"loc":{"start":{"line":161,"column":42},"end":{"line":163,"column":5}}},"9":{"name":"(anonymous_29)","decl":{"start":{"line":172,"column":9},"end":{"line":172,"column":16}},"loc":{"start":{"line":172,"column":58},"end":{"line":183,"column":3}}},"10":{"name":"(anonymous_30)","decl":{"start":{"line":309,"column":2},"end":{"line":309,"column":8}},"loc":{"start":{"line":309,"column":8},"end":{"line":316,"column":3}}},"11":{"name":"(anonymous_33)","decl":{"start":{"line":194,"column":38},"end":{"line":194,"column":39}},"loc":{"start":{"line":194,"column":58},"end":{"line":209,"column":5}}},"12":{"name":"(anonymous_34)","decl":{"start":{"line":195,"column":47},"end":{"line":195,"column":54}},"loc":{"start":{"line":195,"column":68},"end":{"line":208,"column":8}}},"13":{"name":"(anonymous_35)","decl":{"start":{"line":195,"column":68},"end":{"line":195,"column":null}},"loc":{"start":{"line":195,"column":68},"end":{"line":208,"column":7}}},"14":{"name":"(anonymous_38)","decl":{"start":{"line":225,"column":23},"end":{"line":225,"column":24}},"loc":{"start":{"line":225,"column":43},"end":{"line":232,"column":5}}},"15":{"name":"(anonymous_39)","decl":{"start":{"line":226,"column":39},"end":{"line":226,"column":40}},"loc":{"start":{"line":226,"column":47},"end":{"line":231,"column":7}}},"16":{"name":"(anonymous_42)","decl":{"start":{"line":239,"column":44},"end":{"line":239,"column":51}},"loc":{"start":{"line":239,"column":87},"end":{"line":249,"column":7}}},"17":{"name":"(anonymous_43)","decl":{"start":{"line":239,"column":87},"end":{"line":239,"column":null}},"loc":{"start":{"line":239,"column":87},"end":{"line":249,"column":5}}},"18":{"name":"(anonymous_50)","decl":{"start":{"line":284,"column":23},"end":{"line":284,"column":24}},"loc":{"start":{"line":284,"column":43},"end":{"line":303,"column":5}}},"19":{"name":"(anonymous_51)","decl":{"start":{"line":285,"column":34},"end":{"line":285,"column":35}},"loc":{"start":{"line":285,"column":48},"end":{"line":302,"column":7}}},"20":{"name":"(anonymous_52)","decl":{"start":{"line":295,"column":37},"end":{"line":295,"column":38}},"loc":{"start":{"line":295,"column":44},"end":{"line":295,"column":54}}},"21":{"name":"(anonymous_53)","decl":{"start":{"line":296,"column":46},"end":{"line":296,"column":47}},"loc":{"start":{"line":296,"column":57},"end":{"line":301,"column":9}}}},"branchMap":{"0":{"loc":{"start":{"line":69,"column":36},"end":{"line":69,"column":38}},"type":"default-arg","locations":[{"start":{"line":69,"column":36},"end":{"line":69,"column":38}}]},"1":{"loc":{"start":{"line":74,"column":75},"end":{"line":74,"column":80}},"type":"cond-expr","locations":[{"start":{"line":74,"column":75},"end":{"line":74,"column":80}},{"start":{"line":74,"column":83},"end":{"line":74,"column":87}}]},"2":{"loc":{"start":{"line":74,"column":22},"end":{"line":74,"column":47}},"type":"binary-expr","locations":[{"start":{"line":74,"column":22},"end":{"line":74,"column":47}},{"start":{"line":74,"column":51},"end":{"line":74,"column":72}}]},"3":{"loc":{"start":{"line":78,"column":4},"end":{"line":80,"column":null}},"type":"if","locations":[{"start":{"line":78,"column":4},"end":{"line":80,"column":null}},{"start":{"line":78,"column":4},"end":{"line":80,"column":null}}]},"4":{"loc":{"start":{"line":78,"column":8},"end":{"line":78,"column":28}},"type":"binary-expr","locations":[{"start":{"line":78,"column":8},"end":{"line":78,"column":28}},{"start":{"line":78,"column":32},"end":{"line":78,"column":48}}]},"5":{"loc":{"start":{"line":92,"column":4},"end":{"line":94,"column":null}},"type":"if","locations":[{"start":{"line":92,"column":4},"end":{"line":94,"column":null}},{"start":{"line":92,"column":4},"end":{"line":94,"column":null}}]},"6":{"loc":{"start":{"line":109,"column":8},"end":{"line":111,"column":null}},"type":"if","locations":[{"start":{"line":109,"column":8},"end":{"line":111,"column":null}},{"start":{"line":109,"column":8},"end":{"line":111,"column":null}}]},"7":{"loc":{"start":{"line":110,"column":24},"end":{"line":110,"column":36}},"type":"binary-expr","locations":[{"start":{"line":110,"column":24},"end":{"line":110,"column":36}},{"start":{"line":110,"column":40},"end":{"line":110,"column":64}}]},"8":{"loc":{"start":{"line":110,"column":27},"end":{"line":110,"column":29}},"type":"cond-expr","locations":[{"start":{"line":110,"column":27},"end":{"line":110,"column":29}},{"start":{"line":110,"column":24},"end":{"line":110,"column":36}}]},"9":{"loc":{"start":{"line":110,"column":24},"end":{"line":110,"column":29}},"type":"binary-expr","locations":[{"start":{"line":110,"column":24},"end":{"line":110,"column":29}},{"start":{"line":110,"column":24},"end":{"line":110,"column":29}}]},"10":{"loc":{"start":{"line":113,"column":8},"end":{"line":115,"column":null}},"type":"if","locations":[{"start":{"line":113,"column":8},"end":{"line":115,"column":null}},{"start":{"line":113,"column":8},"end":{"line":115,"column":null}}]},"11":{"loc":{"start":{"line":132,"column":4},"end":{"line":135,"column":null}},"type":"if","locations":[{"start":{"line":132,"column":4},"end":{"line":135,"column":null}},{"start":{"line":132,"column":4},"end":{"line":135,"column":null}}]},"12":{"loc":{"start":{"line":138,"column":4},"end":{"line":146,"column":null}},"type":"if","locations":[{"start":{"line":138,"column":4},"end":{"line":146,"column":null}},{"start":{"line":138,"column":4},"end":{"line":146,"column":null}}]},"13":{"loc":{"start":{"line":154,"column":4},"end":{"line":156,"column":null}},"type":"if","locations":[{"start":{"line":154,"column":4},"end":{"line":156,"column":null}},{"start":{"line":154,"column":4},"end":{"line":156,"column":null}}]},"14":{"loc":{"start":{"line":176,"column":4},"end":{"line":178,"column":null}},"type":"if","locations":[{"start":{"line":176,"column":4},"end":{"line":178,"column":null}},{"start":{"line":176,"column":4},"end":{"line":178,"column":null}}]},"15":{"loc":{"start":{"line":176,"column":8},"end":{"line":176,"column":14}},"type":"binary-expr","locations":[{"start":{"line":176,"column":8},"end":{"line":176,"column":14}},{"start":{"line":176,"column":18},"end":{"line":176,"column":34}}]},"16":{"loc":{"start":{"line":196,"column":8},"end":{"line":198,"column":null}},"type":"if","locations":[{"start":{"line":196,"column":8},"end":{"line":198,"column":null}},{"start":{"line":196,"column":8},"end":{"line":198,"column":null}}]},"17":{"loc":{"start":{"line":201,"column":8},"end":{"line":204,"column":null}},"type":"if","locations":[{"start":{"line":201,"column":8},"end":{"line":204,"column":null}},{"start":{"line":201,"column":8},"end":{"line":204,"column":null}}]},"18":{"loc":{"start":{"line":220,"column":4},"end":{"line":222,"column":null}},"type":"if","locations":[{"start":{"line":220,"column":4},"end":{"line":222,"column":null}},{"start":{"line":220,"column":4},"end":{"line":222,"column":null}}]},"19":{"loc":{"start":{"line":227,"column":8},"end":{"line":229,"column":null}},"type":"if","locations":[{"start":{"line":227,"column":8},"end":{"line":229,"column":null}},{"start":{"line":227,"column":8},"end":{"line":229,"column":null}}]},"20":{"loc":{"start":{"line":267,"column":4},"end":{"line":270,"column":null}},"type":"if","locations":[{"start":{"line":267,"column":4},"end":{"line":270,"column":null}},{"start":{"line":267,"column":4},"end":{"line":270,"column":null}}]},"21":{"loc":{"start":{"line":286,"column":8},"end":{"line":288,"column":null}},"type":"if","locations":[{"start":{"line":286,"column":8},"end":{"line":288,"column":null}},{"start":{"line":286,"column":8},"end":{"line":288,"column":null}}]},"22":{"loc":{"start":{"line":290,"column":8},"end":{"line":292,"column":null}},"type":"if","locations":[{"start":{"line":290,"column":8},"end":{"line":292,"column":null}},{"start":{"line":290,"column":8},"end":{"line":292,"column":null}}]},"23":{"loc":{"start":{"line":297,"column":10},"end":{"line":299,"column":null}},"type":"if","locations":[{"start":{"line":297,"column":10},"end":{"line":299,"column":null}},{"start":{"line":297,"column":10},"end":{"line":299,"column":null}}]}},"s":{"0":1,"1":1,"2":1,"3":1,"4":1,"5":1,"6":1,"7":1,"8":1,"9":19,"10":19,"11":19,"12":19,"13":19,"14":19,"15":5,"16":5,"17":5,"18":5,"19":5,"20":5,"21":0,"22":5,"23":5,"24":5,"25":5,"26":0,"27":5,"28":15,"29":15,"30":15,"31":15,"32":14,"33":0,"34":14,"35":0,"36":14,"37":14,"38":10,"39":10,"40":9,"41":0,"42":0,"43":9,"44":9,"45":5,"46":5,"47":4,"48":5,"49":5,"50":5,"51":5,"52":5,"53":10,"54":5,"55":5,"56":5,"57":5,"58":0,"59":5,"60":5,"61":5,"62":1,"63":9,"64":9,"65":9,"66":9,"67":9,"68":9,"69":0,"70":9,"71":9,"72":4,"73":4,"74":5,"75":5,"76":5,"77":5,"78":5,"79":2,"80":5,"81":5,"82":5,"83":5,"84":0,"85":5,"86":5,"87":5,"88":5,"89":5,"90":4,"91":4,"92":4,"93":1,"94":1,"95":3,"96":3,"97":3,"98":3,"99":3,"100":3,"101":3,"102":0,"103":3,"104":1,"105":2,"106":7,"107":2,"108":2,"109":0,"110":2},"f":{"0":19,"1":5,"2":5,"3":15,"4":15,"5":14,"6":10,"7":5,"8":10,"9":5,"10":5,"11":9,"12":9,"13":9,"14":5,"15":5,"16":5,"17":5,"18":3,"19":3,"20":7,"21":2},"b":{"0":[5],"1":[4,1],"2":[5,4],"3":[0,5],"4":[5,0],"5":[0,5],"6":[0,14],"7":[0,0],"8":[0,0],"9":[0,0],"10":[0,14],"11":[0,9],"12":[5,4],"13":[5,0],"14":[0,5],"15":[5,5],"16":[0,9],"17":[4,5],"18":[2,3],"19":[0,5],"20":[1,3],"21":[0,3],"22":[1,2],"23":[0,2]}}
,"/home/fabien/www/deflow/src/lib/index.ts": {"path":"/home/fabien/www/deflow/src/lib/index.ts","statementMap":{"0":{"start":{"line":1,"column":0},"end":{"line":1,"column":26}},"1":{"start":{"line":3,"column":0},"end":{"line":3,"column":38}},"2":{"start":{"line":5,"column":0},"end":{"line":5,"column":30}},"3":{"start":{"line":6,"column":0},"end":{"line":6,"column":44}},"4":{"start":{"line":7,"column":0},"end":{"line":7,"column":34}},"5":{"start":{"line":8,"column":0},"end":{"line":8,"column":26}},"6":{"start":{"line":9,"column":0},"end":{"line":9,"column":40}},"7":{"start":{"line":11,"column":14},"end":{"line":11,"column":29}},"8":{"start":{"line":31,"column":9},"end":{"line":31,"column":25}},"9":{"start":{"line":43,"column":4},"end":{"line":43,"column":52}},"10":{"start":{"line":44,"column":4},"end":{"line":44,"column":56}},"11":{"start":{"line":45,"column":4},"end":{"line":45,"column":55}},"12":{"start":{"line":47,"column":4},"end":{"line":49,"column":null}},"13":{"start":{"line":48,"column":6},"end":{"line":48,"column":86}},"14":{"start":{"line":48,"column":24},"end":{"line":48,"column":47}},"15":{"start":{"line":58,"column":4},"end":{"line":61,"column":null}},"16":{"start":{"line":59,"column":6},"end":{"line":59,"column":66}},"17":{"start":{"line":60,"column":6},"end":{"line":60,"column":29}},"18":{"start":{"line":62,"column":4},"end":{"line":62,"column":42}},"19":{"start":{"line":64,"column":4},"end":{"line":64,"column":30}},"20":{"start":{"line":66,"column":4},"end":{"line":66,"column":27}},"21":{"start":{"line":73,"column":4},"end":{"line":75,"column":null}},"22":{"start":{"line":74,"column":6},"end":{"line":74,"column":61}},"23":{"start":{"line":76,"column":4},"end":{"line":76,"column":27}},"24":{"start":{"line":24,"column":0},"end":{"line":24,"column":21}},"25":{"start":{"line":83,"column":4},"end":{"line":104,"column":7}},"26":{"start":{"line":84,"column":6},"end":{"line":87,"column":null}},"27":{"start":{"line":86,"column":8},"end":{"line":86,"column":15}},"28":{"start":{"line":89,"column":6},"end":{"line":103,"column":9}},"29":{"start":{"line":90,"column":8},"end":{"line":92,"column":null}},"30":{"start":{"line":91,"column":10},"end":{"line":91,"column":29}},"31":{"start":{"line":94,"column":8},"end":{"line":96,"column":null}},"32":{"start":{"line":95,"column":10},"end":{"line":95,"column":17}},"33":{"start":{"line":98,"column":23},"end":{"line":98,"column":26}},"34":{"start":{"line":99,"column":35},"end":{"line":99,"column":51}},"35":{"start":{"line":100,"column":8},"end":{"line":102,"column":null}},"36":{"start":{"line":101,"column":10},"end":{"line":101,"column":38}},"37":{"start":{"line":111,"column":17},"end":{"line":111,"column":35}},"38":{"start":{"line":112,"column":4},"end":{"line":118,"column":7}},"39":{"start":{"line":113,"column":6},"end":{"line":113,"column":42}},"40":{"start":{"line":114,"column":18},"end":{"line":114,"column":49}},"41":{"start":{"line":115,"column":6},"end":{"line":117,"column":9}},"42":{"start":{"line":116,"column":8},"end":{"line":116,"column":27}},"43":{"start":{"line":33,"column":9},"end":{"line":33,"column":29}},"44":{"start":{"line":35,"column":9},"end":{"line":35,"column":41}},"45":{"start":{"line":36,"column":9},"end":{"line":36,"column":40}}},"fnMap":{"0":{"name":"(anonymous_9)","decl":{"start":{"line":42,"column":2},"end":{"line":42,"column":14}},"loc":{"start":{"line":42,"column":36},"end":{"line":50,"column":3}}},"1":{"name":"(anonymous_10)","decl":{"start":{"line":48,"column":18},"end":{"line":48,"column":21}},"loc":{"start":{"line":48,"column":24},"end":{"line":48,"column":47}}},"2":{"name":"(anonymous_11)","decl":{"start":{"line":57,"column":9},"end":{"line":57,"column":15}},"loc":{"start":{"line":57,"column":47},"end":{"line":67,"column":3}}},"3":{"name":"(anonymous_12)","decl":{"start":{"line":72,"column":9},"end":{"line":72,"column":15}},"loc":{"start":{"line":72,"column":27},"end":{"line":77,"column":3}}},"4":{"name":"(anonymous_15)","decl":{"start":{"line":83,"column":43},"end":{"line":83,"column":44}},"loc":{"start":{"line":83,"column":56},"end":{"line":104,"column":5}}},"5":{"name":"(anonymous_16)","decl":{"start":{"line":89,"column":65},"end":{"line":89,"column":66}},"loc":{"start":{"line":89,"column":78},"end":{"line":103,"column":7}}},"6":{"name":"(anonymous_19)","decl":{"start":{"line":112,"column":37},"end":{"line":112,"column":38}},"loc":{"start":{"line":112,"column":46},"end":{"line":118,"column":5}}},"7":{"name":"(anonymous_20)","decl":{"start":{"line":115,"column":36},"end":{"line":115,"column":39}},"loc":{"start":{"line":115,"column":41},"end":{"line":117,"column":7}}}},"branchMap":{"0":{"loc":{"start":{"line":47,"column":4},"end":{"line":49,"column":null}},"type":"if","locations":[{"start":{"line":47,"column":4},"end":{"line":49,"column":null}},{"start":{"line":47,"column":4},"end":{"line":49,"column":null}}]},"1":{"loc":{"start":{"line":47,"column":8},"end":{"line":47,"column":41}},"type":"binary-expr","locations":[{"start":{"line":47,"column":8},"end":{"line":47,"column":41}},{"start":{"line":47,"column":45},"end":{"line":47,"column":82}}]},"2":{"loc":{"start":{"line":58,"column":4},"end":{"line":61,"column":null}},"type":"if","locations":[{"start":{"line":58,"column":4},"end":{"line":61,"column":null}},{"start":{"line":58,"column":4},"end":{"line":61,"column":null}}]},"3":{"loc":{"start":{"line":73,"column":4},"end":{"line":75,"column":null}},"type":"if","locations":[{"start":{"line":73,"column":4},"end":{"line":75,"column":null}},{"start":{"line":73,"column":4},"end":{"line":75,"column":null}}]},"4":{"loc":{"start":{"line":84,"column":6},"end":{"line":87,"column":null}},"type":"if","locations":[{"start":{"line":84,"column":6},"end":{"line":87,"column":null}},{"start":{"line":84,"column":6},"end":{"line":87,"column":null}}]},"5":{"loc":{"start":{"line":90,"column":8},"end":{"line":92,"column":null}},"type":"if","locations":[{"start":{"line":90,"column":8},"end":{"line":92,"column":null}},{"start":{"line":90,"column":8},"end":{"line":92,"column":null}}]},"6":{"loc":{"start":{"line":94,"column":8},"end":{"line":96,"column":null}},"type":"if","locations":[{"start":{"line":94,"column":8},"end":{"line":96,"column":null}},{"start":{"line":94,"column":8},"end":{"line":96,"column":null}}]},"7":{"loc":{"start":{"line":94,"column":12},"end":{"line":94,"column":16}},"type":"binary-expr","locations":[{"start":{"line":94,"column":12},"end":{"line":94,"column":16}},{"start":{"line":94,"column":20},"end":{"line":94,"column":36}}]},"8":{"loc":{"start":{"line":100,"column":8},"end":{"line":102,"column":null}},"type":"if","locations":[{"start":{"line":100,"column":8},"end":{"line":102,"column":null}},{"start":{"line":100,"column":8},"end":{"line":102,"column":null}}]}},"s":{"0":1,"1":1,"2":1,"3":1,"4":1,"5":1,"6":1,"7":1,"8":1,"9":1,"10":1,"11":1,"12":1,"13":0,"14":0,"15":1,"16":0,"17":0,"18":1,"19":1,"20":1,"21":78,"22":0,"23":78,"24":1,"25":0,"26":0,"27":0,"28":0,"29":0,"30":0,"31":0,"32":0,"33":0,"34":0,"35":0,"36":0,"37":0,"38":0,"39":0,"40":0,"41":0,"42":0,"43":1,"44":1,"45":1},"f":{"0":1,"1":0,"2":1,"3":78,"4":0,"5":0,"6":0,"7":0},"b":{"0":[0,1],"1":[1,0],"2":[0,1],"3":[0,78],"4":[0,0],"5":[0,0],"6":[0,0],"7":[0,0],"8":[0,0]}}
}
