{"/home/fabien/www/deflow/src/index.ts": {"path":"/home/fabien/www/deflow/src/index.ts","statementMap":{"0":{"start":{"line":1,"column":0},"end":{"line":1,"column":27}},"1":{"start":{"line":2,"column":0},"end":{"line":2,"column":7}},"2":{"start":{"line":9,"column":19},"end":{"line":2,"column":30}},"3":{"start":{"line":3,"column":0},"end":{"line":3,"column":7}},"4":{"start":{"line":9,"column":25},"end":{"line":3,"column":30}},"5":{"start":{"line":4,"column":0},"end":{"line":4,"column":7}},"6":{"start":{"line":9,"column":9},"end":{"line":4,"column":38}},"7":{"start":{"line":5,"column":0},"end":{"line":5,"column":7}},"8":{"start":{"line":9,"column":31},"end":{"line":5,"column":44}},"9":{"start":{"line":7,"column":0},"end":{"line":7,"column":22}}},"fnMap":{},"branchMap":{},"s":{"0":5,"1":5,"2":5,"3":5,"4":5,"5":5,"6":5,"7":5,"8":5,"9":5},"f":{},"b":{}}
,"/home/fabien/www/deflow/src/lib/Client.spec2.ts": {"path":"/home/fabien/www/deflow/src/lib/Client.spec2.ts","statementMap":{"0":{"start":{"line":1,"column":0},"end":{"line":1,"column":34}},"1":{"start":{"line":2,"column":0},"end":{"line":2,"column":36}},"2":{"start":{"line":4,"column":0},"end":{"line":4,"column":53}},"3":{"start":{"line":6,"column":38},"end":{"line":6,"column":71}},"4":{"start":{"line":8,"column":0},"end":{"line":36,"column":3}},"5":{"start":{"line":9,"column":2},"end":{"line":12,"column":5}},"6":{"start":{"line":10,"column":19},"end":{"line":10,"column":55}},"7":{"start":{"line":11,"column":4},"end":{"line":11,"column":53}},"8":{"start":{"line":14,"column":2},"end":{"line":18,"column":5}},"9":{"start":{"line":14,"column":37},"end":{"line":18,"column":4}},"10":{"start":{"line":15,"column":19},"end":{"line":15,"column":55}},"11":{"start":{"line":16,"column":4},"end":{"line":16,"column":25}},"12":{"start":{"line":17,"column":4},"end":{"line":17,"column":53}},"13":{"start":{"line":20,"column":2},"end":{"line":24,"column":5}},"14":{"start":{"line":20,"column":36},"end":{"line":24,"column":4}},"15":{"start":{"line":21,"column":19},"end":{"line":21,"column":55}},"16":{"start":{"line":22,"column":4},"end":{"line":22,"column":32}},"17":{"start":{"line":23,"column":4},"end":{"line":23,"column":53}},"18":{"start":{"line":26,"column":2},"end":{"line":35,"column":5}},"19":{"start":{"line":26,"column":32},"end":{"line":35,"column":4}},"20":{"start":{"line":27,"column":4},"end":{"line":34,"column":null}},"21":{"start":{"line":28,"column":21},"end":{"line":28,"column":57}},"22":{"start":{"line":29,"column":6},"end":{"line":31,"column":null}},"23":{"start":{"line":29,"column":19},"end":{"line":29,"column":20}},"24":{"start":{"line":30,"column":8},"end":{"line":30,"column":43}},"25":{"start":{"line":33,"column":6},"end":{"line":33,"column":41}}},"fnMap":{"0":{"name":"(anonymous_8)","decl":{"start":{"line":8,"column":19},"end":{"line":8,"column":22}},"loc":{"start":{"line":8,"column":24},"end":{"line":36,"column":1}}},"1":{"name":"(anonymous_9)","decl":{"start":{"line":9,"column":27},"end":{"line":9,"column":30}},"loc":{"start":{"line":9,"column":32},"end":{"line":12,"column":3}}},"2":{"name":"(anonymous_10)","decl":{"start":{"line":14,"column":26},"end":{"line":14,"column":35}},"loc":{"start":{"line":14,"column":37},"end":{"line":18,"column":4}}},"3":{"name":"(anonymous_11)","decl":{"start":{"line":14,"column":37},"end":{"line":14,"column":null}},"loc":{"start":{"line":14,"column":37},"end":{"line":18,"column":3}}},"4":{"name":"(anonymous_12)","decl":{"start":{"line":20,"column":25},"end":{"line":20,"column":34}},"loc":{"start":{"line":20,"column":36},"end":{"line":24,"column":4}}},"5":{"name":"(anonymous_13)","decl":{"start":{"line":20,"column":36},"end":{"line":20,"column":null}},"loc":{"start":{"line":20,"column":36},"end":{"line":24,"column":3}}},"6":{"name":"(anonymous_14)","decl":{"start":{"line":26,"column":21},"end":{"line":26,"column":30}},"loc":{"start":{"line":26,"column":32},"end":{"line":35,"column":4}}},"7":{"name":"(anonymous_15)","decl":{"start":{"line":26,"column":32},"end":{"line":26,"column":null}},"loc":{"start":{"line":26,"column":32},"end":{"line":35,"column":3}}}},"branchMap":{},"s":{"0":0,"1":0,"2":0,"3":0,"4":0,"5":0,"6":0,"7":0,"8":0,"9":0,"10":0,"11":0,"12":0,"13":0,"14":0,"15":0,"16":0,"17":0,"18":0,"19":0,"20":0,"21":0,"22":0,"23":0,"24":0,"25":0},"f":{"0":0,"1":0,"2":0,"3":0,"4":0,"5":0,"6":0,"7":0},"b":{}}
,"/home/fabien/www/deflow/src/lib/Client.ts": {"path":"/home/fabien/www/deflow/src/lib/Client.ts","statementMap":{"0":{"start":{"line":1,"column":0},"end":{"line":1,"column":26}},"1":{"start":{"line":2,"column":0},"end":{"line":2,"column":43}},"2":{"start":{"line":4,"column":14},"end":{"line":4,"column":36}},"3":{"start":{"line":19,"column":19},"end":{"line":19,"column":20}},"4":{"start":{"line":20,"column":24},"end":{"line":20,"column":26}},"5":{"start":{"line":22,"column":19},"end":{"line":28,"column":6}},"6":{"start":{"line":30,"column":4},"end":{"line":32,"column":7}},"7":{"start":{"line":31,"column":6},"end":{"line":31,"column":27}},"8":{"start":{"line":34,"column":4},"end":{"line":36,"column":7}},"9":{"start":{"line":35,"column":6},"end":{"line":35,"column":34}},"10":{"start":{"line":38,"column":4},"end":{"line":45,"column":7}},"11":{"start":{"line":39,"column":6},"end":{"line":39,"column":20}},"12":{"start":{"line":40,"column":6},"end":{"line":40,"column":40}},"13":{"start":{"line":41,"column":6},"end":{"line":44,"column":null}},"14":{"start":{"line":42,"column":22},"end":{"line":42,"column":34}},"15":{"start":{"line":43,"column":8},"end":{"line":43,"column":20}},"16":{"start":{"line":47,"column":4},"end":{"line":47,"column":18}},"17":{"start":{"line":14,"column":0},"end":{"line":14,"column":21}}},"fnMap":{"0":{"name":"(anonymous_7)","decl":{"start":{"line":18,"column":9},"end":{"line":18,"column":15}},"loc":{"start":{"line":18,"column":63},"end":{"line":48,"column":3}}},"1":{"name":"(anonymous_8)","decl":{"start":{"line":30,"column":23},"end":{"line":30,"column":26}},"loc":{"start":{"line":30,"column":28},"end":{"line":32,"column":5}}},"2":{"name":"(anonymous_9)","decl":{"start":{"line":34,"column":30},"end":{"line":34,"column":33}},"loc":{"start":{"line":34,"column":35},"end":{"line":36,"column":5}}},"3":{"name":"(anonymous_10)","decl":{"start":{"line":38,"column":23},"end":{"line":38,"column":24}},"loc":{"start":{"line":38,"column":29},"end":{"line":45,"column":5}}}},"branchMap":{"0":{"loc":{"start":{"line":41,"column":6},"end":{"line":44,"column":null}},"type":"if","locations":[{"start":{"line":41,"column":6},"end":{"line":44,"column":null}},{"start":{"line":41,"column":6},"end":{"line":44,"column":null}}]}},"s":{"0":5,"1":5,"2":5,"3":24,"4":24,"5":24,"6":24,"7":21,"8":24,"9":0,"10":24,"11":0,"12":0,"13":0,"14":0,"15":0,"16":24,"17":5},"f":{"0":24,"1":21,"2":0,"3":0},"b":{"0":[0,0]}}
,"/home/fabien/www/deflow/src/lib/PubSubManager.ts": {"path":"/home/fabien/www/deflow/src/lib/PubSubManager.ts","statementMap":{"0":{"start":{"line":1,"column":0},"end":{"line":1,"column":34}},"1":{"start":{"line":3,"column":0},"end":{"line":3,"column":34}},"2":{"start":{"line":5,"column":0},"end":{"line":5,"column":29}},"3":{"start":{"line":7,"column":0},"end":{"line":7,"column":null}},"4":{"start":{"line":8,"column":2},"end":{"line":8,"column":null}},"5":{"start":{"line":9,"column":2},"end":{"line":9,"column":null}},"6":{"start":{"line":10,"column":2},"end":{"line":10,"column":null}},"7":{"start":{"line":52,"column":19},"end":{"line":52,"column":39}},"8":{"start":{"line":54,"column":4},"end":{"line":64,"column":7}},"9":{"start":{"line":55,"column":30},"end":{"line":55,"column":46}},"10":{"start":{"line":57,"column":21},"end":{"line":57,"column":41}},"11":{"start":{"line":59,"column":6},"end":{"line":63,"column":null}},"12":{"start":{"line":60,"column":8},"end":{"line":60,"column":40}},"13":{"start":{"line":62,"column":8},"end":{"line":62,"column":44}},"14":{"start":{"line":66,"column":4},"end":{"line":66,"column":56}},"15":{"start":{"line":73,"column":19},"end":{"line":73,"column":39}},"16":{"start":{"line":74,"column":4},"end":{"line":76,"column":null}},"17":{"start":{"line":75,"column":6},"end":{"line":75,"column":13}},"18":{"start":{"line":77,"column":4},"end":{"line":77,"column":58}},"19":{"start":{"line":84,"column":4},"end":{"line":91,"column":null}},"20":{"start":{"line":86,"column":8},"end":{"line":86,"column":35}},"21":{"start":{"line":87,"column":8},"end":{"line":87,"column":14}},"22":{"start":{"line":89,"column":8},"end":{"line":89,"column":39}},"23":{"start":{"line":90,"column":8},"end":{"line":90,"column":14}},"24":{"start":{"line":98,"column":4},"end":{"line":105,"column":null}},"25":{"start":{"line":100,"column":8},"end":{"line":100,"column":35}},"26":{"start":{"line":101,"column":8},"end":{"line":101,"column":14}},"27":{"start":{"line":103,"column":8},"end":{"line":103,"column":39}},"28":{"start":{"line":104,"column":8},"end":{"line":104,"column":14}},"29":{"start":{"line":113,"column":19},"end":{"line":113,"column":39}},"30":{"start":{"line":114,"column":24},"end":{"line":114,"column":33}},"31":{"start":{"line":115,"column":14},"end":{"line":115,"column":66}},"32":{"start":{"line":116,"column":23},"end":{"line":116,"column":43}},"33":{"start":{"line":117,"column":4},"end":{"line":117,"column":64}},"34":{"start":{"line":125,"column":4},"end":{"line":125,"column":49}},"35":{"start":{"line":133,"column":4},"end":{"line":133,"column":47}},"36":{"start":{"line":141,"column":21},"end":{"line":141,"column":67}},"37":{"start":{"line":142,"column":4},"end":{"line":145,"column":null}},"38":{"start":{"line":143,"column":6},"end":{"line":143,"column":66}},"39":{"start":{"line":144,"column":6},"end":{"line":144,"column":13}},"40":{"start":{"line":146,"column":20},"end":{"line":146,"column":44}},"41":{"start":{"line":147,"column":4},"end":{"line":147,"column":39}},"42":{"start":{"line":148,"column":4},"end":{"line":148,"column":38}},"43":{"start":{"line":43,"column":0},"end":{"line":43,"column":21}},"44":{"start":{"line":44,"column":17},"end":{"line":44,"column":33}},"45":{"start":{"line":46,"column":9},"end":{"line":46,"column":38}}},"fnMap":{"0":{"name":"(anonymous_8)","decl":{"start":{"line":7,"column":0},"end":{"line":7,"column":12}},"loc":{"start":{"line":7,"column":18},"end":{"line":11,"column":1}}},"1":{"name":"(anonymous_9)","decl":{"start":{"line":51,"column":2},"end":{"line":51,"column":8}},"loc":{"start":{"line":51,"column":24},"end":{"line":67,"column":null}}},"2":{"name":"(anonymous_11)","decl":{"start":{"line":54,"column":37},"end":{"line":54,"column":38}},"loc":{"start":{"line":54,"column":64},"end":{"line":64,"column":5}}},"3":{"name":"(anonymous_12)","decl":{"start":{"line":72,"column":2},"end":{"line":72,"column":8}},"loc":{"start":{"line":72,"column":26},"end":{"line":78,"column":null}}},"4":{"name":"(anonymous_14)","decl":{"start":{"line":83,"column":2},"end":{"line":83,"column":8}},"loc":{"start":{"line":83,"column":38},"end":{"line":92,"column":3}}},"5":{"name":"(anonymous_15)","decl":{"start":{"line":97,"column":2},"end":{"line":97,"column":8}},"loc":{"start":{"line":97,"column":34},"end":{"line":106,"column":3}}},"6":{"name":"(anonymous_16)","decl":{"start":{"line":112,"column":2},"end":{"line":112,"column":8}},"loc":{"start":{"line":112,"column":59},"end":{"line":118,"column":null}}},"7":{"name":"(anonymous_18)","decl":{"start":{"line":124,"column":2},"end":{"line":124,"column":8}},"loc":{"start":{"line":124,"column":46},"end":{"line":126,"column":null}}},"8":{"name":"(anonymous_20)","decl":{"start":{"line":132,"column":2},"end":{"line":132,"column":8}},"loc":{"start":{"line":132,"column":46},"end":{"line":134,"column":null}}},"9":{"name":"(anonymous_22)","decl":{"start":{"line":140,"column":2},"end":{"line":140,"column":8}},"loc":{"start":{"line":140,"column":38},"end":{"line":149,"column":null}}}},"branchMap":{"0":{"loc":{"start":{"line":7,"column":12},"end":{"line":7,"column":18}},"type":"binary-expr","locations":[{"start":{"line":7,"column":12},"end":{"line":7,"column":18}},{"start":{"line":7,"column":12},"end":{"line":7,"column":null}}]},"1":{"loc":{"start":{"line":59,"column":6},"end":{"line":63,"column":null}},"type":"if","locations":[{"start":{"line":59,"column":6},"end":{"line":63,"column":null}},{"start":{"line":59,"column":6},"end":{"line":63,"column":null}}]},"2":{"loc":{"start":{"line":74,"column":4},"end":{"line":76,"column":null}},"type":"if","locations":[{"start":{"line":74,"column":4},"end":{"line":76,"column":null}},{"start":{"line":74,"column":4},"end":{"line":76,"column":null}}]},"3":{"loc":{"start":{"line":85,"column":6},"end":{"line":87,"column":14}},"type":"switch","locations":[{"start":{"line":85,"column":6},"end":{"line":87,"column":14}},{"start":{"line":88,"column":6},"end":{"line":90,"column":14}}]},"4":{"loc":{"start":{"line":99,"column":6},"end":{"line":101,"column":14}},"type":"switch","locations":[{"start":{"line":99,"column":6},"end":{"line":101,"column":14}},{"start":{"line":102,"column":6},"end":{"line":104,"column":14}}]},"5":{"loc":{"start":{"line":142,"column":4},"end":{"line":145,"column":null}},"type":"if","locations":[{"start":{"line":142,"column":4},"end":{"line":145,"column":null}},{"start":{"line":142,"column":4},"end":{"line":145,"column":null}}]}},"s":{"0":5,"1":5,"2":5,"3":5,"4":5,"5":5,"6":5,"7":8,"8":8,"9":66,"10":66,"11":66,"12":44,"13":22,"14":8,"15":8,"16":8,"17":0,"18":8,"19":22,"20":3,"21":3,"22":0,"23":0,"24":44,"25":8,"26":8,"27":26,"28":26,"29":44,"30":44,"31":44,"32":44,"33":44,"34":0,"35":26,"36":11,"37":11,"38":2,"39":2,"40":9,"41":9,"42":9,"43":5,"44":5,"45":5},"f":{"0":5,"1":8,"2":66,"3":8,"4":22,"5":44,"6":44,"7":0,"8":26,"9":11},"b":{"0":[5,5],"1":[44,22],"2":[0,8],"3":[3,0],"4":[8,26],"5":[2,9]}}
,"/home/fabien/www/deflow/src/lib/Step.ts": {"path":"/home/fabien/www/deflow/src/lib/Step.ts","statementMap":{"0":{"start":{"line":1,"column":0},"end":{"line":1,"column":26}},"1":{"start":{"line":2,"column":0},"end":{"line":2,"column":38}},"2":{"start":{"line":3,"column":0},"end":{"line":3,"column":30}},"3":{"start":{"line":5,"column":0},"end":{"line":5,"column":40}},"4":{"start":{"line":6,"column":0},"end":{"line":6,"column":34}},"5":{"start":{"line":7,"column":0},"end":{"line":7,"column":59}},"6":{"start":{"line":9,"column":0},"end":{"line":9,"column":29}},"7":{"start":{"line":10,"column":0},"end":{"line":10,"column":56}},"8":{"start":{"line":12,"column":14},"end":{"line":12,"column":34}},"9":{"start":{"line":73,"column":40},"end":{"line":78,"column":2}},"10":{"start":{"line":93,"column":9},"end":{"line":93,"column":38}},"11":{"start":{"line":99,"column":2},"end":{"line":99,"column":22}},"12":{"start":{"line":101,"column":2},"end":{"line":101,"column":33}},"13":{"start":{"line":107,"column":4},"end":{"line":107,"column":22}},"14":{"start":{"line":108,"column":4},"end":{"line":108,"column":26}},"15":{"start":{"line":109,"column":4},"end":{"line":109,"column":28}},"16":{"start":{"line":110,"column":4},"end":{"line":110,"column":26}},"17":{"start":{"line":112,"column":4},"end":{"line":112,"column":30}},"18":{"start":{"line":113,"column":4},"end":{"line":113,"column":34}},"19":{"start":{"line":115,"column":4},"end":{"line":115,"column":36}},"20":{"start":{"line":116,"column":4},"end":{"line":116,"column":32}},"21":{"start":{"line":118,"column":4},"end":{"line":118,"column":38}},"22":{"start":{"line":119,"column":4},"end":{"line":119,"column":24}},"23":{"start":{"line":120,"column":4},"end":{"line":120,"column":36}},"24":{"start":{"line":128,"column":15},"end":{"line":128,"column":25}},"25":{"start":{"line":129,"column":16},"end":{"line":129,"column":47}},"26":{"start":{"line":131,"column":18},"end":{"line":131,"column":36}},"27":{"start":{"line":134,"column":21},"end":{"line":134,"column":60}},"28":{"start":{"line":135,"column":4},"end":{"line":137,"column":null}},"29":{"start":{"line":136,"column":6},"end":{"line":136,"column":49}},"30":{"start":{"line":139,"column":4},"end":{"line":141,"column":null}},"31":{"start":{"line":140,"column":6},"end":{"line":140,"column":52}},"32":{"start":{"line":143,"column":4},"end":{"line":145,"column":null}},"33":{"start":{"line":144,"column":6},"end":{"line":144,"column":55}},"34":{"start":{"line":147,"column":4},"end":{"line":149,"column":null}},"35":{"start":{"line":148,"column":6},"end":{"line":148,"column":48}},"36":{"start":{"line":152,"column":39},"end":{"line":152,"column":72}},"37":{"start":{"line":153,"column":17},"end":{"line":153,"column":47}},"38":{"start":{"line":155,"column":4},"end":{"line":181,"column":null}},"39":{"start":{"line":156,"column":6},"end":{"line":166,"column":null}},"40":{"start":{"line":157,"column":8},"end":{"line":165,"column":11}},"41":{"start":{"line":168,"column":6},"end":{"line":178,"column":null}},"42":{"start":{"line":169,"column":8},"end":{"line":177,"column":11}},"43":{"start":{"line":180,"column":6},"end":{"line":180,"column":31}},"44":{"start":{"line":183,"column":25},"end":{"line":195,"column":6}},"45":{"start":{"line":197,"column":4},"end":{"line":197,"column":32}},"46":{"start":{"line":199,"column":4},"end":{"line":201,"column":null}},"47":{"start":{"line":200,"column":6},"end":{"line":200,"column":46}},"48":{"start":{"line":208,"column":4},"end":{"line":208,"column":24}},"49":{"start":{"line":216,"column":19},"end":{"line":216,"column":39}},"50":{"start":{"line":217,"column":4},"end":{"line":226,"column":7}},"51":{"start":{"line":218,"column":6},"end":{"line":225,"column":9}},"52":{"start":{"line":219,"column":8},"end":{"line":221,"column":null}},"53":{"start":{"line":220,"column":10},"end":{"line":220,"column":63}},"54":{"start":{"line":222,"column":35},"end":{"line":222,"column":50}},"55":{"start":{"line":223,"column":21},"end":{"line":223,"column":39}},"56":{"start":{"line":224,"column":8},"end":{"line":224,"column":29}},"57":{"start":{"line":234,"column":4},"end":{"line":234,"column":31}},"58":{"start":{"line":235,"column":17},"end":{"line":235,"column":45}},"59":{"start":{"line":236,"column":4},"end":{"line":236,"column":30}},"60":{"start":{"line":244,"column":37},"end":{"line":244,"column":43}},"61":{"start":{"line":245,"column":15},"end":{"line":245,"column":24}},"62":{"start":{"line":246,"column":4},"end":{"line":248,"column":null}},"63":{"start":{"line":247,"column":6},"end":{"line":247,"column":34}},"64":{"start":{"line":250,"column":16},"end":{"line":250,"column":36}},"65":{"start":{"line":253,"column":4},"end":{"line":255,"column":null}},"66":{"start":{"line":254,"column":6},"end":{"line":254,"column":60}},"67":{"start":{"line":257,"column":17},"end":{"line":257,"column":49}},"68":{"start":{"line":259,"column":17},"end":{"line":268,"column":6}},"69":{"start":{"line":270,"column":4},"end":{"line":270,"column":27}},"70":{"start":{"line":272,"column":4},"end":{"line":272,"column":16}},"71":{"start":{"line":279,"column":16},"end":{"line":279,"column":30}},"72":{"start":{"line":280,"column":4},"end":{"line":284,"column":26}},"73":{"start":{"line":280,"column":74},"end":{"line":284,"column":7}},"74":{"start":{"line":281,"column":6},"end":{"line":281,"column":17}},"75":{"start":{"line":282,"column":6},"end":{"line":282,"column":17}},"76":{"start":{"line":283,"column":6},"end":{"line":283,"column":95}},"77":{"start":{"line":286,"column":4},"end":{"line":286,"column":27}},"78":{"start":{"line":287,"column":4},"end":{"line":287,"column":26}},"79":{"start":{"line":296,"column":4},"end":{"line":296,"column":31}},"80":{"start":{"line":297,"column":4},"end":{"line":297,"column":44}},"81":{"start":{"line":299,"column":15},"end":{"line":299,"column":37}},"82":{"start":{"line":300,"column":4},"end":{"line":302,"column":null}},"83":{"start":{"line":301,"column":6},"end":{"line":301,"column":33}},"84":{"start":{"line":304,"column":4},"end":{"line":304,"column":28}},"85":{"start":{"line":320,"column":4},"end":{"line":320,"column":38}},"86":{"start":{"line":327,"column":4},"end":{"line":327,"column":25}},"87":{"start":{"line":329,"column":4},"end":{"line":352,"column":7}},"88":{"start":{"line":330,"column":18},"end":{"line":330,"column":34}},"89":{"start":{"line":332,"column":6},"end":{"line":351,"column":8}},"90":{"start":{"line":336,"column":10},"end":{"line":338,"column":null}},"91":{"start":{"line":337,"column":12},"end":{"line":337,"column":38}},"92":{"start":{"line":340,"column":23},"end":{"line":343,"column":48}},"93":{"start":{"line":342,"column":26},"end":{"line":342,"column":41}},"94":{"start":{"line":343,"column":35},"end":{"line":343,"column":47}},"95":{"start":{"line":345,"column":10},"end":{"line":347,"column":null}},"96":{"start":{"line":346,"column":12},"end":{"line":346,"column":38}},"97":{"start":{"line":349,"column":10},"end":{"line":349,"column":41}},"98":{"start":{"line":359,"column":4},"end":{"line":376,"column":7}},"99":{"start":{"line":360,"column":6},"end":{"line":375,"column":9}},"100":{"start":{"line":361,"column":8},"end":{"line":363,"column":null}},"101":{"start":{"line":362,"column":10},"end":{"line":362,"column":61}},"102":{"start":{"line":365,"column":22},"end":{"line":365,"column":25}},"103":{"start":{"line":366,"column":8},"end":{"line":368,"column":null}},"104":{"start":{"line":367,"column":10},"end":{"line":367,"column":64}},"105":{"start":{"line":370,"column":8},"end":{"line":374,"column":11}},"106":{"start":{"line":384,"column":4},"end":{"line":384,"column":36}},"107":{"start":{"line":386,"column":18},"end":{"line":386,"column":19}},"108":{"start":{"line":387,"column":21},"end":{"line":387,"column":23}},"109":{"start":{"line":388,"column":4},"end":{"line":391,"column":null}},"110":{"start":{"line":389,"column":6},"end":{"line":389,"column":28}},"111":{"start":{"line":390,"column":6},"end":{"line":390,"column":47}},"112":{"start":{"line":393,"column":4},"end":{"line":393,"column":32}},"113":{"start":{"line":396,"column":4},"end":{"line":396,"column":26}},"114":{"start":{"line":460,"column":4},"end":{"line":477,"column":null}},"115":{"start":{"line":462,"column":6},"end":{"line":464,"column":null}},"116":{"start":{"line":463,"column":8},"end":{"line":463,"column":42}},"117":{"start":{"line":465,"column":23},"end":{"line":465,"column":50}},"118":{"start":{"line":466,"column":34},"end":{"line":466,"column":75}},"119":{"start":{"line":466,"column":40},"end":{"line":466,"column":53}},"120":{"start":{"line":466,"column":65},"end":{"line":466,"column":74}},"121":{"start":{"line":467,"column":6},"end":{"line":471,"column":null}},"122":{"start":{"line":468,"column":8},"end":{"line":470,"column":10}},"123":{"start":{"line":473,"column":6},"end":{"line":473,"column":40}},"124":{"start":{"line":475,"column":6},"end":{"line":475,"column":31}},"125":{"start":{"line":476,"column":6},"end":{"line":476,"column":14}},"126":{"start":{"line":753,"column":4},"end":{"line":765,"column":6}},"127":{"start":{"line":83,"column":0},"end":{"line":83,"column":21}},"128":{"start":{"line":311,"column":21},"end":{"line":747,"column":null}},"129":{"start":{"line":312,"column":17},"end":{"line":312,"column":37}},"130":{"start":{"line":313,"column":4},"end":{"line":313,"column":63}},"131":{"start":{"line":403,"column":46},"end":{"line":403,"column":58}},"132":{"start":{"line":405,"column":17},"end":{"line":405,"column":40}},"133":{"start":{"line":406,"column":4},"end":{"line":408,"column":null}},"134":{"start":{"line":407,"column":6},"end":{"line":407,"column":31}},"135":{"start":{"line":411,"column":4},"end":{"line":416,"column":null}},"136":{"start":{"line":412,"column":6},"end":{"line":415,"column":9}},"137":{"start":{"line":419,"column":18},"end":{"line":419,"column":38}},"138":{"start":{"line":420,"column":57},"end":{"line":420,"column":89}},"139":{"start":{"line":421,"column":4},"end":{"line":424,"column":null}},"140":{"start":{"line":423,"column":6},"end":{"line":423,"column":46}},"141":{"start":{"line":426,"column":4},"end":{"line":426,"column":60}},"142":{"start":{"line":427,"column":4},"end":{"line":427,"column":85}},"143":{"start":{"line":430,"column":4},"end":{"line":439,"column":null}},"144":{"start":{"line":431,"column":6},"end":{"line":431,"column":29}},"145":{"start":{"line":432,"column":6},"end":{"line":432,"column":53}},"146":{"start":{"line":433,"column":6},"end":{"line":433,"column":36}},"147":{"start":{"line":435,"column":20},"end":{"line":435,"column":60}},"148":{"start":{"line":436,"column":6},"end":{"line":436,"column":39}},"149":{"start":{"line":437,"column":6},"end":{"line":437,"column":49}},"150":{"start":{"line":438,"column":6},"end":{"line":438,"column":39}},"151":{"start":{"line":441,"column":4},"end":{"line":441,"column":78}},"152":{"start":{"line":444,"column":4},"end":{"line":449,"column":null}},"153":{"start":{"line":445,"column":25},"end":{"line":445,"column":46}},"154":{"start":{"line":446,"column":6},"end":{"line":448,"column":null}},"155":{"start":{"line":447,"column":8},"end":{"line":447,"column":43}},"156":{"start":{"line":451,"column":4},"end":{"line":451,"column":37}},"157":{"start":{"line":484,"column":4},"end":{"line":484,"column":39}},"158":{"start":{"line":491,"column":23},"end":{"line":491,"column":44}},"159":{"start":{"line":492,"column":4},"end":{"line":494,"column":null}},"160":{"start":{"line":493,"column":6},"end":{"line":493,"column":46}},"161":{"start":{"line":497,"column":45},"end":{"line":497,"column":47}},"162":{"start":{"line":500,"column":4},"end":{"line":502,"column":null}},"163":{"start":{"line":501,"column":6},"end":{"line":501,"column":51}},"164":{"start":{"line":505,"column":4},"end":{"line":515,"column":null}},"165":{"start":{"line":506,"column":19},"end":{"line":506,"column":45}},"166":{"start":{"line":507,"column":6},"end":{"line":507,"column":37}},"167":{"start":{"line":508,"column":11},"end":{"line":515,"column":null}},"168":{"start":{"line":509,"column":19},"end":{"line":509,"column":45}},"169":{"start":{"line":510,"column":6},"end":{"line":510,"column":38}},"170":{"start":{"line":511,"column":11},"end":{"line":515,"column":null}},"171":{"start":{"line":512,"column":6},"end":{"line":512,"column":42}},"172":{"start":{"line":514,"column":6},"end":{"line":514,"column":71}},"173":{"start":{"line":517,"column":4},"end":{"line":517,"column":26}},"174":{"start":{"line":520,"column":4},"end":{"line":524,"column":7}},"175":{"start":{"line":521,"column":6},"end":{"line":523,"column":37}},"176":{"start":{"line":522,"column":23},"end":{"line":522,"column":35}},"177":{"start":{"line":523,"column":24},"end":{"line":523,"column":35}},"178":{"start":{"line":531,"column":4},"end":{"line":535,"column":null}},"179":{"start":{"line":532,"column":6},"end":{"line":532,"column":43}},"180":{"start":{"line":534,"column":6},"end":{"line":534,"column":18}},"181":{"start":{"line":544,"column":23},"end":{"line":544,"column":56}},"182":{"start":{"line":545,"column":4},"end":{"line":547,"column":null}},"183":{"start":{"line":546,"column":6},"end":{"line":546,"column":47}},"184":{"start":{"line":554,"column":28},"end":{"line":554,"column":40}},"185":{"start":{"line":555,"column":4},"end":{"line":557,"column":7}},"186":{"start":{"line":556,"column":6},"end":{"line":556,"column":78}},"187":{"start":{"line":556,"column":23},"end":{"line":556,"column":63}},"188":{"start":{"line":564,"column":35},"end":{"line":564,"column":47}},"189":{"start":{"line":565,"column":4},"end":{"line":567,"column":null}},"190":{"start":{"line":566,"column":6},"end":{"line":566,"column":31}},"191":{"start":{"line":568,"column":4},"end":{"line":568,"column":79}},"192":{"start":{"line":568,"column":36},"end":{"line":568,"column":77}},"193":{"start":{"line":568,"column":53},"end":{"line":568,"column":56}},"194":{"start":{"line":575,"column":4},"end":{"line":575,"column":20}},"195":{"start":{"line":577,"column":4},"end":{"line":597,"column":7}},"196":{"start":{"line":577,"column":95},"end":{"line":597,"column":6}},"197":{"start":{"line":578,"column":6},"end":{"line":580,"column":null}},"198":{"start":{"line":579,"column":8},"end":{"line":579,"column":94}},"199":{"start":{"line":582,"column":6},"end":{"line":596,"column":null}},"200":{"start":{"line":584,"column":22},"end":{"line":584,"column":53}},"201":{"start":{"line":584,"column":39},"end":{"line":584,"column":52}},"202":{"start":{"line":585,"column":35},"end":{"line":585,"column":70}},"203":{"start":{"line":585,"column":53},"end":{"line":585,"column":69}},"204":{"start":{"line":587,"column":8},"end":{"line":589,"column":null}},"205":{"start":{"line":588,"column":10},"end":{"line":588,"column":72}},"206":{"start":{"line":591,"column":24},"end":{"line":591,"column":48}},"207":{"start":{"line":592,"column":8},"end":{"line":595,"column":null}},"208":{"start":{"line":594,"column":10},"end":{"line":594,"column":54}},"209":{"start":{"line":604,"column":4},"end":{"line":604,"column":26}},"210":{"start":{"line":606,"column":4},"end":{"line":619,"column":7}},"211":{"start":{"line":607,"column":6},"end":{"line":618,"column":9}},"212":{"start":{"line":608,"column":8},"end":{"line":611,"column":null}},"213":{"start":{"line":609,"column":10},"end":{"line":609,"column":61}},"214":{"start":{"line":610,"column":10},"end":{"line":610,"column":32}},"215":{"start":{"line":613,"column":8},"end":{"line":613,"column":41}},"216":{"start":{"line":614,"column":8},"end":{"line":617,"column":11}},"217":{"start":{"line":615,"column":10},"end":{"line":615,"column":85}},"218":{"start":{"line":616,"column":10},"end":{"line":616,"column":31}},"219":{"start":{"line":626,"column":4},"end":{"line":639,"column":7}},"220":{"start":{"line":627,"column":6},"end":{"line":638,"column":9}},"221":{"start":{"line":628,"column":8},"end":{"line":630,"column":null}},"222":{"start":{"line":629,"column":10},"end":{"line":629,"column":29}},"223":{"start":{"line":631,"column":8},"end":{"line":633,"column":null}},"224":{"start":{"line":632,"column":10},"end":{"line":632,"column":31}},"225":{"start":{"line":635,"column":35},"end":{"line":635,"column":50}},"226":{"start":{"line":636,"column":21},"end":{"line":636,"column":39}},"227":{"start":{"line":637,"column":8},"end":{"line":637,"column":29}},"228":{"start":{"line":649,"column":4},"end":{"line":667,"column":7}},"229":{"start":{"line":650,"column":6},"end":{"line":666,"column":9}},"230":{"start":{"line":651,"column":8},"end":{"line":653,"column":null}},"231":{"start":{"line":652,"column":10},"end":{"line":652,"column":29}},"232":{"start":{"line":655,"column":8},"end":{"line":665,"column":null}},"233":{"start":{"line":656,"column":32},"end":{"line":659,"column":16}},"234":{"start":{"line":657,"column":12},"end":{"line":657,"column":44}},"235":{"start":{"line":658,"column":12},"end":{"line":658,"column":21}},"236":{"start":{"line":661,"column":10},"end":{"line":661,"column":34}},"237":{"start":{"line":662,"column":10},"end":{"line":662,"column":69}},"238":{"start":{"line":664,"column":10},"end":{"line":664,"column":30}},"239":{"start":{"line":674,"column":19},"end":{"line":674,"column":39}},"240":{"start":{"line":676,"column":15},"end":{"line":676,"column":51}},"241":{"start":{"line":678,"column":21},"end":{"line":686,"column":6}},"242":{"start":{"line":679,"column":19},"end":{"line":679,"column":39}},"243":{"start":{"line":680,"column":6},"end":{"line":685,"column":9}},"244":{"start":{"line":681,"column":8},"end":{"line":683,"column":null}},"245":{"start":{"line":682,"column":10},"end":{"line":682,"column":29}},"246":{"start":{"line":684,"column":8},"end":{"line":684,"column":40}},"247":{"start":{"line":688,"column":22},"end":{"line":695,"column":6}},"248":{"start":{"line":689,"column":6},"end":{"line":694,"column":9}},"249":{"start":{"line":690,"column":8},"end":{"line":692,"column":null}},"250":{"start":{"line":691,"column":10},"end":{"line":691,"column":29}},"251":{"start":{"line":693,"column":8},"end":{"line":693,"column":33}},"252":{"start":{"line":697,"column":4},"end":{"line":697,"column":46}},"253":{"start":{"line":704,"column":15},"end":{"line":704,"column":51}},"254":{"start":{"line":705,"column":17},"end":{"line":705,"column":37}},"255":{"start":{"line":706,"column":4},"end":{"line":706,"column":44}},"256":{"start":{"line":713,"column":4},"end":{"line":713,"column":43}},"257":{"start":{"line":720,"column":4},"end":{"line":720,"column":40}},"258":{"start":{"line":727,"column":4},"end":{"line":727,"column":48}},"259":{"start":{"line":734,"column":4},"end":{"line":734,"column":53}},"260":{"start":{"line":741,"column":4},"end":{"line":746,"column":27}}},"fnMap":{"0":{"name":"(anonymous_15)","decl":{"start":{"line":106,"column":2},"end":{"line":106,"column":14}},"loc":{"start":{"line":106,"column":32},"end":{"line":121,"column":3}}},"1":{"name":"(anonymous_16)","decl":{"start":{"line":127,"column":2},"end":{"line":127,"column":8}},"loc":{"start":{"line":127,"column":38},"end":{"line":209,"column":null}}},"2":{"name":"(anonymous_18)","decl":{"start":{"line":215,"column":9},"end":{"line":215,"column":15}},"loc":{"start":{"line":215,"column":42},"end":{"line":227,"column":null}}},"3":{"name":"(anonymous_20)","decl":{"start":{"line":217,"column":23},"end":{"line":217,"column":24}},"loc":{"start":{"line":217,"column":43},"end":{"line":226,"column":5}}},"4":{"name":"(anonymous_21)","decl":{"start":{"line":218,"column":29},"end":{"line":218,"column":30}},"loc":{"start":{"line":218,"column":42},"end":{"line":225,"column":7}}},"5":{"name":"(anonymous_22)","decl":{"start":{"line":233,"column":2},"end":{"line":233,"column":8}},"loc":{"start":{"line":233,"column":39},"end":{"line":237,"column":null}}},"6":{"name":"(anonymous_24)","decl":{"start":{"line":243,"column":15},"end":{"line":243,"column":23}},"loc":{"start":{"line":243,"column":65},"end":{"line":273,"column":null}}},"7":{"name":"(anonymous_26)","decl":{"start":{"line":278,"column":15},"end":{"line":278,"column":23}},"loc":{"start":{"line":278,"column":35},"end":{"line":288,"column":null}}},"8":{"name":"(anonymous_28)","decl":{"start":{"line":280,"column":23},"end":{"line":280,"column":30}},"loc":{"start":{"line":280,"column":74},"end":{"line":284,"column":7}}},"9":{"name":"(anonymous_29)","decl":{"start":{"line":280,"column":74},"end":{"line":280,"column":null}},"loc":{"start":{"line":280,"column":74},"end":{"line":284,"column":5}}},"10":{"name":"(anonymous_30)","decl":{"start":{"line":295,"column":8},"end":{"line":295,"column":16}},"loc":{"start":{"line":295,"column":41},"end":{"line":305,"column":null}}},"11":{"name":"(anonymous_32)","decl":{"start":{"line":319,"column":15},"end":{"line":319,"column":25}},"loc":{"start":{"line":319,"column":25},"end":{"line":321,"column":null}}},"12":{"name":"(anonymous_34)","decl":{"start":{"line":326,"column":15},"end":{"line":326,"column":26}},"loc":{"start":{"line":326,"column":26},"end":{"line":353,"column":null}}},"13":{"name":"(anonymous_36)","decl":{"start":{"line":329,"column":23},"end":{"line":329,"column":24}},"loc":{"start":{"line":329,"column":35},"end":{"line":352,"column":5}}},"14":{"name":"(anonymous_37)","decl":{"start":{"line":335,"column":8},"end":{"line":335,"column":9}},"loc":{"start":{"line":335,"column":33},"end":{"line":350,"column":9}}},"15":{"name":"(anonymous_38)","decl":{"start":{"line":342,"column":17},"end":{"line":342,"column":18}},"loc":{"start":{"line":342,"column":26},"end":{"line":342,"column":41}}},"16":{"name":"(anonymous_39)","decl":{"start":{"line":343,"column":18},"end":{"line":343,"column":19}},"loc":{"start":{"line":343,"column":35},"end":{"line":343,"column":47}}},"17":{"name":"(anonymous_40)","decl":{"start":{"line":358,"column":15},"end":{"line":358,"column":26}},"loc":{"start":{"line":358,"column":26},"end":{"line":377,"column":null}}},"18":{"name":"(anonymous_42)","decl":{"start":{"line":359,"column":23},"end":{"line":359,"column":24}},"loc":{"start":{"line":359,"column":35},"end":{"line":376,"column":5}}},"19":{"name":"(anonymous_43)","decl":{"start":{"line":360,"column":52},"end":{"line":360,"column":53}},"loc":{"start":{"line":360,"column":67},"end":{"line":375,"column":7}}},"20":{"name":"(anonymous_44)","decl":{"start":{"line":383,"column":15},"end":{"line":383,"column":26}},"loc":{"start":{"line":383,"column":26},"end":{"line":397,"column":null}}},"21":{"name":"(anonymous_46)","decl":{"start":{"line":457,"column":2},"end":{"line":457,"column":8}},"loc":{"start":{"line":458,"column":30},"end":{"line":478,"column":null}}},"22":{"name":"(anonymous_48)","decl":{"start":{"line":466,"column":40},"end":{"line":466,"column":47}},"loc":{"start":{"line":466,"column":40},"end":{"line":466,"column":53}}},"23":{"name":"(anonymous_49)","decl":{"start":{"line":466,"column":58},"end":{"line":466,"column":59}},"loc":{"start":{"line":466,"column":65},"end":{"line":466,"column":74}}},"24":{"name":"(anonymous_50)","decl":{"start":{"line":752,"column":2},"end":{"line":752,"column":8}},"loc":{"start":{"line":752,"column":8},"end":{"line":766,"column":3}}},"25":{"name":"(anonymous_59)","decl":{"start":{"line":520,"column":23},"end":{"line":520,"column":24}},"loc":{"start":{"line":520,"column":43},"end":{"line":524,"column":5}}},"26":{"name":"(anonymous_60)","decl":{"start":{"line":522,"column":14},"end":{"line":522,"column":15}},"loc":{"start":{"line":522,"column":23},"end":{"line":522,"column":35}}},"27":{"name":"(anonymous_61)","decl":{"start":{"line":523,"column":15},"end":{"line":523,"column":16}},"loc":{"start":{"line":523,"column":24},"end":{"line":523,"column":35}}},"28":{"name":"(anonymous_68)","decl":{"start":{"line":555,"column":23},"end":{"line":555,"column":24}},"loc":{"start":{"line":555,"column":43},"end":{"line":557,"column":5}}},"29":{"name":"(anonymous_69)","decl":{"start":{"line":556,"column":17},"end":{"line":556,"column":20}},"loc":{"start":{"line":556,"column":23},"end":{"line":556,"column":63}}},"30":{"name":"(anonymous_72)","decl":{"start":{"line":568,"column":29},"end":{"line":568,"column":30}},"loc":{"start":{"line":568,"column":36},"end":{"line":568,"column":77}}},"31":{"name":"(anonymous_73)","decl":{"start":{"line":568,"column":47},"end":{"line":568,"column":50}},"loc":{"start":{"line":568,"column":53},"end":{"line":568,"column":56}}},"32":{"name":"(anonymous_76)","decl":{"start":{"line":577,"column":74},"end":{"line":577,"column":81}},"loc":{"start":{"line":577,"column":95},"end":{"line":597,"column":6}}},"33":{"name":"(anonymous_77)","decl":{"start":{"line":577,"column":95},"end":{"line":577,"column":null}},"loc":{"start":{"line":577,"column":95},"end":{"line":597,"column":5}}},"34":{"name":"(anonymous_78)","decl":{"start":{"line":584,"column":32},"end":{"line":584,"column":33}},"loc":{"start":{"line":584,"column":39},"end":{"line":584,"column":52}}},"35":{"name":"(anonymous_79)","decl":{"start":{"line":585,"column":46},"end":{"line":585,"column":47}},"loc":{"start":{"line":585,"column":53},"end":{"line":585,"column":69}}},"36":{"name":"(anonymous_82)","decl":{"start":{"line":606,"column":23},"end":{"line":606,"column":24}},"loc":{"start":{"line":606,"column":35},"end":{"line":619,"column":5}}},"37":{"name":"(anonymous_83)","decl":{"start":{"line":607,"column":52},"end":{"line":607,"column":53}},"loc":{"start":{"line":607,"column":67},"end":{"line":618,"column":7}}},"38":{"name":"(anonymous_84)","decl":{"start":{"line":614,"column":81},"end":{"line":614,"column":84}},"loc":{"start":{"line":614,"column":86},"end":{"line":617,"column":9}}},"39":{"name":"(anonymous_87)","decl":{"start":{"line":626,"column":23},"end":{"line":626,"column":24}},"loc":{"start":{"line":626,"column":43},"end":{"line":639,"column":5}}},"40":{"name":"(anonymous_88)","decl":{"start":{"line":627,"column":55},"end":{"line":627,"column":56}},"loc":{"start":{"line":627,"column":68},"end":{"line":638,"column":7}}},"41":{"name":"(anonymous_91)","decl":{"start":{"line":649,"column":23},"end":{"line":649,"column":24}},"loc":{"start":{"line":649,"column":43},"end":{"line":667,"column":5}}},"42":{"name":"(anonymous_92)","decl":{"start":{"line":650,"column":67},"end":{"line":650,"column":68}},"loc":{"start":{"line":650,"column":82},"end":{"line":666,"column":7}}},"43":{"name":"(anonymous_93)","decl":{"start":{"line":656,"column":45},"end":{"line":656,"column":46}},"loc":{"start":{"line":656,"column":64},"end":{"line":659,"column":11}}},"44":{"name":"(anonymous_96)","decl":{"start":{"line":678,"column":42},"end":{"line":678,"column":43}},"loc":{"start":{"line":678,"column":62},"end":{"line":686,"column":5}}},"45":{"name":"(anonymous_97)","decl":{"start":{"line":680,"column":34},"end":{"line":680,"column":35}},"loc":{"start":{"line":680,"column":50},"end":{"line":685,"column":7}}},"46":{"name":"(anonymous_98)","decl":{"start":{"line":688,"column":43},"end":{"line":688,"column":44}},"loc":{"start":{"line":688,"column":63},"end":{"line":695,"column":5}}},"47":{"name":"(anonymous_99)","decl":{"start":{"line":689,"column":71},"end":{"line":689,"column":72}},"loc":{"start":{"line":689,"column":87},"end":{"line":694,"column":7}}},"48":{"name":"_Step_taskDoneQueue_get","decl":{"start":{"line":714,"column":3},"end":{"line":714,"column":null}},"loc":{"start":{"line":714,"column":3},"end":{"line":721,"column":3}}},"49":{"name":"_Step_list_get","decl":{"start":{"line":721,"column":3},"end":{"line":721,"column":null}},"loc":{"start":{"line":721,"column":3},"end":{"line":728,"column":3}}},"50":{"name":"_Step_doneList_get","decl":{"start":{"line":728,"column":3},"end":{"line":728,"column":null}},"loc":{"start":{"line":728,"column":3},"end":{"line":735,"column":3}}},"51":{"name":"_Step_toJSONListItem_get","decl":{"start":{"line":735,"column":3},"end":{"line":735,"column":null}},"loc":{"start":{"line":735,"column":3},"end":{"line":747,"column":3}}}},"branchMap":{"0":{"loc":{"start":{"line":135,"column":4},"end":{"line":137,"column":null}},"type":"if","locations":[{"start":{"line":135,"column":4},"end":{"line":137,"column":null}},{"start":{"line":135,"column":4},"end":{"line":137,"column":null}}]},"1":{"loc":{"start":{"line":139,"column":4},"end":{"line":141,"column":null}},"type":"if","locations":[{"start":{"line":139,"column":4},"end":{"line":141,"column":null}},{"start":{"line":139,"column":4},"end":{"line":141,"column":null}}]},"2":{"loc":{"start":{"line":143,"column":4},"end":{"line":145,"column":null}},"type":"if","locations":[{"start":{"line":143,"column":4},"end":{"line":145,"column":null}},{"start":{"line":143,"column":4},"end":{"line":145,"column":null}}]},"3":{"loc":{"start":{"line":147,"column":4},"end":{"line":149,"column":null}},"type":"if","locations":[{"start":{"line":147,"column":4},"end":{"line":149,"column":null}},{"start":{"line":147,"column":4},"end":{"line":149,"column":null}}]},"4":{"loc":{"start":{"line":153,"column":25},"end":{"line":153,"column":34}},"type":"binary-expr","locations":[{"start":{"line":153,"column":25},"end":{"line":153,"column":34}},{"start":{"line":153,"column":38},"end":{"line":153,"column":46}}]},"5":{"loc":{"start":{"line":155,"column":4},"end":{"line":181,"column":null}},"type":"if","locations":[{"start":{"line":155,"column":4},"end":{"line":181,"column":null}},{"start":{"line":155,"column":4},"end":{"line":181,"column":null}}]},"6":{"loc":{"start":{"line":156,"column":6},"end":{"line":166,"column":null}},"type":"if","locations":[{"start":{"line":156,"column":6},"end":{"line":166,"column":null}},{"start":{"line":156,"column":6},"end":{"line":166,"column":null}}]},"7":{"loc":{"start":{"line":168,"column":6},"end":{"line":178,"column":null}},"type":"if","locations":[{"start":{"line":168,"column":6},"end":{"line":178,"column":null}},{"start":{"line":168,"column":6},"end":{"line":178,"column":null}}]},"8":{"loc":{"start":{"line":199,"column":4},"end":{"line":201,"column":null}},"type":"if","locations":[{"start":{"line":199,"column":4},"end":{"line":201,"column":null}},{"start":{"line":199,"column":4},"end":{"line":201,"column":null}}]},"9":{"loc":{"start":{"line":219,"column":8},"end":{"line":221,"column":null}},"type":"if","locations":[{"start":{"line":219,"column":8},"end":{"line":221,"column":null}},{"start":{"line":219,"column":8},"end":{"line":221,"column":null}}]},"10":{"loc":{"start":{"line":219,"column":12},"end":{"line":219,"column":15}},"type":"binary-expr","locations":[{"start":{"line":219,"column":12},"end":{"line":219,"column":15}},{"start":{"line":219,"column":19},"end":{"line":219,"column":23}}]},"11":{"loc":{"start":{"line":220,"column":24},"end":{"line":220,"column":36}},"type":"binary-expr","locations":[{"start":{"line":220,"column":24},"end":{"line":220,"column":36}},{"start":{"line":220,"column":40},"end":{"line":220,"column":61}}]},"12":{"loc":{"start":{"line":220,"column":27},"end":{"line":220,"column":29}},"type":"cond-expr","locations":[{"start":{"line":220,"column":27},"end":{"line":220,"column":29}},{"start":{"line":220,"column":24},"end":{"line":220,"column":36}}]},"13":{"loc":{"start":{"line":220,"column":24},"end":{"line":220,"column":29}},"type":"binary-expr","locations":[{"start":{"line":220,"column":24},"end":{"line":220,"column":29}},{"start":{"line":220,"column":24},"end":{"line":220,"column":29}}]},"14":{"loc":{"start":{"line":246,"column":4},"end":{"line":248,"column":null}},"type":"if","locations":[{"start":{"line":246,"column":4},"end":{"line":248,"column":null}},{"start":{"line":246,"column":4},"end":{"line":248,"column":null}}]},"15":{"loc":{"start":{"line":246,"column":8},"end":{"line":246,"column":14}},"type":"binary-expr","locations":[{"start":{"line":246,"column":8},"end":{"line":246,"column":14}},{"start":{"line":246,"column":18},"end":{"line":246,"column":34}}]},"16":{"loc":{"start":{"line":253,"column":4},"end":{"line":255,"column":null}},"type":"if","locations":[{"start":{"line":253,"column":4},"end":{"line":255,"column":null}},{"start":{"line":253,"column":4},"end":{"line":255,"column":null}}]},"17":{"loc":{"start":{"line":300,"column":4},"end":{"line":302,"column":null}},"type":"if","locations":[{"start":{"line":300,"column":4},"end":{"line":302,"column":null}},{"start":{"line":300,"column":4},"end":{"line":302,"column":null}}]},"18":{"loc":{"start":{"line":336,"column":10},"end":{"line":338,"column":null}},"type":"if","locations":[{"start":{"line":336,"column":10},"end":{"line":338,"column":null}},{"start":{"line":336,"column":10},"end":{"line":338,"column":null}}]},"19":{"loc":{"start":{"line":345,"column":10},"end":{"line":347,"column":null}},"type":"if","locations":[{"start":{"line":345,"column":10},"end":{"line":347,"column":null}},{"start":{"line":345,"column":10},"end":{"line":347,"column":null}}]},"20":{"loc":{"start":{"line":361,"column":8},"end":{"line":363,"column":null}},"type":"if","locations":[{"start":{"line":361,"column":8},"end":{"line":363,"column":null}},{"start":{"line":361,"column":8},"end":{"line":363,"column":null}}]},"21":{"loc":{"start":{"line":366,"column":8},"end":{"line":368,"column":null}},"type":"if","locations":[{"start":{"line":366,"column":8},"end":{"line":368,"column":null}},{"start":{"line":366,"column":8},"end":{"line":368,"column":null}}]},"22":{"loc":{"start":{"line":462,"column":6},"end":{"line":464,"column":null}},"type":"if","locations":[{"start":{"line":462,"column":6},"end":{"line":464,"column":null}},{"start":{"line":462,"column":6},"end":{"line":464,"column":null}}]},"23":{"loc":{"start":{"line":462,"column":10},"end":{"line":462,"column":37}},"type":"binary-expr","locations":[{"start":{"line":462,"column":10},"end":{"line":462,"column":37}},{"start":{"line":462,"column":41},"end":{"line":462,"column":80}}]},"24":{"loc":{"start":{"line":465,"column":23},"end":{"line":465,"column":44}},"type":"binary-expr","locations":[{"start":{"line":465,"column":23},"end":{"line":465,"column":44}},{"start":{"line":465,"column":48},"end":{"line":465,"column":50}}]},"25":{"loc":{"start":{"line":467,"column":6},"end":{"line":471,"column":null}},"type":"if","locations":[{"start":{"line":467,"column":6},"end":{"line":471,"column":null}},{"start":{"line":467,"column":6},"end":{"line":471,"column":null}}]},"26":{"loc":{"start":{"line":467,"column":10},"end":{"line":467,"column":17}},"type":"binary-expr","locations":[{"start":{"line":467,"column":10},"end":{"line":467,"column":17}},{"start":{"line":467,"column":22},"end":{"line":467,"column":37}},{"start":{"line":467,"column":41},"end":{"line":467,"column":58}}]},"27":{"loc":{"start":{"line":406,"column":4},"end":{"line":408,"column":null}},"type":"if","locations":[{"start":{"line":406,"column":4},"end":{"line":408,"column":null}},{"start":{"line":406,"column":4},"end":{"line":408,"column":null}}]},"28":{"loc":{"start":{"line":411,"column":4},"end":{"line":416,"column":null}},"type":"if","locations":[{"start":{"line":411,"column":4},"end":{"line":416,"column":null}},{"start":{"line":411,"column":4},"end":{"line":416,"column":null}}]},"29":{"loc":{"start":{"line":421,"column":4},"end":{"line":424,"column":null}},"type":"if","locations":[{"start":{"line":421,"column":4},"end":{"line":424,"column":null}},{"start":{"line":421,"column":4},"end":{"line":424,"column":null}}]},"30":{"loc":{"start":{"line":435,"column":44},"end":{"line":435,"column":56}},"type":"cond-expr","locations":[{"start":{"line":435,"column":44},"end":{"line":435,"column":56}},{"start":{"line":435,"column":59},"end":{"line":435,"column":60}}]},"31":{"loc":{"start":{"line":444,"column":4},"end":{"line":449,"column":null}},"type":"if","locations":[{"start":{"line":444,"column":4},"end":{"line":449,"column":null}},{"start":{"line":444,"column":4},"end":{"line":449,"column":null}}]},"32":{"loc":{"start":{"line":446,"column":6},"end":{"line":448,"column":null}},"type":"if","locations":[{"start":{"line":446,"column":6},"end":{"line":448,"column":null}},{"start":{"line":446,"column":6},"end":{"line":448,"column":null}}]},"33":{"loc":{"start":{"line":446,"column":10},"end":{"line":446,"column":16}},"type":"binary-expr","locations":[{"start":{"line":446,"column":10},"end":{"line":446,"column":16}},{"start":{"line":446,"column":20},"end":{"line":446,"column":58}}]},"34":{"loc":{"start":{"line":492,"column":4},"end":{"line":494,"column":null}},"type":"if","locations":[{"start":{"line":492,"column":4},"end":{"line":494,"column":null}},{"start":{"line":492,"column":4},"end":{"line":494,"column":null}}]},"35":{"loc":{"start":{"line":500,"column":4},"end":{"line":502,"column":null}},"type":"if","locations":[{"start":{"line":500,"column":4},"end":{"line":502,"column":null}},{"start":{"line":500,"column":4},"end":{"line":502,"column":null}}]},"36":{"loc":{"start":{"line":505,"column":4},"end":{"line":515,"column":null}},"type":"if","locations":[{"start":{"line":505,"column":4},"end":{"line":515,"column":null}},{"start":{"line":505,"column":4},"end":{"line":515,"column":null}}]},"37":{"loc":{"start":{"line":505,"column":8},"end":{"line":505,"column":36}},"type":"binary-expr","locations":[{"start":{"line":505,"column":8},"end":{"line":505,"column":36}},{"start":{"line":505,"column":40},"end":{"line":505,"column":77}}]},"38":{"loc":{"start":{"line":508,"column":11},"end":{"line":515,"column":null}},"type":"if","locations":[{"start":{"line":508,"column":11},"end":{"line":515,"column":null}},{"start":{"line":508,"column":11},"end":{"line":515,"column":null}}]},"39":{"loc":{"start":{"line":508,"column":15},"end":{"line":508,"column":44}},"type":"binary-expr","locations":[{"start":{"line":508,"column":15},"end":{"line":508,"column":44}},{"start":{"line":508,"column":48},"end":{"line":508,"column":86}}]},"40":{"loc":{"start":{"line":511,"column":11},"end":{"line":515,"column":null}},"type":"if","locations":[{"start":{"line":511,"column":11},"end":{"line":515,"column":null}},{"start":{"line":511,"column":11},"end":{"line":515,"column":null}}]},"41":{"loc":{"start":{"line":531,"column":4},"end":{"line":535,"column":null}},"type":"if","locations":[{"start":{"line":531,"column":4},"end":{"line":535,"column":null}},{"start":{"line":531,"column":4},"end":{"line":535,"column":null}}]},"42":{"loc":{"start":{"line":545,"column":4},"end":{"line":547,"column":null}},"type":"if","locations":[{"start":{"line":545,"column":4},"end":{"line":547,"column":null}},{"start":{"line":545,"column":4},"end":{"line":547,"column":null}}]},"43":{"loc":{"start":{"line":565,"column":4},"end":{"line":567,"column":null}},"type":"if","locations":[{"start":{"line":565,"column":4},"end":{"line":567,"column":null}},{"start":{"line":565,"column":4},"end":{"line":567,"column":null}}]},"44":{"loc":{"start":{"line":578,"column":6},"end":{"line":580,"column":null}},"type":"if","locations":[{"start":{"line":578,"column":6},"end":{"line":580,"column":null}},{"start":{"line":578,"column":6},"end":{"line":580,"column":null}}]},"45":{"loc":{"start":{"line":582,"column":6},"end":{"line":596,"column":null}},"type":"if","locations":[{"start":{"line":582,"column":6},"end":{"line":596,"column":null}},{"start":{"line":582,"column":6},"end":{"line":596,"column":null}}]},"46":{"loc":{"start":{"line":587,"column":8},"end":{"line":589,"column":null}},"type":"if","locations":[{"start":{"line":587,"column":8},"end":{"line":589,"column":null}},{"start":{"line":587,"column":8},"end":{"line":589,"column":null}}]},"47":{"loc":{"start":{"line":592,"column":8},"end":{"line":595,"column":null}},"type":"if","locations":[{"start":{"line":592,"column":8},"end":{"line":595,"column":null}},{"start":{"line":592,"column":8},"end":{"line":595,"column":null}}]},"48":{"loc":{"start":{"line":608,"column":8},"end":{"line":611,"column":null}},"type":"if","locations":[{"start":{"line":608,"column":8},"end":{"line":611,"column":null}},{"start":{"line":608,"column":8},"end":{"line":611,"column":null}}]},"49":{"loc":{"start":{"line":628,"column":8},"end":{"line":630,"column":null}},"type":"if","locations":[{"start":{"line":628,"column":8},"end":{"line":630,"column":null}},{"start":{"line":628,"column":8},"end":{"line":630,"column":null}}]},"50":{"loc":{"start":{"line":631,"column":8},"end":{"line":633,"column":null}},"type":"if","locations":[{"start":{"line":631,"column":8},"end":{"line":633,"column":null}},{"start":{"line":631,"column":8},"end":{"line":633,"column":null}}]},"51":{"loc":{"start":{"line":648,"column":65},"end":{"line":648,"column":67}},"type":"default-arg","locations":[{"start":{"line":648,"column":65},"end":{"line":648,"column":67}}]},"52":{"loc":{"start":{"line":651,"column":8},"end":{"line":653,"column":null}},"type":"if","locations":[{"start":{"line":651,"column":8},"end":{"line":653,"column":null}},{"start":{"line":651,"column":8},"end":{"line":653,"column":null}}]},"53":{"loc":{"start":{"line":655,"column":8},"end":{"line":665,"column":null}},"type":"if","locations":[{"start":{"line":655,"column":8},"end":{"line":665,"column":null}},{"start":{"line":655,"column":8},"end":{"line":665,"column":null}}]},"54":{"loc":{"start":{"line":655,"column":12},"end":{"line":655,"column":17}},"type":"binary-expr","locations":[{"start":{"line":655,"column":12},"end":{"line":655,"column":17}},{"start":{"line":655,"column":21},"end":{"line":655,"column":37}}]},"55":{"loc":{"start":{"line":681,"column":8},"end":{"line":683,"column":null}},"type":"if","locations":[{"start":{"line":681,"column":8},"end":{"line":683,"column":null}},{"start":{"line":681,"column":8},"end":{"line":683,"column":null}}]},"56":{"loc":{"start":{"line":690,"column":8},"end":{"line":692,"column":null}},"type":"if","locations":[{"start":{"line":690,"column":8},"end":{"line":692,"column":null}},{"start":{"line":690,"column":8},"end":{"line":692,"column":null}}]}},"s":{"0":5,"1":5,"2":5,"3":5,"4":5,"5":5,"6":5,"7":5,"8":5,"9":5,"10":28,"11":28,"12":28,"13":28,"14":28,"15":28,"16":28,"17":28,"18":28,"19":28,"20":28,"21":28,"22":28,"23":28,"24":10,"25":10,"26":10,"27":10,"28":10,"29":0,"30":10,"31":10,"32":10,"33":0,"34":10,"35":3,"36":10,"37":10,"38":10,"39":10,"40":0,"41":10,"42":0,"43":10,"44":10,"45":10,"46":10,"47":8,"48":10,"49":10,"50":10,"51":10,"52":10,"53":0,"54":10,"55":10,"56":10,"57":0,"58":0,"59":0,"60":0,"61":0,"62":0,"63":0,"64":0,"65":0,"66":0,"67":0,"68":0,"69":0,"70":0,"71":8,"72":8,"73":39,"74":39,"75":39,"76":39,"77":8,"78":8,"79":9,"80":9,"81":9,"82":9,"83":3,"84":9,"85":8,"86":0,"87":0,"88":0,"89":0,"90":0,"91":0,"92":0,"93":0,"94":0,"95":0,"96":0,"97":0,"98":0,"99":0,"100":0,"101":0,"102":0,"103":0,"104":0,"105":0,"106":10,"107":10,"108":10,"109":10,"110":11,"111":11,"112":10,"113":10,"114":71,"115":71,"116":10,"117":71,"118":71,"119":71,"120":71,"121":71,"122":0,"123":71,"124":0,"125":0,"126":26,"127":5,"128":5,"129":17,"130":17,"131":37,"132":37,"133":37,"134":11,"135":26,"136":26,"137":26,"138":26,"139":26,"140":15,"141":26,"142":26,"143":26,"144":26,"145":26,"146":17,"147":9,"148":9,"149":9,"150":9,"151":26,"152":26,"153":26,"154":26,"155":0,"156":26,"157":52,"158":26,"159":26,"160":0,"161":26,"162":26,"163":15,"164":26,"165":0,"166":0,"167":26,"168":0,"169":0,"170":26,"171":26,"172":0,"173":26,"174":26,"175":26,"176":17,"177":9,"178":0,"179":0,"180":0,"181":9,"182":9,"183":6,"184":15,"185":15,"186":15,"187":15,"188":9,"189":9,"190":9,"191":0,"192":0,"193":0,"194":10,"195":10,"196":10,"197":10,"198":0,"199":10,"200":9,"201":9,"202":9,"203":9,"204":9,"205":0,"206":9,"207":9,"208":9,"209":9,"210":9,"211":9,"212":9,"213":0,"214":0,"215":9,"216":9,"217":9,"218":9,"219":37,"220":37,"221":37,"222":0,"223":37,"224":11,"225":26,"226":26,"227":26,"228":14,"229":14,"230":14,"231":0,"232":14,"233":6,"234":19,"235":19,"236":6,"237":6,"238":8,"239":10,"240":10,"241":10,"242":10,"243":10,"244":10,"245":0,"246":10,"247":10,"248":10,"249":10,"250":0,"251":10,"252":10,"253":8,"254":8,"255":8,"256":85,"257":43,"258":29,"259":9,"260":19},"f":{"0":28,"1":10,"2":10,"3":10,"4":10,"5":0,"6":0,"7":8,"8":39,"9":39,"10":9,"11":8,"12":0,"13":0,"14":0,"15":0,"16":0,"17":0,"18":0,"19":0,"20":10,"21":71,"22":71,"23":71,"24":26,"25":26,"26":17,"27":9,"28":15,"29":15,"30":0,"31":0,"32":10,"33":10,"34":9,"35":9,"36":9,"37":9,"38":9,"39":37,"40":37,"41":14,"42":14,"43":19,"44":10,"45":10,"46":10,"47":10,"48":43,"49":29,"50":9,"51":19},"b":{"0":[0,10],"1":[10,0],"2":[0,10],"3":[3,7],"4":[10,10],"5":[10,0],"6":[0,10],"7":[0,10],"8":[8,2],"9":[0,10],"10":[10,10],"11":[0,0],"12":[0,0],"13":[0,0],"14":[0,0],"15":[0,0],"16":[0,0],"17":[3,6],"18":[0,0],"19":[0,0],"20":[0,0],"21":[0,0],"22":[10,61],"23":[71,63],"24":[71,0],"25":[0,71],"26":[71,71,0],"27":[11,26],"28":[26,0],"29":[15,11],"30":[0,9],"31":[26,0],"32":[0,26],"33":[26,26],"34":[0,26],"35":[15,11],"36":[0,26],"37":[26,0],"38":[0,26],"39":[26,0],"40":[26,0],"41":[0,0],"42":[6,3],"43":[9,0],"44":[0,10],"45":[9,1],"46":[0,9],"47":[9,0],"48":[0,9],"49":[0,37],"50":[11,26],"51":[8],"52":[0,14],"53":[6,8],"54":[14,14],"55":[0,10],"56":[0,10]}}
,"/home/fabien/www/deflow/src/lib/StepHandler.ts": {"path":"/home/fabien/www/deflow/src/lib/StepHandler.ts","statementMap":{"0":{"start":{"line":1,"column":0},"end":{"line":1,"column":26}},"1":{"start":{"line":6,"column":14},"end":{"line":6,"column":34}},"2":{"start":{"line":42,"column":4},"end":{"line":42,"column":35}},"3":{"start":{"line":43,"column":4},"end":{"line":43,"column":31}},"4":{"start":{"line":44,"column":4},"end":{"line":44,"column":35}},"5":{"start":{"line":45,"column":4},"end":{"line":45,"column":33}},"6":{"start":{"line":46,"column":4},"end":{"line":46,"column":45}},"7":{"start":{"line":48,"column":4},"end":{"line":48,"column":25}},"8":{"start":{"line":49,"column":4},"end":{"line":49,"column":27}},"9":{"start":{"line":51,"column":4},"end":{"line":51,"column":31}},"10":{"start":{"line":53,"column":31},"end":{"line":53,"column":51}},"11":{"start":{"line":54,"column":4},"end":{"line":54,"column":21}},"12":{"start":{"line":55,"column":4},"end":{"line":55,"column":29}},"13":{"start":{"line":62,"column":31},"end":{"line":62,"column":54}},"14":{"start":{"line":63,"column":4},"end":{"line":63,"column":50}},"15":{"start":{"line":63,"column":44},"end":{"line":63,"column":49}},"16":{"start":{"line":64,"column":18},"end":{"line":64,"column":67}},"17":{"start":{"line":65,"column":4},"end":{"line":65,"column":49}},"18":{"start":{"line":67,"column":18},"end":{"line":74,"column":null}},"19":{"start":{"line":68,"column":18},"end":{"line":68,"column":33}},"20":{"start":{"line":71,"column":10},"end":{"line":74,"column":26}},"21":{"start":{"line":77,"column":4},"end":{"line":79,"column":null}},"22":{"start":{"line":78,"column":6},"end":{"line":78,"column":46}},"23":{"start":{"line":81,"column":17},"end":{"line":81,"column":25}},"24":{"start":{"line":82,"column":22},"end":{"line":82,"column":51}},"25":{"start":{"line":83,"column":21},"end":{"line":83,"column":48}},"26":{"start":{"line":84,"column":4},"end":{"line":84,"column":41}},"27":{"start":{"line":24,"column":0},"end":{"line":24,"column":21}}},"fnMap":{"0":{"name":"(anonymous_1)","decl":{"start":{"line":41,"column":2},"end":{"line":41,"column":14}},"loc":{"start":{"line":41,"column":52},"end":{"line":56,"column":3}}},"1":{"name":"(anonymous_2)","decl":{"start":{"line":61,"column":9},"end":{"line":61,"column":22}},"loc":{"start":{"line":61,"column":22},"end":{"line":85,"column":3}}},"2":{"name":"(anonymous_3)","decl":{"start":{"line":63,"column":30},"end":{"line":63,"column":31}},"loc":{"start":{"line":63,"column":44},"end":{"line":63,"column":49}}},"3":{"name":"(anonymous_4)","decl":{"start":{"line":68,"column":11},"end":{"line":68,"column":12}},"loc":{"start":{"line":68,"column":18},"end":{"line":68,"column":33}}},"4":{"name":"(anonymous_5)","decl":{"start":{"line":70,"column":8},"end":{"line":70,"column":9}},"loc":{"start":{"line":71,"column":10},"end":{"line":74,"column":26}}}},"branchMap":{"0":{"loc":{"start":{"line":71,"column":10},"end":{"line":71,"column":11}},"type":"binary-expr","locations":[{"start":{"line":71,"column":10},"end":{"line":71,"column":11}},{"start":{"line":72,"column":10},"end":{"line":72,"column":39}},{"start":{"line":73,"column":10},"end":{"line":73,"column":44}},{"start":{"line":74,"column":10},"end":{"line":74,"column":26}}]},"1":{"loc":{"start":{"line":77,"column":4},"end":{"line":79,"column":null}},"type":"if","locations":[{"start":{"line":77,"column":4},"end":{"line":79,"column":null}},{"start":{"line":77,"column":4},"end":{"line":79,"column":null}}]},"2":{"loc":{"start":{"line":83,"column":21},"end":{"line":83,"column":42}},"type":"binary-expr","locations":[{"start":{"line":83,"column":21},"end":{"line":83,"column":42}},{"start":{"line":83,"column":46},"end":{"line":83,"column":48}}]}},"s":{"0":5,"1":5,"2":4,"3":4,"4":4,"5":4,"6":4,"7":4,"8":4,"9":4,"10":4,"11":4,"12":4,"13":4,"14":4,"15":4,"16":4,"17":4,"18":4,"19":40,"20":40,"21":4,"22":0,"23":4,"24":4,"25":4,"26":4,"27":5},"f":{"0":4,"1":4,"2":4,"3":40,"4":40},"b":{"0":[40,40,40,16],"1":[0,4],"2":[4,0]}}
,"/home/fabien/www/deflow/src/lib/Task.ts": {"path":"/home/fabien/www/deflow/src/lib/Task.ts","statementMap":{"0":{"start":{"line":1,"column":0},"end":{"line":1,"column":26}},"1":{"start":{"line":2,"column":0},"end":{"line":2,"column":38}},"2":{"start":{"line":4,"column":0},"end":{"line":4,"column":29}},"3":{"start":{"line":6,"column":14},"end":{"line":6,"column":27}},"4":{"start":{"line":38,"column":4},"end":{"line":38,"column":22}},"5":{"start":{"line":39,"column":4},"end":{"line":39,"column":26}},"6":{"start":{"line":41,"column":4},"end":{"line":41,"column":40}},"7":{"start":{"line":42,"column":4},"end":{"line":42,"column":28}},"8":{"start":{"line":43,"column":4},"end":{"line":43,"column":30}},"9":{"start":{"line":45,"column":4},"end":{"line":45,"column":32}},"10":{"start":{"line":53,"column":4},"end":{"line":53,"column":32}},"11":{"start":{"line":54,"column":25},"end":{"line":59,"column":6}},"12":{"start":{"line":61,"column":4},"end":{"line":61,"column":41}},"13":{"start":{"line":63,"column":4},"end":{"line":63,"column":24}},"14":{"start":{"line":70,"column":19},"end":{"line":70,"column":39}},"15":{"start":{"line":72,"column":17},"end":{"line":72,"column":37}},"16":{"start":{"line":73,"column":4},"end":{"line":80,"column":7}},"17":{"start":{"line":74,"column":6},"end":{"line":79,"column":9}},"18":{"start":{"line":75,"column":8},"end":{"line":77,"column":null}},"19":{"start":{"line":76,"column":10},"end":{"line":76,"column":29}},"20":{"start":{"line":78,"column":8},"end":{"line":78,"column":34}},"21":{"start":{"line":87,"column":4},"end":{"line":94,"column":6}},"22":{"start":{"line":23,"column":0},"end":{"line":23,"column":21}}},"fnMap":{"0":{"name":"(anonymous_8)","decl":{"start":{"line":37,"column":2},"end":{"line":37,"column":14}},"loc":{"start":{"line":37,"column":34},"end":{"line":46,"column":3}}},"1":{"name":"(anonymous_9)","decl":{"start":{"line":52,"column":2},"end":{"line":52,"column":8}},"loc":{"start":{"line":52,"column":67},"end":{"line":64,"column":null}}},"2":{"name":"(anonymous_11)","decl":{"start":{"line":69,"column":8},"end":{"line":69,"column":13}},"loc":{"start":{"line":69,"column":27},"end":{"line":81,"column":null}}},"3":{"name":"(anonymous_13)","decl":{"start":{"line":73,"column":23},"end":{"line":73,"column":24}},"loc":{"start":{"line":73,"column":43},"end":{"line":80,"column":5}}},"4":{"name":"(anonymous_14)","decl":{"start":{"line":74,"column":39},"end":{"line":74,"column":40}},"loc":{"start":{"line":74,"column":54},"end":{"line":79,"column":7}}},"5":{"name":"(anonymous_15)","decl":{"start":{"line":86,"column":2},"end":{"line":86,"column":8}},"loc":{"start":{"line":86,"column":8},"end":{"line":95,"column":3}}}},"branchMap":{"0":{"loc":{"start":{"line":75,"column":8},"end":{"line":77,"column":null}},"type":"if","locations":[{"start":{"line":75,"column":8},"end":{"line":77,"column":null}},{"start":{"line":75,"column":8},"end":{"line":77,"column":null}}]}},"s":{"0":5,"1":5,"2":5,"3":5,"4":65,"5":65,"6":65,"7":65,"8":65,"9":65,"10":39,"11":39,"12":39,"13":39,"14":48,"15":48,"16":48,"17":48,"18":48,"19":0,"20":48,"21":91,"22":5},"f":{"0":65,"1":39,"2":48,"3":48,"4":48,"5":91},"b":{"0":[0,48]}}
,"/home/fabien/www/deflow/src/lib/WorkFlow.ts": {"path":"/home/fabien/www/deflow/src/lib/WorkFlow.ts","statementMap":{"0":{"start":{"line":1,"column":0},"end":{"line":1,"column":38}},"1":{"start":{"line":2,"column":0},"end":{"line":2,"column":30}},"2":{"start":{"line":3,"column":0},"end":{"line":3,"column":26}},"3":{"start":{"line":7,"column":0},"end":{"line":7,"column":70}},"4":{"start":{"line":8,"column":0},"end":{"line":8,"column":56}},"5":{"start":{"line":12,"column":0},"end":{"line":12,"column":29}},"6":{"start":{"line":14,"column":14},"end":{"line":14,"column":38}},"7":{"start":{"line":44,"column":39},"end":{"line":47,"column":2}},"8":{"start":{"line":60,"column":2},"end":{"line":60,"column":30}},"9":{"start":{"line":67,"column":4},"end":{"line":67,"column":22}},"10":{"start":{"line":68,"column":4},"end":{"line":68,"column":26}},"11":{"start":{"line":69,"column":4},"end":{"line":69,"column":29}},"12":{"start":{"line":70,"column":4},"end":{"line":70,"column":32}},"13":{"start":{"line":72,"column":4},"end":{"line":72,"column":40}},"14":{"start":{"line":90,"column":15},"end":{"line":90,"column":52}},"15":{"start":{"line":91,"column":20},"end":{"line":91,"column":43}},"16":{"start":{"line":93,"column":22},"end":{"line":93,"column":87}},"17":{"start":{"line":94,"column":17},"end":{"line":94,"column":55}},"18":{"start":{"line":95,"column":21},"end":{"line":95,"column":65}},"19":{"start":{"line":97,"column":4},"end":{"line":99,"column":null}},"20":{"start":{"line":98,"column":6},"end":{"line":98,"column":35}},"21":{"start":{"line":100,"column":4},"end":{"line":100,"column":20}},"22":{"start":{"line":108,"column":4},"end":{"line":108,"column":28}},"23":{"start":{"line":110,"column":17},"end":{"line":110,"column":41}},"24":{"start":{"line":111,"column":4},"end":{"line":113,"column":null}},"25":{"start":{"line":112,"column":6},"end":{"line":112,"column":40}},"26":{"start":{"line":114,"column":4},"end":{"line":114,"column":29}},"27":{"start":{"line":122,"column":4},"end":{"line":122,"column":35}},"28":{"start":{"line":124,"column":19},"end":{"line":124,"column":39}},"29":{"start":{"line":126,"column":4},"end":{"line":139,"column":7}},"30":{"start":{"line":127,"column":6},"end":{"line":138,"column":9}},"31":{"start":{"line":128,"column":8},"end":{"line":130,"column":null}},"32":{"start":{"line":129,"column":10},"end":{"line":129,"column":66}},"33":{"start":{"line":132,"column":8},"end":{"line":134,"column":null}},"34":{"start":{"line":133,"column":10},"end":{"line":133,"column":31}},"35":{"start":{"line":136,"column":43},"end":{"line":136,"column":58}},"36":{"start":{"line":137,"column":8},"end":{"line":137,"column":51}},"37":{"start":{"line":148,"column":4},"end":{"line":148,"column":39}},"38":{"start":{"line":150,"column":21},"end":{"line":150,"column":55}},"39":{"start":{"line":152,"column":4},"end":{"line":155,"column":null}},"40":{"start":{"line":153,"column":6},"end":{"line":153,"column":39}},"41":{"start":{"line":154,"column":6},"end":{"line":154,"column":49}},"42":{"start":{"line":157,"column":20},"end":{"line":157,"column":47}},"43":{"start":{"line":158,"column":4},"end":{"line":166,"column":null}},"44":{"start":{"line":159,"column":6},"end":{"line":162,"column":9}},"45":{"start":{"line":163,"column":6},"end":{"line":163,"column":39}},"46":{"start":{"line":165,"column":6},"end":{"line":165,"column":32}},"47":{"start":{"line":173,"column":4},"end":{"line":179,"column":7}},"48":{"start":{"line":173,"column":34},"end":{"line":179,"column":6}},"49":{"start":{"line":174,"column":6},"end":{"line":176,"column":null}},"50":{"start":{"line":175,"column":8},"end":{"line":175,"column":33}},"51":{"start":{"line":178,"column":6},"end":{"line":178,"column":43}},"52":{"start":{"line":180,"column":4},"end":{"line":180,"column":16}},"53":{"start":{"line":188,"column":37},"end":{"line":188,"column":43}},"54":{"start":{"line":190,"column":15},"end":{"line":190,"column":24}},"55":{"start":{"line":191,"column":4},"end":{"line":193,"column":null}},"56":{"start":{"line":192,"column":6},"end":{"line":192,"column":47}},"57":{"start":{"line":195,"column":4},"end":{"line":195,"column":58}},"58":{"start":{"line":197,"column":4},"end":{"line":197,"column":16}},"59":{"start":{"line":204,"column":21},"end":{"line":204,"column":41}},"60":{"start":{"line":205,"column":4},"end":{"line":223,"column":7}},"61":{"start":{"line":206,"column":6},"end":{"line":222,"column":9}},"62":{"start":{"line":207,"column":8},"end":{"line":209,"column":null}},"63":{"start":{"line":208,"column":10},"end":{"line":208,"column":29}},"64":{"start":{"line":211,"column":22},"end":{"line":211,"column":75}},"65":{"start":{"line":211,"column":37},"end":{"line":211,"column":50}},"66":{"start":{"line":211,"column":63},"end":{"line":211,"column":74}},"67":{"start":{"line":213,"column":25},"end":{"line":216,"column":10}},"68":{"start":{"line":213,"column":47},"end":{"line":216,"column":10}},"69":{"start":{"line":214,"column":24},"end":{"line":214,"column":44}},"70":{"start":{"line":215,"column":10},"end":{"line":215,"column":42}},"71":{"start":{"line":218,"column":8},"end":{"line":221,"column":11}},"72":{"start":{"line":219,"column":24},"end":{"line":219,"column":74}},"73":{"start":{"line":220,"column":10},"end":{"line":220,"column":45}},"74":{"start":{"line":230,"column":4},"end":{"line":230,"column":19}},"75":{"start":{"line":231,"column":4},"end":{"line":231,"column":37}},"76":{"start":{"line":355,"column":4},"end":{"line":360,"column":6}},"77":{"start":{"line":49,"column":0},"end":{"line":49,"column":21}},"78":{"start":{"line":238,"column":4},"end":{"line":238,"column":25}},"79":{"start":{"line":240,"column":19},"end":{"line":240,"column":39}},"80":{"start":{"line":243,"column":4},"end":{"line":258,"column":7}},"81":{"start":{"line":244,"column":6},"end":{"line":257,"column":9}},"82":{"start":{"line":244,"column":68},"end":{"line":257,"column":8}},"83":{"start":{"line":245,"column":8},"end":{"line":247,"column":null}},"84":{"start":{"line":246,"column":10},"end":{"line":246,"column":29}},"85":{"start":{"line":249,"column":23},"end":{"line":249,"column":28}},"86":{"start":{"line":250,"column":8},"end":{"line":253,"column":null}},"87":{"start":{"line":251,"column":10},"end":{"line":251,"column":39}},"88":{"start":{"line":252,"column":10},"end":{"line":252,"column":31}},"89":{"start":{"line":255,"column":25},"end":{"line":255,"column":61}},"90":{"start":{"line":256,"column":8},"end":{"line":256,"column":37}},"91":{"start":{"line":265,"column":4},"end":{"line":265,"column":19}},"92":{"start":{"line":267,"column":19},"end":{"line":267,"column":39}},"93":{"start":{"line":269,"column":4},"end":{"line":271,"column":null}},"94":{"start":{"line":270,"column":6},"end":{"line":270,"column":40}},"95":{"start":{"line":273,"column":17},"end":{"line":273,"column":37}},"96":{"start":{"line":274,"column":4},"end":{"line":281,"column":7}},"97":{"start":{"line":275,"column":6},"end":{"line":280,"column":9}},"98":{"start":{"line":276,"column":8},"end":{"line":278,"column":null}},"99":{"start":{"line":277,"column":10},"end":{"line":277,"column":29}},"100":{"start":{"line":279,"column":8},"end":{"line":279,"column":29}},"101":{"start":{"line":288,"column":4},"end":{"line":298,"column":26}},"102":{"start":{"line":288,"column":87},"end":{"line":298,"column":7}},"103":{"start":{"line":289,"column":6},"end":{"line":289,"column":17}},"104":{"start":{"line":291,"column":6},"end":{"line":297,"column":9}},"105":{"start":{"line":305,"column":4},"end":{"line":308,"column":7}},"106":{"start":{"line":311,"column":4},"end":{"line":315,"column":7}},"107":{"start":{"line":312,"column":6},"end":{"line":314,"column":null}},"108":{"start":{"line":313,"column":8},"end":{"line":313,"column":21}},"109":{"start":{"line":322,"column":4},"end":{"line":322,"column":29}},"110":{"start":{"line":324,"column":19},"end":{"line":324,"column":39}},"111":{"start":{"line":325,"column":20},"end":{"line":325,"column":40}},"112":{"start":{"line":327,"column":4},"end":{"line":327,"column":33}},"113":{"start":{"line":329,"column":4},"end":{"line":348,"column":7}},"114":{"start":{"line":330,"column":6},"end":{"line":347,"column":9}},"115":{"start":{"line":331,"column":8},"end":{"line":333,"column":null}},"116":{"start":{"line":332,"column":10},"end":{"line":332,"column":29}},"117":{"start":{"line":335,"column":8},"end":{"line":337,"column":null}},"118":{"start":{"line":336,"column":10},"end":{"line":336,"column":27}},"119":{"start":{"line":340,"column":28},"end":{"line":340,"column":55}},"120":{"start":{"line":340,"column":44},"end":{"line":340,"column":54}},"121":{"start":{"line":341,"column":8},"end":{"line":346,"column":11}},"122":{"start":{"line":342,"column":10},"end":{"line":344,"column":null}},"123":{"start":{"line":343,"column":12},"end":{"line":343,"column":34}},"124":{"start":{"line":345,"column":10},"end":{"line":345,"column":27}}},"fnMap":{"0":{"name":"(anonymous_16)","decl":{"start":{"line":66,"column":2},"end":{"line":66,"column":14}},"loc":{"start":{"line":66,"column":32},"end":{"line":73,"column":3}}},"1":{"name":"(anonymous_17)","decl":{"start":{"line":85,"column":2},"end":{"line":85,"column":8}},"loc":{"start":{"line":88,"column":38},"end":{"line":101,"column":3}}},"2":{"name":"(anonymous_18)","decl":{"start":{"line":107,"column":9},"end":{"line":107,"column":15}},"loc":{"start":{"line":107,"column":41},"end":{"line":115,"column":null}}},"3":{"name":"(anonymous_20)","decl":{"start":{"line":121,"column":9},"end":{"line":121,"column":15}},"loc":{"start":{"line":121,"column":48},"end":{"line":140,"column":null}}},"4":{"name":"(anonymous_22)","decl":{"start":{"line":126,"column":23},"end":{"line":126,"column":24}},"loc":{"start":{"line":126,"column":43},"end":{"line":139,"column":5}}},"5":{"name":"(anonymous_23)","decl":{"start":{"line":127,"column":36},"end":{"line":127,"column":37}},"loc":{"start":{"line":127,"column":49},"end":{"line":138,"column":7}}},"6":{"name":"(anonymous_24)","decl":{"start":{"line":147,"column":9},"end":{"line":147,"column":15}},"loc":{"start":{"line":147,"column":52},"end":{"line":167,"column":null}}},"7":{"name":"(anonymous_26)","decl":{"start":{"line":172,"column":9},"end":{"line":172,"column":12}},"loc":{"start":{"line":172,"column":12},"end":{"line":181,"column":3}}},"8":{"name":"(anonymous_27)","decl":{"start":{"line":173,"column":23},"end":{"line":173,"column":32}},"loc":{"start":{"line":173,"column":34},"end":{"line":179,"column":6}}},"9":{"name":"(anonymous_28)","decl":{"start":{"line":173,"column":34},"end":{"line":173,"column":null}},"loc":{"start":{"line":173,"column":34},"end":{"line":179,"column":5}}},"10":{"name":"(anonymous_29)","decl":{"start":{"line":187,"column":9},"end":{"line":187,"column":16}},"loc":{"start":{"line":187,"column":58},"end":{"line":198,"column":3}}},"11":{"name":"(anonymous_30)","decl":{"start":{"line":203,"column":9},"end":{"line":203,"column":16}},"loc":{"start":{"line":203,"column":16},"end":{"line":224,"column":3}}},"12":{"name":"(anonymous_31)","decl":{"start":{"line":205,"column":39},"end":{"line":205,"column":40}},"loc":{"start":{"line":205,"column":59},"end":{"line":223,"column":5}}},"13":{"name":"(anonymous_32)","decl":{"start":{"line":206,"column":77},"end":{"line":206,"column":78}},"loc":{"start":{"line":206,"column":90},"end":{"line":222,"column":7}}},"14":{"name":"(anonymous_33)","decl":{"start":{"line":211,"column":30},"end":{"line":211,"column":31}},"loc":{"start":{"line":211,"column":37},"end":{"line":211,"column":50}}},"15":{"name":"(anonymous_34)","decl":{"start":{"line":211,"column":56},"end":{"line":211,"column":57}},"loc":{"start":{"line":211,"column":63},"end":{"line":211,"column":74}}},"16":{"name":"(anonymous_35)","decl":{"start":{"line":213,"column":35},"end":{"line":213,"column":42}},"loc":{"start":{"line":213,"column":47},"end":{"line":216,"column":10}}},"17":{"name":"(anonymous_36)","decl":{"start":{"line":213,"column":47},"end":{"line":213,"column":null}},"loc":{"start":{"line":213,"column":47},"end":{"line":216,"column":9}}},"18":{"name":"(anonymous_37)","decl":{"start":{"line":218,"column":35},"end":{"line":218,"column":36}},"loc":{"start":{"line":218,"column":47},"end":{"line":221,"column":9}}},"19":{"name":"(anonymous_38)","decl":{"start":{"line":229,"column":15},"end":{"line":229,"column":20}},"loc":{"start":{"line":229,"column":20},"end":{"line":232,"column":null}}},"20":{"name":"(anonymous_40)","decl":{"start":{"line":354,"column":2},"end":{"line":354,"column":8}},"loc":{"start":{"line":354,"column":8},"end":{"line":361,"column":3}}},"21":{"name":"(anonymous_43)","decl":{"start":{"line":243,"column":38},"end":{"line":243,"column":39}},"loc":{"start":{"line":243,"column":58},"end":{"line":258,"column":5}}},"22":{"name":"(anonymous_44)","decl":{"start":{"line":244,"column":47},"end":{"line":244,"column":54}},"loc":{"start":{"line":244,"column":68},"end":{"line":257,"column":8}}},"23":{"name":"(anonymous_45)","decl":{"start":{"line":244,"column":68},"end":{"line":244,"column":null}},"loc":{"start":{"line":244,"column":68},"end":{"line":257,"column":7}}},"24":{"name":"(anonymous_48)","decl":{"start":{"line":274,"column":23},"end":{"line":274,"column":24}},"loc":{"start":{"line":274,"column":43},"end":{"line":281,"column":5}}},"25":{"name":"(anonymous_49)","decl":{"start":{"line":275,"column":39},"end":{"line":275,"column":40}},"loc":{"start":{"line":275,"column":47},"end":{"line":280,"column":7}}},"26":{"name":"(anonymous_52)","decl":{"start":{"line":288,"column":44},"end":{"line":288,"column":51}},"loc":{"start":{"line":288,"column":87},"end":{"line":298,"column":7}}},"27":{"name":"(anonymous_53)","decl":{"start":{"line":288,"column":87},"end":{"line":288,"column":null}},"loc":{"start":{"line":288,"column":87},"end":{"line":298,"column":5}}},"28":{"name":"(anonymous_56)","decl":{"start":{"line":311,"column":27},"end":{"line":311,"column":30}},"loc":{"start":{"line":311,"column":32},"end":{"line":315,"column":5}}},"29":{"name":"(anonymous_59)","decl":{"start":{"line":329,"column":23},"end":{"line":329,"column":24}},"loc":{"start":{"line":329,"column":43},"end":{"line":348,"column":5}}},"30":{"name":"(anonymous_60)","decl":{"start":{"line":330,"column":34},"end":{"line":330,"column":35}},"loc":{"start":{"line":330,"column":48},"end":{"line":347,"column":7}}},"
[...]
":{"line":192,"column":4},"end":{"line":192,"column":33}},"122":{"start":{"line":204,"column":2},"end":{"line":211,"column":null}},"123":{"start":{"line":205,"column":4},"end":{"line":210,"column":7}},"124":{"start":{"line":206,"column":6},"end":{"line":209,"column":9}},"125":{"start":{"line":207,"column":8},"end":{"line":207,"column":31}},"126":{"start":{"line":208,"column":8},"end":{"line":208,"column":22}},"127":{"start":{"line":214,"column":2},"end":{"line":219,"column":5}},"128":{"start":{"line":215,"column":4},"end":{"line":218,"column":7}},"129":{"start":{"line":216,"column":6},"end":{"line":216,"column":29}},"130":{"start":{"line":217,"column":6},"end":{"line":217,"column":19}}},"fnMap":{"0":{"name":"(anonymous_8)","decl":{"start":{"line":22,"column":10},"end":{"line":22,"column":19}},"loc":{"start":{"line":22,"column":21},"end":{"line":24,"column":2}}},"1":{"name":"(anonymous_9)","decl":{"start":{"line":22,"column":21},"end":{"line":22,"column":null}},"loc":{"start":{"line":22,"column":21},"end":{"line":24,"column":1}}},"2":{"name":"(anonymous_10)","decl":{"start":{"line":26,"column":11},"end":{"line":26,"column":20}},"loc":{"start":{"line":26,"column":22},"end":{"line":29,"column":2}}},"3":{"name":"(anonymous_11)","decl":{"start":{"line":26,"column":22},"end":{"line":26,"column":null}},"loc":{"start":{"line":26,"column":22},"end":{"line":29,"column":1}}},"4":{"name":"(anonymous_12)","decl":{"start":{"line":31,"column":10},"end":{"line":31,"column":19}},"loc":{"start":{"line":31,"column":21},"end":{"line":33,"column":2}}},"5":{"name":"(anonymous_13)","decl":{"start":{"line":31,"column":21},"end":{"line":31,"column":null}},"loc":{"start":{"line":31,"column":21},"end":{"line":33,"column":1}}},"6":{"name":"(anonymous_14)","decl":{"start":{"line":35,"column":21},"end":{"line":35,"column":24}},"loc":{"start":{"line":35,"column":26},"end":{"line":58,"column":1}}},"7":{"name":"(anonymous_15)","decl":{"start":{"line":36,"column":47},"end":{"line":36,"column":56}},"loc":{"start":{"line":36,"column":58},"end":{"line":44,"column":4}}},"8":{"name":"(anonymous_16)","decl":{"start":{"line":36,"column":58},"end":{"line":36,"column":null}},"loc":{"start":{"line":36,"column":58},"end":{"line":44,"column":3}}},"9":{"name":"(anonymous_17)","decl":{"start":{"line":46,"column":34},"end":{"line":46,"column":43}},"loc":{"start":{"line":46,"column":45},"end":{"line":57,"column":4}}},"10":{"name":"(anonymous_18)","decl":{"start":{"line":46,"column":45},"end":{"line":46,"column":null}},"loc":{"start":{"line":46,"column":45},"end":{"line":57,"column":3}}},"11":{"name":"(anonymous_19)","decl":{"start":{"line":47,"column":66},"end":{"line":47,"column":69}},"loc":{"start":{"line":47,"column":71},"end":{"line":49,"column":5}}},"12":{"name":"(anonymous_20)","decl":{"start":{"line":60,"column":23},"end":{"line":60,"column":26}},"loc":{"start":{"line":60,"column":28},"end":{"line":75,"column":1}}},"13":{"name":"(anonymous_21)","decl":{"start":{"line":61,"column":26},"end":{"line":61,"column":35}},"loc":{"start":{"line":61,"column":37},"end":{"line":69,"column":4}}},"14":{"name":"(anonymous_22)","decl":{"start":{"line":61,"column":37},"end":{"line":61,"column":null}},"loc":{"start":{"line":61,"column":37},"end":{"line":69,"column":3}}},"15":{"name":"(anonymous_23)","decl":{"start":{"line":71,"column":26},"end":{"line":71,"column":35}},"loc":{"start":{"line":71,"column":37},"end":{"line":74,"column":4}}},"16":{"name":"(anonymous_24)","decl":{"start":{"line":71,"column":37},"end":{"line":71,"column":null}},"loc":{"start":{"line":71,"column":37},"end":{"line":74,"column":3}}},"17":{"name":"(anonymous_25)","decl":{"start":{"line":77,"column":24},"end":{"line":77,"column":27}},"loc":{"start":{"line":77,"column":29},"end":{"line":88,"column":1}}},"18":{"name":"(anonymous_26)","decl":{"start":{"line":78,"column":31},"end":{"line":78,"column":40}},"loc":{"start":{"line":78,"column":42},"end":{"line":82,"column":4}}},"19":{"name":"(anonymous_27)","decl":{"start":{"line":78,"column":42},"end":{"line":78,"column":null}},"loc":{"start":{"line":78,"column":42},"end":{"line":82,"column":3}}},"20":{"name":"(anonymous_28)","decl":{"start":{"line":84,"column":21},"end":{"line":84,"column":30}},"loc":{"start":{"line":84,"column":32},"end":{"line":87,"column":4}}},"21":{"name":"(anonymous_29)","decl":{"start":{"line":84,"column":32},"end":{"line":84,"column":null}},"loc":{"start":{"line":84,"column":32},"end":{"line":87,"column":3}}},"22":{"name":"(anonymous_30)","decl":{"start":{"line":90,"column":31},"end":{"line":90,"column":34}},"loc":{"start":{"line":90,"column":36},"end":{"line":194,"column":1}}},"23":{"name":"(anonymous_31)","decl":{"start":{"line":91,"column":48},"end":{"line":91,"column":57}},"loc":{"start":{"line":91,"column":59},"end":{"line":94,"column":4}}},"24":{"name":"(anonymous_32)","decl":{"start":{"line":91,"column":59},"end":{"line":91,"column":null}},"loc":{"start":{"line":91,"column":59},"end":{"line":94,"column":3}}},"25":{"name":"(anonymous_33)","decl":{"start":{"line":96,"column":52},"end":{"line":96,"column":61}},"loc":{"start":{"line":96,"column":63},"end":{"line":99,"column":4}}},"26":{"name":"(anonymous_34)","decl":{"start":{"line":96,"column":63},"end":{"line":96,"column":null}},"loc":{"start":{"line":96,"column":63},"end":{"line":99,"column":3}}},"27":{"name":"(anonymous_35)","decl":{"start":{"line":101,"column":65},"end":{"line":101,"column":74}},"loc":{"start":{"line":101,"column":76},"end":{"line":143,"column":4}}},"28":{"name":"(anonymous_36)","decl":{"start":{"line":101,"column":76},"end":{"line":101,"column":null}},"loc":{"start":{"line":101,"column":76},"end":{"line":143,"column":3}}},"29":{"name":"(anonymous_37)","decl":{"start":{"line":115,"column":46},"end":{"line":115,"column":47}},"loc":{"start":{"line":115,"column":58},"end":{"line":120,"column":5}}},"30":{"name":"(anonymous_38)","decl":{"start":{"line":116,"column":64},"end":{"line":116,"column":65}},"loc":{"start":{"line":116,"column":77},"end":{"line":119,"column":7}}},"31":{"name":"(anonymous_39)","decl":{"start":{"line":123,"column":35},"end":{"line":123,"column":36}},"loc":{"start":{"line":123,"column":47},"end":{"line":128,"column":5}}},"32":{"name":"(anonymous_40)","decl":{"start":{"line":124,"column":40},"end":{"line":124,"column":41}},"loc":{"start":{"line":124,"column":53},"end":{"line":127,"column":7}}},"33":{"name":"(anonymous_41)","decl":{"start":{"line":135,"column":42},"end":{"line":135,"column":43}},"loc":{"start":{"line":135,"column":54},"end":{"line":140,"column":5}}},"34":{"name":"(anonymous_42)","decl":{"start":{"line":136,"column":40},"end":{"line":136,"column":41}},"loc":{"start":{"line":136,"column":53},"end":{"line":139,"column":7}}},"35":{"name":"(anonymous_43)","decl":{"start":{"line":145,"column":30},"end":{"line":145,"column":39}},"loc":{"start":{"line":145,"column":41},"end":{"line":193,"column":4}}},"36":{"name":"(anonymous_44)","decl":{"start":{"line":145,"column":41},"end":{"line":145,"column":null}},"loc":{"start":{"line":145,"column":41},"end":{"line":193,"column":3}}},"37":{"name":"(anonymous_45)","decl":{"start":{"line":155,"column":26},"end":{"line":155,"column":29}},"loc":{"start":{"line":155,"column":32},"end":{"line":155,"column":88}}},"38":{"name":"(anonymous_46)","decl":{"start":{"line":159,"column":26},"end":{"line":159,"column":29}},"loc":{"start":{"line":160,"column":8},"end":{"line":160,"column":96}}},"39":{"name":"(anonymous_47)","decl":{"start":{"line":176,"column":46},"end":{"line":176,"column":47}},"loc":{"start":{"line":176,"column":58},"end":{"line":181,"column":5}}},"40":{"name":"(anonymous_48)","decl":{"start":{"line":177,"column":64},"end":{"line":177,"column":65}},"loc":{"start":{"line":177,"column":77},"end":{"line":180,"column":7}}},"41":{"name":"(anonymous_49)","decl":{"start":{"line":184,"column":35},"end":{"line":184,"column":36}},"loc":{"start":{"line":184,"column":47},"end":{"line":189,"column":5}}},"42":{"name":"(anonymous_50)","decl":{"start":{"line":185,"column":40},"end":{"line":185,"column":41}},"loc":{"start":{"line":185,"column":53},"end":{"line":188,"column":7}}},"43":{"name":"createTaskAndLock","decl":{"start":{"line":202,"column":15},"end":{"line":202,"column":32}},"loc":{"start":{"line":202,"column":80},"end":{"line":220,"column":null}}},"44":{"name":"(anonymous_53)","decl":{"start":{"line":205,"column":22},"end":{"line":205,"column":23}},"loc":{"start":{"line":205,"column":34},"end":{"line":210,"column":5}}},"45":{"name":"(anonymous_54)","decl":{"start":{"line":206,"column":70},"end":{"line":206,"column":71}},"loc":{"start":{"line":206,"column":78},"end":{"line":209,"column":7}}},"46":{"name":"(anonymous_55)","decl":{"start":{"line":214,"column":20},"end":{"line":214,"column":21}},"loc":{"start":{"line":214,"column":32},"end":{"line":219,"column":3}}},"47":{"name":"(anonymous_56)","decl":{"start":{"line":215,"column":81},"end":{"line":215,"column":82}},"loc":{"start":{"line":215,"column":94},"end":{"line":218,"column":5}}}},"branchMap":{"0":{"loc":{"start":{"line":204,"column":2},"end":{"line":211,"column":null}},"type":"if","locations":[{"start":{"line":204,"column":2},"end":{"line":211,"column":null}},{"start":{"line":204,"column":2},"end":{"line":211,"column":null}}]}},"s":{"0":0,"1":0,"2":0,"3":0,"4":0,"5":0,"6":0,"7":0,"8":0,"9":0,"10":0,"11":0,"12":0,"13":0,"14":0,"15":0,"16":0,"17":0,"18":0,"19":0,"20":0,"21":0,"22":0,"23":0,"24":0,"25":0,"26":0,"27":0,"28":0,"29":0,"30":0,"31":0,"32":0,"33":0,"34":0,"35":0,"36":0,"37":0,"38":0,"39":0,"40":0,"41":0,"42":0,"43":0,"44":0,"45":0,"46":0,"47":0,"48":0,"49":0,"50":0,"51":0,"52":0,"53":0,"54":0,"55":0,"56":0,"57":0,"58":0,"59":0,"60":0,"61":0,"62":0,"63":0,"64":0,"65":0,"66":0,"67":0,"68":0,"69":0,"70":0,"71":0,"72":0,"73":0,"74":0,"75":0,"76":0,"77":0,"78":0,"79":0,"80":0,"81":0,"82":0,"83":0,"84":0,"85":0,"86":0,"87":0,"88":0,"89":0,"90":0,"91":0,"92":0,"93":0,"94":0,"95":0,"96":0,"97":0,"98":0,"99":0,"100":0,"101":0,"102":0,"103":0,"104":0,"105":0,"106":0,"107":0,"108":0,"109":0,"110":0,"111":0,"112":0,"113":0,"114":0,"115":0,"116":0,"117":0,"118":0,"119":0,"120":0,"121":0,"122":0,"123":0,"124":0,"125":0,"126":0,"127":0,"128":0,"129":0,"130":0},"f":{"0":0,"1":0,"2":0,"3":0,"4":0,"5":0,"6":0,"7":0,"8":0,"9":0,"10":0,"11":0,"12":0,"13":0,"14":0,"15":0,"16":0,"17":0,"18":0,"19":0,"20":0,"21":0,"22":0,"23":0,"24":0,"25":0,"26":0,"27":0,"28":0,"29":0,"30":0,"31":0,"32":0,"33":0,"34":0,"35":0,"36":0,"37":0,"38":0,"39":0,"40":0,"41":0,"42":0,"43":0,"44":0,"45":0,"46":0,"47":0},"b":{"0":[0,0]}}
,"/home/fabien/www/deflow/src/lib/index.ts": {"path":"/home/fabien/www/deflow/src/lib/index.ts","statementMap":{"0":{"start":{"line":1,"column":0},"end":{"line":1,"column":26}},"1":{"start":{"line":3,"column":0},"end":{"line":3,"column":38}},"2":{"start":{"line":5,"column":0},"end":{"line":5,"column":53}},"3":{"start":{"line":6,"column":0},"end":{"line":6,"column":44}},"4":{"start":{"line":7,"column":0},"end":{"line":7,"column":34}},"5":{"start":{"line":8,"column":0},"end":{"line":8,"column":26}},"6":{"start":{"line":9,"column":0},"end":{"line":9,"column":40}},"7":{"start":{"line":11,"column":14},"end":{"line":11,"column":29}},"8":{"start":{"line":18,"column":47},"end":{"line":20,"column":2}},"9":{"start":{"line":29,"column":9},"end":{"line":29,"column":25}},"10":{"start":{"line":36,"column":2},"end":{"line":36,"column":32}},"11":{"start":{"line":43,"column":17},"end":{"line":43,"column":65}},"12":{"start":{"line":44,"column":4},"end":{"line":44,"column":63}},"13":{"start":{"line":45,"column":4},"end":{"line":45,"column":67}},"14":{"start":{"line":46,"column":4},"end":{"line":46,"column":66}},"15":{"start":{"line":48,"column":4},"end":{"line":53,"column":null}},"16":{"start":{"line":49,"column":6},"end":{"line":52,"column":8}},"17":{"start":{"line":50,"column":14},"end":{"line":50,"column":37}},"18":{"start":{"line":62,"column":4},"end":{"line":65,"column":null}},"19":{"start":{"line":63,"column":6},"end":{"line":63,"column":66}},"20":{"start":{"line":64,"column":6},"end":{"line":64,"column":29}},"21":{"start":{"line":66,"column":4},"end":{"line":66,"column":42}},"22":{"start":{"line":68,"column":4},"end":{"line":68,"column":30}},"23":{"start":{"line":70,"column":4},"end":{"line":70,"column":27}},"24":{"start":{"line":77,"column":25},"end":{"line":77,"column":31}},"25":{"start":{"line":78,"column":4},"end":{"line":80,"column":null}},"26":{"start":{"line":79,"column":6},"end":{"line":79,"column":13}},"27":{"start":{"line":82,"column":4},"end":{"line":82,"column":38}},"28":{"start":{"line":84,"column":4},"end":{"line":84,"column":37}},"29":{"start":{"line":85,"column":4},"end":{"line":85,"column":40}},"30":{"start":{"line":86,"column":4},"end":{"line":86,"column":41}},"31":{"start":{"line":88,"column":4},"end":{"line":90,"column":null}},"32":{"start":{"line":89,"column":6},"end":{"line":89,"column":45}},"33":{"start":{"line":92,"column":4},"end":{"line":92,"column":32}},"34":{"start":{"line":99,"column":4},"end":{"line":101,"column":null}},"35":{"start":{"line":100,"column":6},"end":{"line":100,"column":61}},"36":{"start":{"line":102,"column":4},"end":{"line":102,"column":27}},"37":{"start":{"line":22,"column":0},"end":{"line":22,"column":21}},"38":{"start":{"line":109,"column":4},"end":{"line":111,"column":null}},"39":{"start":{"line":110,"column":6},"end":{"line":110,"column":13}},"40":{"start":{"line":113,"column":4},"end":{"line":135,"column":7}},"41":{"start":{"line":114,"column":6},"end":{"line":117,"column":null}},"42":{"start":{"line":116,"column":8},"end":{"line":116,"column":15}},"43":{"start":{"line":119,"column":6},"end":{"line":134,"column":9}},"44":{"start":{"line":120,"column":8},"end":{"line":123,"column":null}},"45":{"start":{"line":121,"column":10},"end":{"line":121,"column":29}},"46":{"start":{"line":122,"column":10},"end":{"line":122,"column":17}},"47":{"start":{"line":125,"column":8},"end":{"line":127,"column":null}},"48":{"start":{"line":126,"column":10},"end":{"line":126,"column":17}},"49":{"start":{"line":129,"column":23},"end":{"line":129,"column":26}},"50":{"start":{"line":130,"column":35},"end":{"line":130,"column":51}},"51":{"start":{"line":131,"column":8},"end":{"line":133,"column":null}},"52":{"start":{"line":132,"column":10},"end":{"line":132,"column":38}},"53":{"start":{"line":142,"column":17},"end":{"line":142,"column":35}},"54":{"start":{"line":143,"column":4},"end":{"line":149,"column":7}},"55":{"start":{"line":144,"column":6},"end":{"line":144,"column":42}},"56":{"start":{"line":145,"column":18},"end":{"line":145,"column":49}},"57":{"start":{"line":146,"column":6},"end":{"line":148,"column":9}},"58":{"start":{"line":147,"column":8},"end":{"line":147,"column":27}},"59":{"start":{"line":31,"column":9},"end":{"line":31,"column":29}},"60":{"start":{"line":33,"column":9},"end":{"line":33,"column":41}},"61":{"start":{"line":34,"column":9},"end":{"line":34,"column":40}}},"fnMap":{"0":{"name":"(anonymous_10)","decl":{"start":{"line":42,"column":2},"end":{"line":42,"column":14}},"loc":{"start":{"line":42,"column":33},"end":{"line":54,"column":3}}},"1":{"name":"(anonymous_11)","decl":{"start":{"line":50,"column":8},"end":{"line":50,"column":11}},"loc":{"start":{"line":50,"column":14},"end":{"line":50,"column":37}}},"2":{"name":"(anonymous_12)","decl":{"start":{"line":61,"column":9},"end":{"line":61,"column":15}},"loc":{"start":{"line":61,"column":47},"end":{"line":71,"column":3}}},"3":{"name":"(anonymous_13)","decl":{"start":{"line":76,"column":9},"end":{"line":76,"column":15}},"loc":{"start":{"line":76,"column":32},"end":{"line":93,"column":null}}},"4":{"name":"(anonymous_15)","decl":{"start":{"line":98,"column":9},"end":{"line":98,"column":15}},"loc":{"start":{"line":98,"column":27},"end":{"line":103,"column":3}}},"5":{"name":"(anonymous_18)","decl":{"start":{"line":113,"column":43},"end":{"line":113,"column":44}},"loc":{"start":{"line":113,"column":56},"end":{"line":135,"column":5}}},"6":{"name":"(anonymous_19)","decl":{"start":{"line":119,"column":65},"end":{"line":119,"column":66}},"loc":{"start":{"line":119,"column":78},"end":{"line":134,"column":7}}},"7":{"name":"(anonymous_22)","decl":{"start":{"line":143,"column":37},"end":{"line":143,"column":38}},"loc":{"start":{"line":143,"column":46},"end":{"line":149,"column":5}}},"8":{"name":"(anonymous_23)","decl":{"start":{"line":146,"column":36},"end":{"line":146,"column":39}},"loc":{"start":{"line":146,"column":41},"end":{"line":148,"column":7}}}},"branchMap":{"0":{"loc":{"start":{"line":48,"column":4},"end":{"line":53,"column":null}},"type":"if","locations":[{"start":{"line":48,"column":4},"end":{"line":53,"column":null}},{"start":{"line":48,"column":4},"end":{"line":53,"column":null}}]},"1":{"loc":{"start":{"line":48,"column":8},"end":{"line":48,"column":41}},"type":"binary-expr","locations":[{"start":{"line":48,"column":8},"end":{"line":48,"column":41}},{"start":{"line":48,"column":45},"end":{"line":48,"column":82}}]},"2":{"loc":{"start":{"line":62,"column":4},"end":{"line":65,"column":null}},"type":"if","locations":[{"start":{"line":62,"column":4},"end":{"line":65,"column":null}},{"start":{"line":62,"column":4},"end":{"line":65,"column":null}}]},"3":{"loc":{"start":{"line":78,"column":4},"end":{"line":80,"column":null}},"type":"if","locations":[{"start":{"line":78,"column":4},"end":{"line":80,"column":null}},{"start":{"line":78,"column":4},"end":{"line":80,"column":null}}]},"4":{"loc":{"start":{"line":88,"column":4},"end":{"line":90,"column":null}},"type":"if","locations":[{"start":{"line":88,"column":4},"end":{"line":90,"column":null}},{"start":{"line":88,"column":4},"end":{"line":90,"column":null}}]},"5":{"loc":{"start":{"line":99,"column":4},"end":{"line":101,"column":null}},"type":"if","locations":[{"start":{"line":99,"column":4},"end":{"line":101,"column":null}},{"start":{"line":99,"column":4},"end":{"line":101,"column":null}}]},"6":{"loc":{"start":{"line":109,"column":4},"end":{"line":111,"column":null}},"type":"if","locations":[{"start":{"line":109,"column":4},"end":{"line":111,"column":null}},{"start":{"line":109,"column":4},"end":{"line":111,"column":null}}]},"7":{"loc":{"start":{"line":114,"column":6},"end":{"line":117,"column":null}},"type":"if","locations":[{"start":{"line":114,"column":6},"end":{"line":117,"column":null}},{"start":{"line":114,"column":6},"end":{"line":117,"column":null}}]},"8":{"loc":{"start":{"line":120,"column":8},"end":{"line":123,"column":null}},"type":"if","locations":[{"start":{"line":120,"column":8},"end":{"line":123,"column":null}},{"start":{"line":120,"column":8},"end":{"line":123,"column":null}}]},"9":{"loc":{"start":{"line":125,"column":8},"end":{"line":127,"column":null}},"type":"if","locations":[{"start":{"line":125,"column":8},"end":{"line":127,"column":null}},{"start":{"line":125,"column":8},"end":{"line":127,"column":null}}]},"10":{"loc":{"start":{"line":125,"column":12},"end":{"line":125,"column":16}},"type":"binary-expr","locations":[{"start":{"line":125,"column":12},"end":{"line":125,"column":16}},{"start":{"line":125,"column":20},"end":{"line":125,"column":36}}]},"11":{"loc":{"start":{"line":131,"column":8},"end":{"line":133,"column":null}},"type":"if","locations":[{"start":{"line":131,"column":8},"end":{"line":133,"column":null}},{"start":{"line":131,"column":8},"end":{"line":133,"column":null}}]}},"s":{"0":5,"1":5,"2":5,"3":5,"4":5,"5":5,"6":5,"7":5,"8":5,"9":8,"10":8,"11":8,"12":8,"13":8,"14":8,"15":8,"16":7,"17":15,"18":8,"19":0,"20":0,"21":8,"22":8,"23":8,"24":9,"25":9,"26":1,"27":8,"28":8,"29":8,"30":8,"31":8,"32":7,"33":8,"34":303,"35":0,"36":303,"37":5,"38":15,"39":0,"40":15,"41":15,"42":15,"43":0,"44":0,"45":0,"46":0,"47":0,"48":0,"49":0,"50":0,"51":0,"52":0,"53":0,"54":0,"55":0,"56":0,"57":0,"58":0,"59":5,"60":5,"61":5},"f":{"0":8,"1":15,"2":8,"3":9,"4":303,"5":15,"6":0,"7":0,"8":0},"b":{"0":[7,1],"1":[8,7],"2":[0,8],"3":[1,8],"4":[7,1],"5":[0,303],"6":[0,15],"7":[15,0],"8":[0,0],"9":[0,0],"10":[0,0],"11":[0,0]}}
}
