TN:
SF:src/index.ts
FNF:0
FNH:0
DA:1,1
DA:2,1
DA:3,1
DA:4,1
DA:5,1
DA:7,1
DA:9,1
LF:7
LH:7
BRF:0
BRH:0
end_of_record
TN:
SF:src/lib/Client.spec2.ts
FN:8,(anonymous_8)
FN:9,(anonymous_9)
FN:14,(anonymous_10)
FN:14,(anonymous_11)
FN:20,(anonymous_12)
FN:20,(anonymous_13)
FN:26,(anonymous_14)
FN:26,(anonymous_15)
FNF:8
FNH:0
FNDA:0,(anonymous_8)
FNDA:0,(anonymous_9)
FNDA:0,(anonymous_10)
FNDA:0,(anonymous_11)
FNDA:0,(anonymous_12)
FNDA:0,(anonymous_13)
FNDA:0,(anonymous_14)
FNDA:0,(anonymous_15)
DA:1,0
DA:2,0
DA:4,0
DA:6,0
DA:8,0
DA:9,0
DA:10,0
DA:11,0
DA:14,0
DA:15,0
DA:16,0
DA:17,0
DA:20,0
DA:21,0
DA:22,0
DA:23,0
DA:26,0
DA:27,0
DA:28,0
DA:29,0
DA:30,0
DA:33,0
LF:22
LH:0
BRF:0
BRH:0
end_of_record
TN:
SF:src/lib/Client.ts
FN:18,(anonymous_7)
FN:30,(anonymous_8)
FN:34,(anonymous_9)
FN:38,(anonymous_10)
FNF:4
FNH:2
FNDA:6,(anonymous_7)
FNDA:6,(anonymous_8)
FNDA:0,(anonymous_9)
FNDA:0,(anonymous_10)
DA:1,1
DA:2,1
DA:4,1
DA:14,1
DA:19,6
DA:20,6
DA:22,6
DA:30,6
DA:31,6
DA:34,6
DA:35,0
DA:38,6
DA:39,0
DA:40,0
DA:41,0
DA:42,0
DA:43,0
DA:47,6
LF:18
LH:12
BRDA:41,0,0,0
BRDA:41,0,1,0
BRF:2
BRH:0
end_of_record
TN:
SF:src/lib/PubSubManager.ts
FN:7,(anonymous_8)
FN:51,(anonymous_9)
FN:54,(anonymous_11)
FN:72,(anonymous_12)
FN:83,(anonymous_14)
FN:94,(anonymous_15)
FN:109,(anonymous_16)
FN:121,(anonymous_18)
FN:129,(anonymous_20)
FN:137,(anonymous_22)
FNF:10
FNH:10
FNDA:1,(anonymous_8)
FNDA:2,(anonymous_9)
FNDA:52,(anonymous_11)
FNDA:2,(anonymous_12)
FNDA:35,(anonymous_14)
FNDA:17,(anonymous_15)
FNDA:17,(anonymous_16)
FNDA:4,(anonymous_18)
FNDA:11,(anonymous_20)
FNDA:3,(anonymous_22)
DA:1,1
DA:3,1
DA:5,1
DA:7,1
DA:8,1
DA:9,1
DA:10,1
DA:43,1
DA:44,1
DA:46,1
DA:52,2
DA:54,2
DA:55,52
DA:57,52
DA:59,52
DA:60,17
DA:62,35
DA:66,2
DA:73,2
DA:74,2
DA:75,0
DA:77,2
DA:84,35
DA:86,4
DA:87,4
DA:95,17
DA:97,3
DA:98,3
DA:100,11
DA:101,11
DA:110,17
DA:111,17
DA:112,17
DA:113,17
DA:114,17
DA:122,4
DA:130,11
DA:138,3
DA:139,3
DA:140,0
DA:141,0
DA:143,3
DA:144,3
DA:145,3
LF:44
LH:41
BRDA:7,0,0,1
BRDA:7,0,1,1
BRDA:59,1,0,17
BRDA:59,1,1,35
BRDA:74,2,0,0
BRDA:74,2,1,2
BRDA:85,3,0,4
BRDA:96,4,0,3
BRDA:96,4,1,11
BRDA:139,5,0,0
BRDA:139,5,1,3
BRF:11
BRH:9
end_of_record
TN:
SF:src/lib/Step.ts
FN:106,(anonymous_15)
FN:127,(anonymous_16)
FN:215,(anonymous_18)
FN:217,(anonymous_20)
FN:218,(anonymous_21)
FN:233,(anonymous_22)
FN:243,(anonymous_24)
FN:278,(anonymous_26)
FN:280,(anonymous_28)
FN:280,(anonymous_29)
FN:295,(anonymous_30)
FN:319,(anonymous_32)
FN:326,(anonymous_34)
FN:329,(anonymous_36)
FN:335,(anonymous_37)
FN:342,(anonymous_38)
FN:343,(anonymous_39)
FN:358,(anonymous_40)
FN:359,(anonymous_42)
FN:360,(anonymous_43)
FN:383,(anonymous_44)
FN:457,(anonymous_46)
FN:466,(anonymous_48)
FN:466,(anonymous_49)
FN:752,(anonymous_50)
FN:520,(anonymous_59)
FN:522,(anonymous_60)
FN:523,(anonymous_61)
FN:555,(anonymous_68)
FN:556,(anonymous_69)
FN:568,(anonymous_72)
FN:568,(anonymous_73)
FN:577,(anonymous_76)
FN:577,(anonymous_77)
FN:584,(anonymous_78)
FN:585,(anonymous_79)
FN:606,(anonymous_82)
FN:607,(anonymous_83)
FN:614,(anonymous_84)
FN:626,(anonymous_87)
FN:627,(anonymous_88)
FN:649,(anonymous_91)
FN:650,(anonymous_92)
FN:656,(anonymous_93)
FN:678,(anonymous_96)
FN:680,(anonymous_97)
FN:688,(anonymous_98)
FN:689,(anonymous_99)
FN:714,_Step_taskDoneQueue_get
FN:721,_Step_list_get
FN:728,_Step_doneList_get
FN:735,_Step_toJSONListItem_get
FNF:52
FNH:38
FNDA:14,(anonymous_15)
FNDA:3,(anonymous_16)
FNDA:7,(anonymous_18)
FNDA:7,(anonymous_20)
FNDA:7,(anonymous_21)
FNDA:0,(anonymous_22)
FNDA:0,(anonymous_24)
FNDA:3,(anonymous_26)
FNDA:30,(anonymous_28)
FNDA:30,(anonymous_29)
FNDA:1,(anonymous_30)
FNDA:4,(anonymous_32)
FNDA:0,(anonymous_34)
FNDA:0,(anonymous_36)
FNDA:0,(anonymous_37)
FNDA:0,(anonymous_38)
FNDA:0,(anonymous_39)
FNDA:0,(anonymous_40)
FNDA:0,(anonymous_42)
FNDA:0,(anonymous_43)
FNDA:7,(anonymous_44)
FNDA:26,(anonymous_46)
FNDA:26,(anonymous_48)
FNDA:26,(anonymous_49)
FNDA:10,(anonymous_50)
FNDA:11,(anonymous_59)
FNDA:10,(anonymous_60)
FNDA:1,(anonymous_61)
FNDA:0,(anonymous_68)
FNDA:0,(anonymous_69)
FNDA:0,(anonymous_72)
FNDA:0,(anonymous_73)
FNDA:7,(anonymous_76)
FNDA:7,(anonymous_77)
FNDA:4,(anonymous_78)
FNDA:4,(anonymous_79)
FNDA:4,(anonymous_82)
FNDA:4,(anonymous_83)
FNDA:4,(anonymous_84)
FNDA:18,(anonymous_87)
FNDA:18,(anonymous_88)
FNDA:8,(anonymous_91)
FNDA:8,(anonymous_92)
FNDA:32,(anonymous_93)
FNDA:3,(anonymous_96)
FNDA:3,(anonymous_97)
FNDA:3,(anonymous_98)
FNDA:3,(anonymous_99)
FNDA:23,_Step_taskDoneQueue_get
FNDA:14,_Step_list_get
FNDA:4,_Step_doneList_get
FNDA:7,_Step_toJSONListItem_get
DA:1,1
DA:2,1
DA:3,1
DA:5,1
DA:6,1
DA:7,1
DA:9,1
DA:10,1
DA:12,1
DA:73,1
DA:83,1
DA:93,14
DA:99,14
DA:101,14
DA:107,14
DA:108,14
DA:109,14
DA:110,14
DA:112,14
DA:113,14
DA:115,14
DA:116,14
DA:118,14
DA:119,14
DA:120,14
DA:128,3
DA:129,3
DA:131,3
DA:134,3
DA:135,3
DA:136,0
DA:139,3
DA:140,3
DA:143,3
DA:144,0
DA:147,3
DA:148,0
DA:152,3
DA:153,3
DA:155,3
DA:156,3
DA:157,0
DA:168,3
DA:169,0
DA:180,3
DA:183,3
DA:197,3
DA:199,3
DA:200,3
DA:208,3
DA:216,7
DA:217,7
DA:218,7
DA:219,7
DA:220,0
DA:222,7
DA:223,7
DA:224,7
DA:234,0
DA:235,0
DA:236,0
DA:244,0
DA:245,0
DA:246,0
DA:247,0
DA:250,0
DA:253,0
DA:254,0
DA:257,0
DA:259,0
DA:270,0
DA:272,0
DA:279,3
DA:280,30
DA:281,30
DA:282,30
DA:283,30
DA:286,3
DA:287,3
DA:296,1
DA:297,1
DA:299,1
DA:300,1
DA:301,1
DA:304,1
DA:311,1
DA:312,10
DA:313,10
DA:320,4
DA:327,0
DA:329,0
DA:330,0
DA:332,0
DA:336,0
DA:337,0
DA:340,0
DA:342,0
DA:343,0
DA:345,0
DA:346,0
DA:349,0
DA:359,0
DA:360,0
DA:361,0
DA:362,0
DA:365,0
DA:366,0
DA:367,0
DA:370,0
DA:384,7
DA:386,7
DA:387,7
DA:388,7
DA:389,7
DA:390,7
DA:393,7
DA:396,7
DA:403,18
DA:405,18
DA:406,18
DA:407,7
DA:411,11
DA:412,11
DA:419,11
DA:420,11
DA:421,11
DA:423,0
DA:426,11
DA:427,11
DA:430,11
DA:431,11
DA:432,11
DA:433,10
DA:435,1
DA:436,1
DA:437,1
DA:438,1
DA:441,11
DA:444,11
DA:445,11
DA:446,11
DA:447,0
DA:451,11
DA:460,26
DA:462,26
DA:463,3
DA:465,26
DA:466,26
DA:467,26
DA:468,0
DA:473,26
DA:475,0
DA:476,0
DA:484,22
DA:491,11
DA:492,11
DA:493,0
DA:497,11
DA:500,11
DA:501,0
DA:505,11
DA:506,0
DA:507,0
DA:508,11
DA:509,0
DA:510,0
DA:511,11
DA:512,11
DA:514,0
DA:517,11
DA:520,11
DA:521,11
DA:522,10
DA:523,1
DA:531,0
DA:532,0
DA:534,0
DA:544,1
DA:545,1
DA:546,0
DA:554,0
DA:555,0
DA:556,0
DA:564,1
DA:565,1
DA:566,1
DA:568,0
DA:575,7
DA:577,7
DA:578,7
DA:579,0
DA:582,7
DA:584,4
DA:585,4
DA:587,4
DA:588,0
DA:591,4
DA:592,4
DA:594,4
DA:604,4
DA:606,4
DA:607,4
DA:608,4
DA:609,0
DA:610,0
DA:613,4
DA:614,4
DA:615,4
DA:616,4
DA:626,18
DA:627,18
DA:628,18
DA:629,0
DA:631,18
DA:632,7
DA:635,11
DA:636,11
DA:637,11
DA:649,8
DA:650,8
DA:651,8
DA:652,0
DA:655,8
DA:656,4
DA:657,32
DA:658,32
DA:661,4
DA:662,4
DA:664,4
DA:674,3
DA:676,3
DA:678,3
DA:679,3
DA:680,3
DA:681,3
DA:682,0
DA:684,3
DA:688,3
DA:689,3
DA:690,3
DA:691,0
DA:693,3
DA:697,3
DA:704,3
DA:705,3
DA:706,3
DA:713,49
DA:720,23
DA:727,14
DA:734,4
DA:741,7
DA:753,10
LF:252
LH:184
BRDA:135,0,0,0
BRDA:135,0,1,3
BRDA:139,1,0,3
BRDA:139,1,1,0
BRDA:143,2,0,0
BRDA:143,2,1,3
BRDA:147,3,0,0
BRDA:147,3,1,3
BRDA:153,4,0,3
BRDA:153,4,1,3
BRDA:155,5,0,3
BRDA:155,5,1,0
BRDA:156,6,0,0
BRDA:156,6,1,3
BRDA:168,7,0,0
BRDA:168,7,1,3
BRDA:199,8,0,3
BRDA:199,8,1,0
BRDA:219,9,0,0
BRDA:219,9,1,7
BRDA:219,10,0,7
BRDA:219,10,1,7
BRDA:220,11,0,0
BRDA:220,11,1,0
BRDA:220,12,0,0
BRDA:220,12,1,0
BRDA:220,13,0,0
BRDA:220,13,1,0
BRDA:246,14,0,0
BRDA:246,14,1,0
BRDA:246,15,0,0
BRDA:246,15,1,0
BRDA:253,16,0,0
BRDA:253,16,1,0
BRDA:300,17,0,1
BRDA:300,17,1,0
BRDA:336,18,0,0
BRDA:336,18,1,0
BRDA:345,19,0,0
BRDA:345,19,1,0
BRDA:361,20,0,0
BRDA:361,20,1,0
BRDA:366,21,0,0
BRDA:366,21,1,0
BRDA:462,22,0,3
BRDA:462,22,1,23
BRDA:462,23,0,26
BRDA:462,23,1,26
BRDA:465,24,0,26
BRDA:465,24,1,0
BRDA:467,25,0,0
BRDA:467,25,1,26
BRDA:467,26,0,26
BRDA:467,26,1,26
BRDA:467,26,2,0
BRDA:406,27,0,7
BRDA:406,27,1,11
BRDA:411,28,0,11
BRDA:411,28,1,0
BRDA:421,29,0,0
BRDA:421,29,1,11
BRDA:435,30,0,0
BRDA:435,30,1,1
BRDA:444,31,0,11
BRDA:444,31,1,0
BRDA:446,32,0,0
BRDA:446,32,1,11
BRDA:446,33,0,11
BRDA:446,33,1,11
BRDA:492,34,0,0
BRDA:492,34,1,11
BRDA:500,35,0,0
BRDA:500,35,1,11
BRDA:505,36,0,0
BRDA:505,36,1,11
BRDA:505,37,0,11
BRDA:505,37,1,0
BRDA:508,38,0,0
BRDA:508,38,1,11
BRDA:508,39,0,11
BRDA:508,39,1,0
BRDA:511,40,0,11
BRDA:511,40,1,0
BRDA:531,41,0,0
BRDA:531,41,1,0
BRDA:545,42,0,0
BRDA:545,42,1,1
BRDA:565,43,0,1
BRDA:565,43,1,0
BRDA:578,44,0,0
BRDA:578,44,1,7
BRDA:582,45,0,4
BRDA:582,45,1,3
BRDA:587,46,0,0
BRDA:587,46,1,4
BRDA:592,47,0,4
BRDA:592,47,1,0
BRDA:608,48,0,0
BRDA:608,48,1,4
BRDA:628,49,0,0
BRDA:628,49,1,18
BRDA:631,50,0,7
BRDA:631,50,1,11
BRDA:648,51,0,4
BRDA:651,52,0,0
BRDA:651,52,1,8
BRDA:655,53,0,4
BRDA:655,53,1,4
BRDA:655,54,0,8
BRDA:655,54,1,8
BRDA:681,55,0,0
BRDA:681,55,1,3
BRDA:690,56,0,0
BRDA:690,56,1,3
BRF:114
BRH:57
end_of_record
TN:
SF:src/lib/StepHandler.ts
FN:41,(anonymous_1)
FN:61,(anonymous_2)
FN:63,(anonymous_3)
FN:68,(anonymous_4)
FN:70,(anonymous_5)
FNF:5
FNH:5
FNDA:1,(anonymous_1)
FNDA:1,(anonymous_2)
FNDA:1,(anonymous_3)
FNDA:9,(anonymous_4)
FNDA:9,(anonymous_5)
DA:1,1
DA:6,1
DA:24,1
DA:42,1
DA:43,1
DA:44,1
DA:45,1
DA:46,1
DA:48,1
DA:49,1
DA:51,1
DA:53,1
DA:54,1
DA:55,1
DA:62,1
DA:63,1
DA:64,1
DA:65,1
DA:67,1
DA:68,9
DA:71,9
DA:77,1
DA:78,0
DA:81,1
DA:82,1
DA:83,1
DA:84,1
LF:27
LH:26
BRDA:71,0,0,9
BRDA:71,0,1,9
BRDA:71,0,2,8
BRDA:71,0,3,4
BRDA:77,1,0,0
BRDA:77,1,1,1
BRDA:83,2,0,1
BRDA:83,2,1,0
BRF:8
BRH:6
end_of_record
TN:
SF:src/lib/Task.ts
FN:37,(anonymous_8)
FN:52,(anonymous_9)
FN:69,(anonymous_11)
FN:73,(anonymous_13)
FN:74,(anonymous_14)
FN:86,(anonymous_15)
FNF:6
FNH:6
FNDA:41,(anonymous_8)
FNDA:30,(anonymous_9)
FNDA:31,(anonymous_11)
FNDA:31,(anonymous_13)
FNDA:31,(anonymous_14)
FNDA:52,(anonymous_15)
DA:1,1
DA:2,1
DA:4,1
DA:6,1
DA:23,1
DA:38,41
DA:39,41
DA:41,41
DA:42,41
DA:43,41
DA:45,41
DA:53,30
DA:54,30
DA:61,30
DA:63,30
DA:70,31
DA:72,31
DA:73,31
DA:74,31
DA:75,31
DA:76,0
DA:78,31
DA:87,52
LF:23
LH:22
BRDA:75,0,0,0
BRDA:75,0,1,31
BRF:2
BRH:1
end_of_record
TN:
SF:src/lib/WorkFlow.ts
FN:66,(anonymous_16)
FN:85,(anonymous_17)
FN:107,(anonymous_18)
FN:121,(anonymous_20)
FN:126,(anonymous_22)
FN:127,(anonymous_23)
FN:147,(anonymous_24)
FN:172,(anonymous_26)
FN:173,(anonymous_27)
FN:173,(anonymous_28)
FN:187,(anonymous_29)
FN:203,(anonymous_30)
FN:205,(anonymous_31)
FN:206,(anonymous_32)
FN:211,(anonymous_33)
FN:211,(anonymous_34)
FN:213,(anonymous_35)
FN:213,(anonymous_36)
FN:218,(anonymous_37)
FN:229,(anonymous_38)
FN:354,(anonymous_40)
FN:243,(anonymous_43)
FN:244,(anonymous_44)
FN:244,(anonymous_45)
FN:274,(anonymous_48)
FN:275,(anonymous_49)
FN:288,(anonymous_52)
FN:288,(anonymous_53)
FN:311,(anonymous_56)
FN:329,(anonymous_59)
FN:330,(anonymous_60)
FN:340,(anonymous_61)
FN:341,(anonymous_62)
FNF:33
FNH:33
FNDA:14,(anonymous_16)
FNDA:2,(anonymous_17)
FNDA:7,(anonymous_18)
FNDA:12,(anonymous_20)
FNDA:12,(anonymous_22)
FNDA:12,(anonymous_23)
FNDA:6,(anonymous_24)
FNDA:2,(anonymous_26)
FNDA:2,(anonymous_27)
FNDA:2,(anonymous_28)
FNDA:3,(anonymous_29)
FNDA:3,(anonymous_30)
FNDA:3,(anonymous_31)
FNDA:3,(anonymous_32)
FNDA:4,(anonymous_33)
FNDA:4,(anonymous_34)
FNDA:4,(anonymous_35)
FNDA:4,(anonymous_36)
FNDA:3,(anonymous_37)
FNDA:3,(anonymous_38)
FNDA:2,(anonymous_40)
FNDA:6,(anonymous_43)
FNDA:6,(anonymous_44)
FNDA:6,(anonymous_45)
FNDA:2,(anonymous_48)
FNDA:2,(anonymous_49)
FNDA:3,(anonymous_52)
FNDA:3,(anonymous_53)
FNDA:3,(anonymous_56)
FNDA:3,(anonymous_59)
FNDA:1,(anonymous_60)
FNDA:3,(anonymous_61)
FNDA:1,(anonymous_62)
DA:1,1
DA:2,1
DA:3,1
DA:7,1
DA:8,1
DA:12,1
DA:14,1
DA:44,1
DA:49,1
DA:60,14
DA:67,14
DA:68,14
DA:69,14
DA:70,14
DA:72,14
DA:90,2
DA:91,2
DA:93,2
DA:94,2
DA:95,2
DA:97,2
DA:98,0
DA:100,2
DA:108,7
DA:110,7
DA:111,7
DA:112,0
DA:114,7
DA:122,12
DA:124,12
DA:126,12
DA:127,12
DA:128,12
DA:129,0
DA:132,12
DA:133,0
DA:136,12
DA:137,12
DA:148,6
DA:150,6
DA:152,6
DA:153,0
DA:154,0
DA:157,6
DA:158,6
DA:159,3
DA:163,3
DA:165,3
DA:173,2
DA:174,2
DA:175,2
DA:178,2
DA:180,2
DA:188,3
DA:190,3
DA:191,3
DA:192,0
DA:195,3
DA:197,3
DA:204,3
DA:205,3
DA:206,3
DA:207,3
DA:208,0
DA:211,4
DA:213,4
DA:214,4
DA:215,4
DA:218,3
DA:219,3
DA:220,3
DA:230,3
DA:231,3
DA:238,6
DA:240,6
DA:243,6
DA:244,6
DA:245,6
DA:246,0
DA:249,6
DA:250,6
DA:251,3
DA:252,3
DA:255,3
DA:256,3
DA:265,2
DA:267,2
DA:269,2
DA:270,0
DA:273,2
DA:274,2
DA:275,2
DA:276,2
DA:277,0
DA:279,2
DA:288,3
DA:289,3
DA:291,3
DA:305,3
DA:311,3
DA:312,3
DA:313,3
DA:322,3
DA:324,3
DA:325,3
DA:327,3
DA:329,3
DA:330,3
DA:331,1
DA:332,0
DA:335,1
DA:336,0
DA:340,3
DA:341,1
DA:342,1
DA:343,0
DA:345,1
DA:355,2
LF:118
LH:104
BRDA:88,0,0,2
BRDA:93,1,0,0
BRDA:93,1,1,2
BRDA:93,2,0,2
BRDA:93,2,1,0
BRDA:97,3,0,0
BRDA:97,3,1,2
BRDA:97,4,0,2
BRDA:97,4,1,0
BRDA:111,5,0,0
BRDA:111,5,1,7
BRDA:128,6,0,0
BRDA:128,6,1,12
BRDA:129,7,0,0
BRDA:129,7,1,0
BRDA:129,8,0,0
BRDA:129,8,1,0
BRDA:129,9,0,0
BRDA:129,9,1,0
BRDA:132,10,0,0
BRDA:132,10,1,12
BRDA:152,11,0,0
BRDA:152,11,1,6
BRDA:158,12,0,3
BRDA:158,12,1,3
BRDA:174,13,0,2
BRDA:174,13,1,0
BRDA:191,14,0,0
BRDA:191,14,1,3
BRDA:191,15,0,3
BRDA:191,15,1,3
BRDA:207,16,0,0
BRDA:207,16,1,3
BRDA:245,17,0,0
BRDA:245,17,1,6
BRDA:250,18,0,3
BRDA:250,18,1,3
BRDA:269,19,0,0
BRDA:269,19,1,2
BRDA:276,20,0,0
BRDA:276,20,1,2
BRDA:312,21,0,3
BRDA:312,21,1,0
BRDA:331,22,0,0
BRDA:331,22,1,1
BRDA:335,23,0,0
BRDA:335,23,1,1
BRDA:342,24,0,0
BRDA:342,24,1,1
BRF:49
BRH:25
end_of_record
TN:
SF:src/lib/index.spec2.ts
FN:22,(anonymous_8)
FN:22,(anonymous_9)
FN:26,(anonymous_10)
FN:26,(anonymous_11)
FN:31,(anonymous_12)
FN:31,(anonymous_13)
FN:35,(anonymous_14)
FN:36,(anonymous_15)
FN:36,(anonymous_16)
FN:46,(anonymous_17)
FN:46,(anonymous_18)
FN:47,(anonymous_19)
FN:60,(anonymous_20)
FN:61,(anonymous_21)
FN:61,(anonymous_22)
FN:71,(anonymous_23)
FN:71,(anonymous_24)
FN:77,(anonymous_25)
FN:78,(anonymous_26)
FN:78,(anonymous_27)
FN:84,(anonymous_28)
FN:84,(anonymous_29)
FN:90,(anonymous_30)
FN:91,(anonymous_31)
FN:91,(anonymous_32)
FN:96,(anonymous_33)
FN:96,(anonymous_34)
FN:101,(anonymous_35)
FN:101,(anonymous_36)
FN:115,(anonymous_37)
FN:116,(anonymous_38)
FN:123,(anonymous_39)
FN:124,(anonymous_40)
FN:135,(anonymous_41)
FN:136,(anonymous_42)
FN:145,(anonymous_43)
FN:145,(anonymous_44)
FN:155,(anonymous_45)
FN:159,(anonymous_46)
FN:176,(anonymous_47)
FN:177,(anonymous_48)
FN:184,(anonymous_49)
FN:185,(anonymous_50)
FN:202,createTaskAndLock
FN:205,(anonymous_53)
FN:206,(anonymous_54)
FN:214,(anonymous_55)
FN:215,(anonymous_56)
FNF:48
FNH:0
FNDA:0,(anonymous_8)
FNDA:0,(anonymous_9)
FNDA:0,(anonymous_10)
FNDA:0,(anonymous_11)
FNDA:0,(anonymous_12)
FNDA:0,(anonymous_13)
FNDA:0,(anonymous_14)
FNDA:0,(anonymous_15)
FNDA:0,(anonymous_16)
FNDA:0,(anonymous_17)
FNDA:0,(anonymous_18)
FNDA:0,(anonymous_19)
FNDA:0,(anonymous_20)
FNDA:0,(anonymous_21)
FNDA:0,(anonymous_22)
FNDA:0,(anonymous_23)
FNDA:0,(anonymous_24)
FNDA:0,(anonymous_25)
FNDA:0,(anonymous_26)
FNDA:0,(anonymous_27)
FNDA:0,(anonymous_28)
FNDA:0,(anonymous_29)
FNDA:0,(anonymous_30)
FNDA:0,(anonymous_31)
FNDA:0,(anonymous_32)
FNDA:0,(anonymous_33)
FNDA:0,(anonymous_34)
FNDA:0,(anonymous_35)
FNDA:0,(anonymous_36)
FNDA:0,(anonymous_37)
FNDA:0,(anonymous_38)
FNDA:0,(anonymous_39)
FNDA:0,(anonymous_40)
FNDA:0,(anonymous_41)
FNDA:0,(anonymous_42)
FNDA:0,(anonymous_43)
FNDA:0,(anonymous_44)
FNDA:0,(anonymous_45)
FNDA:0,(anonymous_46)
FNDA:0,(anonymous_47)
FNDA:0,(anonymous_48)
FNDA:0,(anonymous_49)
FNDA:0,(anonymous_50)
FNDA:0,createTaskAndLock
FNDA:0,(anonymous_53)
FNDA:0,(anonymous_54)
FNDA:0,(anonymous_55)
FNDA:0,(anonymous_56)
DA:1,0
DA:2,0
DA:4,0
DA:6,0
DA:8,0
DA:9,0
DA:11,0
DA:13,0
DA:14,0
DA:16,0
DA:18,0
DA:20,0
DA:22,0
DA:23,0
DA:26,0
DA:27,0
DA:28,0
DA:31,0
DA:32,0
DA:35,0
DA:36,0
DA:37,0
DA:39,0
DA:40,0
DA:41,0
DA:42,0
DA:43,0
DA:46,0
DA:47,0
DA:50,0
DA:51,0
DA:53,0
DA:54,0
DA:55,0
DA:56,0
DA:60,0
DA:61,0
DA:62,0
DA:63,0
DA:65,0
DA:66,0
DA:67,0
DA:68,0
DA:71,0
DA:72,0
DA:73,0
DA:77,0
DA:78,0
DA:79,0
DA:80,0
DA:81,0
DA:84,0
DA:85,0
DA:86,0
DA:90,0
DA:91,0
DA:92,0
DA:93,0
DA:96,0
DA:97,0
DA:98,0
DA:101,0
DA:102,0
DA:103,0
DA:104,0
DA:105,0
DA:106,0
DA:109,0
DA:111,0
DA:112,0
DA:115,0
DA:116,0
DA:117,0
DA:118,0
DA:123,0
DA:124,0
DA:125,0
DA:126,0
DA:130,0
DA:131,0
DA:134,0
DA:135,0
DA:136,0
DA:137,0
DA:138,0
DA:142,0
DA:145,0
DA:146,0
DA:149,0
DA:151,0
DA:153,0
DA:155,0
DA:157,0
DA:160,0
DA:163,0
DA:169,0
DA:170,0
DA:172,0
DA:173,0
DA:176,0
DA:177,0
DA:178,0
DA:179,0
DA:184,0
DA:185,0
DA:186,0
DA:187,0
DA:191,0
DA:192,0
DA:204,0
DA:205,0
DA:206,0
DA:207,0
DA:208,0
DA:214,0
DA:215,0
DA:216,0
DA:217,0
LF:118
LH:0
BRDA:204,0,0,0
BRDA:204,0,1,0
BRF:2
BRH:0
end_of_record
TN:
SF:src/lib/index.ts
FN:42,(anonymous_10)
FN:50,(anonymous_11)
FN:61,(anonymous_12)
FN:76,(anonymous_13)
FN:98,(anonymous_15)
FN:113,(anonymous_18)
FN:119,(anonymous_19)
FN:143,(anonymous_22)
FN:146,(anonymous_23)
FNF:9
FNH:4
FNDA:2,(anonymous_10)
FNDA:0,(anonymous_11)
FNDA:2,(anonymous_12)
FNDA:2,(anonymous_13)
FNDA:154,(anonymous_15)
FNDA:0,(anonymous_18)
FNDA:0,(anonymous_19)
FNDA:0,(anonymous_22)
FNDA:0,(anonymous_23)
DA:1,1
DA:3,1
DA:5,1
DA:6,1
DA:7,1
DA:8,1
DA:9,1
DA:11,1
DA:18,1
DA:22,1
DA:29,2
DA:31,1
DA:33,1
DA:34,1
DA:36,2
DA:43,2
DA:44,2
DA:45,2
DA:46,2
DA:48,2
DA:49,2
DA:50,0
DA:62,2
DA:63,0
DA:64,0
DA:66,2
DA:68,2
DA:70,2
DA:77,2
DA:78,2
DA:79,0
DA:82,2
DA:84,2
DA:85,2
DA:86,2
DA:88,2
DA:89,2
DA:92,2
DA:99,154
DA:100,0
DA:102,154
DA:109,0
DA:110,0
DA:113,0
DA:114,0
DA:116,0
DA:119,0
DA:120,0
DA:121,0
DA:122,0
DA:125,0
DA:126,0
DA:129,0
DA:130,0
DA:131,0
DA:132,0
DA:142,0
DA:143,0
DA:144,0
DA:145,0
DA:146,0
DA:147,0
LF:62
LH:36
BRDA:48,0,0,2
BRDA:48,0,1,0
BRDA:48,1,0,2
BRDA:48,1,1,2
BRDA:62,2,0,0
BRDA:62,2,1,2
BRDA:78,3,0,0
BRDA:78,3,1,2
BRDA:88,4,0,2
BRDA:88,4,1,0
BRDA:99,5,0,0
BRDA:99,5,1,154
BRDA:109,6,0,0
BRDA:109,6,1,0
BRDA:114,7,0,0
BRDA:114,7,1,0
BRDA:120,8,0,0
BRDA:120,8,1,0
BRDA:125,9,0,0
BRDA:125,9,1,0
BRDA:125,10,0,0
BRDA:125,10,1,0
BRDA:131,11,0,0
BRDA:131,11,1,0
BRF:24
BRH:7
end_of_record
