TN:
SF:src/index.ts
FNF:0
FNH:0
DA:1,1
DA:2,1
DA:3,1
DA:4,1
DA:5,1
DA:7,1
DA:9,1
LF:7
LH:7
BRF:0
BRH:0
end_of_record
TN:
SF:src/lib/Client.ts
FN:12,(anonymous_7)
FN:26,(anonymous_8)
FN:30,(anonymous_9)
FN:34,(anonymous_10)
FNF:4
FNH:2
FNDA:3,(anonymous_7)
FNDA:3,(anonymous_8)
FNDA:0,(anonymous_9)
FNDA:0,(anonymous_10)
DA:1,1
DA:2,1
DA:4,1
DA:8,1
DA:13,3
DA:15,3
DA:16,3
DA:18,3
DA:26,3
DA:27,3
DA:30,3
DA:31,0
DA:34,3
DA:35,0
DA:36,0
DA:37,0
DA:38,0
DA:39,0
DA:43,3
LF:19
LH:13
BRDA:37,0,0,0
BRDA:37,0,1,0
BRF:2
BRH:0
end_of_record
TN:
SF:src/lib/PubSubManager.ts
FN:7,(anonymous_8)
FN:49,(anonymous_9)
FN:52,(anonymous_11)
FN:70,(anonymous_12)
FN:81,(anonymous_13)
FN:93,(anonymous_14)
FN:105,(anonymous_16)
FN:113,(anonymous_18)
FNF:8
FNH:6
FNDA:1,(anonymous_8)
FNDA:1,(anonymous_9)
FNDA:3,(anonymous_11)
FNDA:0,(anonymous_12)
FNDA:3,(anonymous_13)
FNDA:3,(anonymous_14)
FNDA:0,(anonymous_16)
FNDA:1,(anonymous_18)
DA:1,1
DA:3,1
DA:5,1
DA:7,1
DA:8,1
DA:9,1
DA:10,1
DA:41,1
DA:42,1
DA:44,1
DA:50,1
DA:52,1
DA:53,3
DA:55,3
DA:57,3
DA:58,3
DA:60,0
DA:64,1
DA:71,0
DA:73,0
DA:74,0
DA:82,3
DA:84,1
DA:85,1
DA:94,3
DA:95,3
DA:96,3
DA:97,3
DA:98,3
DA:106,0
DA:114,1
LF:31
LH:26
BRDA:7,0,0,1
BRDA:7,0,1,1
BRDA:57,1,0,3
BRDA:57,1,1,0
BRDA:72,2,0,0
BRDA:83,3,0,1
BRF:6
BRH:4
end_of_record
TN:
SF:src/lib/Step.ts
FN:105,(anonymous_15)
FN:126,(anonymous_16)
FN:214,(anonymous_18)
FN:216,(anonymous_20)
FN:217,(anonymous_21)
FN:232,(anonymous_22)
FN:242,(anonymous_24)
FN:277,(anonymous_26)
FN:279,(anonymous_28)
FN:279,(anonymous_29)
FN:294,(anonymous_30)
FN:309,(anonymous_32)
FN:316,(anonymous_34)
FN:319,(anonymous_36)
FN:325,(anonymous_37)
FN:332,(anonymous_38)
FN:333,(anonymous_39)
FN:348,(anonymous_40)
FN:349,(anonymous_42)
FN:350,(anonymous_43)
FN:373,(anonymous_44)
FN:448,(anonymous_46)
FN:457,(anonymous_48)
FN:457,(anonymous_49)
FN:743,(anonymous_50)
FN:511,(anonymous_57)
FN:513,(anonymous_58)
FN:514,(anonymous_59)
FN:546,(anonymous_66)
FN:547,(anonymous_67)
FN:559,(anonymous_70)
FN:559,(anonymous_71)
FN:568,(anonymous_74)
FN:568,(anonymous_75)
FN:575,(anonymous_76)
FN:576,(anonymous_77)
FN:597,(anonymous_80)
FN:598,(anonymous_81)
FN:605,(anonymous_82)
FN:617,(anonymous_85)
FN:618,(anonymous_86)
FN:640,(anonymous_89)
FN:641,(anonymous_90)
FN:647,(anonymous_91)
FN:669,(anonymous_94)
FN:671,(anonymous_95)
FN:679,(anonymous_96)
FN:680,(anonymous_97)
FN:705,_Step_taskDoneQueue_get
FN:712,_Step_list_get
FN:719,_Step_doneList_get
FN:726,_Step_toJSONListItem_get
FNF:52
FNH:32
FNDA:4,(anonymous_15)
FNDA:2,(anonymous_16)
FNDA:2,(anonymous_18)
FNDA:2,(anonymous_20)
FNDA:2,(anonymous_21)
FNDA:0,(anonymous_22)
FNDA:0,(anonymous_24)
FNDA:1,(anonymous_26)
FNDA:1,(anonymous_28)
FNDA:1,(anonymous_29)
FNDA:0,(anonymous_30)
FNDA:0,(anonymous_32)
FNDA:0,(anonymous_34)
FNDA:0,(anonymous_36)
FNDA:0,(anonymous_37)
FNDA:0,(anonymous_38)
FNDA:0,(anonymous_39)
FNDA:0,(anonymous_40)
FNDA:0,(anonymous_42)
FNDA:0,(anonymous_43)
FNDA:2,(anonymous_44)
FNDA:4,(anonymous_46)
FNDA:4,(anonymous_48)
FNDA:4,(anonymous_49)
FNDA:3,(anonymous_50)
FNDA:1,(anonymous_57)
FNDA:1,(anonymous_58)
FNDA:0,(anonymous_59)
FNDA:0,(anonymous_66)
FNDA:0,(anonymous_67)
FNDA:0,(anonymous_70)
FNDA:0,(anonymous_71)
FNDA:2,(anonymous_74)
FNDA:2,(anonymous_75)
FNDA:2,(anonymous_76)
FNDA:2,(anonymous_77)
FNDA:2,(anonymous_80)
FNDA:2,(anonymous_81)
FNDA:2,(anonymous_82)
FNDA:3,(anonymous_85)
FNDA:3,(anonymous_86)
FNDA:0,(anonymous_89)
FNDA:0,(anonymous_90)
FNDA:0,(anonymous_91)
FNDA:2,(anonymous_94)
FNDA:2,(anonymous_95)
FNDA:2,(anonymous_96)
FNDA:2,(anonymous_97)
FNDA:3,_Step_taskDoneQueue_get
FNDA:6,_Step_list_get
FNDA:2,_Step_doneList_get
FNDA:4,_Step_toJSONListItem_get
DA:1,1
DA:2,1
DA:3,1
DA:5,1
DA:6,1
DA:7,1
DA:9,1
DA:11,1
DA:72,1
DA:82,1
DA:92,4
DA:98,4
DA:100,4
DA:106,4
DA:107,4
DA:108,4
DA:109,4
DA:111,4
DA:112,4
DA:114,4
DA:115,4
DA:117,4
DA:118,4
DA:119,4
DA:127,2
DA:128,2
DA:130,2
DA:133,2
DA:134,2
DA:135,0
DA:138,2
DA:139,2
DA:142,2
DA:143,0
DA:146,2
DA:147,0
DA:151,2
DA:153,2
DA:154,2
DA:155,0
DA:166,2
DA:167,0
DA:178,2
DA:181,2
DA:182,2
DA:196,2
DA:198,2
DA:199,1
DA:207,2
DA:215,2
DA:216,2
DA:217,2
DA:218,2
DA:219,0
DA:221,2
DA:222,2
DA:223,2
DA:233,0
DA:234,0
DA:235,0
DA:243,0
DA:244,0
DA:245,0
DA:246,0
DA:249,0
DA:252,0
DA:253,0
DA:256,0
DA:258,0
DA:269,0
DA:271,0
DA:278,1
DA:279,1
DA:280,1
DA:281,1
DA:282,1
DA:285,1
DA:286,1
DA:295,0
DA:296,0
DA:298,0
DA:299,0
DA:300,0
DA:303,0
DA:310,0
DA:317,0
DA:319,0
DA:320,0
DA:322,0
DA:326,0
DA:327,0
DA:330,0
DA:332,0
DA:333,0
DA:335,0
DA:336,0
DA:339,0
DA:349,0
DA:350,0
DA:351,0
DA:352,0
DA:355,0
DA:356,0
DA:357,0
DA:360,0
DA:374,2
DA:376,2
DA:377,2
DA:378,2
DA:379,2
DA:380,2
DA:383,2
DA:386,2
DA:393,3
DA:395,3
DA:396,3
DA:397,2
DA:401,1
DA:402,1
DA:403,1
DA:405,0
DA:408,1
DA:409,1
DA:412,1
DA:413,1
DA:414,1
DA:416,0
DA:417,0
DA:418,0
DA:421,0
DA:422,0
DA:425,0
DA:426,0
DA:430,1
DA:431,1
DA:432,1
DA:435,1
DA:436,1
DA:437,1
DA:438,0
DA:442,1
DA:451,4
DA:452,4
DA:453,2
DA:456,4
DA:457,4
DA:458,4
DA:459,0
DA:464,4
DA:466,0
DA:467,0
DA:475,2
DA:482,1
DA:483,1
DA:484,0
DA:488,1
DA:491,1
DA:492,0
DA:496,1
DA:497,0
DA:498,0
DA:499,1
DA:500,0
DA:501,0
DA:502,1
DA:503,1
DA:505,0
DA:508,1
DA:511,1
DA:512,1
DA:513,1
DA:514,0
DA:522,0
DA:523,0
DA:525,0
DA:535,0
DA:536,0
DA:537,0
DA:545,0
DA:546,0
DA:547,0
DA:555,0
DA:556,0
DA:557,0
DA:559,0
DA:566,2
DA:568,2
DA:569,2
DA:570,0
DA:573,2
DA:575,2
DA:576,2
DA:578,2
DA:579,0
DA:582,2
DA:583,2
DA:585,2
DA:595,2
DA:597,2
DA:598,2
DA:599,2
DA:600,0
DA:601,0
DA:604,2
DA:605,2
DA:606,2
DA:607,2
DA:617,3
DA:618,3
DA:619,3
DA:620,0
DA:622,3
DA:623,2
DA:626,1
DA:627,1
DA:628,1
DA:640,0
DA:641,0
DA:642,0
DA:643,0
DA:646,0
DA:647,0
DA:648,0
DA:649,0
DA:652,0
DA:653,0
DA:655,0
DA:665,2
DA:667,2
DA:669,2
DA:670,2
DA:671,2
DA:672,2
DA:673,0
DA:675,2
DA:679,2
DA:680,2
DA:681,2
DA:682,0
DA:684,2
DA:688,2
DA:695,1
DA:696,1
DA:697,1
DA:704,4
DA:711,3
DA:718,6
DA:725,2
DA:732,4
DA:744,3
LF:250
LH:152
BRDA:134,0,0,0
BRDA:134,0,1,2
BRDA:138,1,0,2
BRDA:138,1,1,0
BRDA:142,2,0,0
BRDA:142,2,1,2
BRDA:146,3,0,0
BRDA:146,3,1,2
BRDA:153,4,0,2
BRDA:153,4,1,0
BRDA:154,5,0,0
BRDA:154,5,1,2
BRDA:166,6,0,0
BRDA:166,6,1,2
BRDA:181,7,0,2
BRDA:181,7,1,2
BRDA:198,8,0,1
BRDA:198,8,1,1
BRDA:218,9,0,0
BRDA:218,9,1,2
BRDA:218,10,0,2
BRDA:218,10,1,2
BRDA:219,11,0,0
BRDA:219,11,1,0
BRDA:219,12,0,0
BRDA:219,12,1,0
BRDA:219,13,0,0
BRDA:219,13,1,0
BRDA:245,14,0,0
BRDA:245,14,1,0
BRDA:245,15,0,0
BRDA:245,15,1,0
BRDA:252,16,0,0
BRDA:252,16,1,0
BRDA:299,17,0,0
BRDA:299,17,1,0
BRDA:326,18,0,0
BRDA:326,18,1,0
BRDA:335,19,0,0
BRDA:335,19,1,0
BRDA:351,20,0,0
BRDA:351,20,1,0
BRDA:356,21,0,0
BRDA:356,21,1,0
BRDA:452,22,0,2
BRDA:452,22,1,2
BRDA:456,23,0,4
BRDA:456,23,1,0
BRDA:458,24,0,0
BRDA:458,24,1,4
BRDA:458,25,0,4
BRDA:458,25,1,4
BRDA:458,25,2,0
BRDA:396,26,0,2
BRDA:396,26,1,1
BRDA:403,27,0,0
BRDA:403,27,1,1
BRDA:416,28,0,0
BRDA:416,28,1,0
BRDA:421,29,0,0
BRDA:421,29,1,0
BRDA:435,30,0,1
BRDA:435,30,1,0
BRDA:437,31,0,0
BRDA:437,31,1,1
BRDA:437,32,0,1
BRDA:437,32,1,1
BRDA:483,33,0,0
BRDA:483,33,1,1
BRDA:491,34,0,0
BRDA:491,34,1,1
BRDA:496,35,0,0
BRDA:496,35,1,1
BRDA:496,36,0,1
BRDA:496,36,1,0
BRDA:499,37,0,0
BRDA:499,37,1,1
BRDA:499,38,0,1
BRDA:499,38,1,0
BRDA:502,39,0,1
BRDA:502,39,1,0
BRDA:522,40,0,0
BRDA:522,40,1,0
BRDA:536,41,0,0
BRDA:536,41,1,0
BRDA:556,42,0,0
BRDA:556,42,1,0
BRDA:569,43,0,0
BRDA:569,43,1,2
BRDA:573,44,0,2
BRDA:573,44,1,0
BRDA:578,45,0,0
BRDA:578,45,1,2
BRDA:583,46,0,2
BRDA:583,46,1,0
BRDA:599,47,0,0
BRDA:599,47,1,2
BRDA:619,48,0,0
BRDA:619,48,1,3
BRDA:622,49,0,2
BRDA:622,49,1,1
BRDA:639,50,0,0
BRDA:642,51,0,0
BRDA:642,51,1,0
BRDA:646,52,0,0
BRDA:646,52,1,0
BRDA:646,53,0,0
BRDA:646,53,1,0
BRDA:672,54,0,0
BRDA:672,54,1,2
BRDA:681,55,0,0
BRDA:681,55,1,2
BRF:112
BRH:44
end_of_record
TN:
SF:src/lib/StepHandler.ts
FN:41,(anonymous_1)
FN:61,(anonymous_2)
FN:63,(anonymous_3)
FN:68,(anonymous_4)
FN:70,(anonymous_5)
FNF:5
FNH:5
FNDA:1,(anonymous_1)
FNDA:1,(anonymous_2)
FNDA:1,(anonymous_3)
FNDA:10,(anonymous_4)
FNDA:10,(anonymous_5)
DA:1,1
DA:6,1
DA:24,1
DA:42,1
DA:43,1
DA:44,1
DA:45,1
DA:46,1
DA:48,1
DA:49,1
DA:51,1
DA:53,1
DA:54,1
DA:55,1
DA:62,1
DA:63,1
DA:64,1
DA:65,1
DA:67,1
DA:68,10
DA:71,10
DA:77,1
DA:78,0
DA:81,1
DA:82,1
DA:83,1
DA:84,1
LF:27
LH:26
BRDA:71,0,0,10
BRDA:71,0,1,10
BRDA:71,0,2,10
BRDA:71,0,3,4
BRDA:77,1,0,0
BRDA:77,1,1,1
BRDA:83,2,0,1
BRDA:83,2,1,0
BRF:8
BRH:6
end_of_record
TN:
SF:src/lib/Task.ts
FN:37,(anonymous_8)
FN:52,(anonymous_9)
FN:69,(anonymous_11)
FN:73,(anonymous_13)
FN:74,(anonymous_14)
FN:86,(anonymous_15)
FNF:6
FNH:6
FNDA:2,(anonymous_8)
FNDA:1,(anonymous_9)
FNDA:1,(anonymous_11)
FNDA:1,(anonymous_13)
FNDA:1,(anonymous_14)
FNDA:3,(anonymous_15)
DA:1,1
DA:2,1
DA:4,1
DA:6,1
DA:23,1
DA:38,2
DA:39,2
DA:41,2
DA:42,2
DA:43,2
DA:45,2
DA:53,1
DA:54,1
DA:61,1
DA:63,1
DA:70,1
DA:72,1
DA:73,1
DA:74,1
DA:75,1
DA:76,0
DA:78,1
DA:87,3
LF:23
LH:22
BRDA:75,0,0,0
BRDA:75,0,1,1
BRF:2
BRH:1
end_of_record
TN:
SF:src/lib/WorkFlow.ts
FN:47,(anonymous_16)
FN:66,(anonymous_17)
FN:88,(anonymous_18)
FN:102,(anonymous_20)
FN:107,(anonymous_22)
FN:108,(anonymous_23)
FN:128,(anonymous_24)
FN:152,(anonymous_26)
FN:161,(anonymous_28)
FN:172,(anonymous_29)
FN:309,(anonymous_30)
FN:194,(anonymous_33)
FN:195,(anonymous_34)
FN:195,(anonymous_35)
FN:225,(anonymous_38)
FN:226,(anonymous_39)
FN:239,(anonymous_42)
FN:239,(anonymous_43)
FN:284,(anonymous_50)
FN:285,(anonymous_51)
FN:295,(anonymous_52)
FN:296,(anonymous_53)
FNF:22
FNH:22
FNDA:7,(anonymous_16)
FNDA:2,(anonymous_17)
FNDA:2,(anonymous_18)
FNDA:6,(anonymous_20)
FNDA:6,(anonymous_22)
FNDA:5,(anonymous_23)
FNDA:4,(anonymous_24)
FNDA:2,(anonymous_26)
FNDA:1,(anonymous_28)
FNDA:2,(anonymous_29)
FNDA:2,(anonymous_30)
FNDA:3,(anonymous_33)
FNDA:3,(anonymous_34)
FNDA:3,(anonymous_35)
FNDA:2,(anonymous_38)
FNDA:2,(anonymous_39)
FNDA:2,(anonymous_42)
FNDA:2,(anonymous_43)
FNDA:2,(anonymous_50)
FNDA:2,(anonymous_51)
FNDA:6,(anonymous_52)
FNDA:1,(anonymous_53)
DA:1,1
DA:3,1
DA:4,1
DA:5,1
DA:7,1
DA:8,1
DA:11,1
DA:13,1
DA:27,1
DA:32,1
DA:41,7
DA:48,7
DA:50,7
DA:51,7
DA:52,7
DA:53,7
DA:71,2
DA:72,2
DA:74,2
DA:75,2
DA:76,2
DA:78,2
DA:79,0
DA:81,2
DA:89,2
DA:91,2
DA:92,2
DA:93,0
DA:95,2
DA:103,6
DA:105,6
DA:107,6
DA:108,6
DA:109,5
DA:110,0
DA:113,5
DA:114,0
DA:117,5
DA:118,5
DA:129,4
DA:131,4
DA:132,3
DA:133,0
DA:134,0
DA:137,3
DA:138,3
DA:139,2
DA:143,2
DA:145,1
DA:153,2
DA:154,2
DA:155,2
DA:158,2
DA:161,2
DA:162,1
DA:165,2
DA:173,2
DA:175,2
DA:176,2
DA:177,0
DA:180,2
DA:182,2
DA:189,3
DA:191,3
DA:194,3
DA:195,3
DA:196,3
DA:197,0
DA:200,3
DA:201,3
DA:202,1
DA:203,1
DA:206,2
DA:207,2
DA:216,2
DA:218,2
DA:220,2
DA:221,2
DA:224,2
DA:225,2
DA:226,2
DA:227,2
DA:228,0
DA:230,2
DA:239,2
DA:240,2
DA:242,2
DA:256,1
DA:260,1
DA:267,1
DA:268,0
DA:269,0
DA:277,2
DA:279,2
DA:280,2
DA:282,2
DA:284,2
DA:285,2
DA:286,2
DA:287,0
DA:290,2
DA:291,1
DA:295,6
DA:296,1
DA:297,1
DA:298,0
DA:300,1
DA:310,2
LF:108
LH:95
BRDA:69,0,0,2
BRDA:74,1,0,2
BRDA:74,1,1,0
BRDA:74,2,0,2
BRDA:74,2,1,2
BRDA:78,3,0,0
BRDA:78,3,1,2
BRDA:78,4,0,2
BRDA:78,4,1,0
BRDA:92,5,0,0
BRDA:92,5,1,2
BRDA:109,6,0,0
BRDA:109,6,1,5
BRDA:110,7,0,0
BRDA:110,7,1,0
BRDA:110,8,0,0
BRDA:110,8,1,0
BRDA:110,9,0,0
BRDA:110,9,1,0
BRDA:113,10,0,0
BRDA:113,10,1,5
BRDA:132,11,0,0
BRDA:132,11,1,3
BRDA:138,12,0,2
BRDA:138,12,1,1
BRDA:154,13,0,2
BRDA:154,13,1,0
BRDA:176,14,0,0
BRDA:176,14,1,2
BRDA:176,15,0,2
BRDA:176,15,1,2
BRDA:196,16,0,0
BRDA:196,16,1,3
BRDA:201,17,0,1
BRDA:201,17,1,2
BRDA:220,18,0,2
BRDA:220,18,1,0
BRDA:227,19,0,0
BRDA:227,19,1,2
BRDA:267,20,0,0
BRDA:267,20,1,1
BRDA:286,21,0,0
BRDA:286,21,1,2
BRDA:290,22,0,1
BRDA:290,22,1,1
BRDA:297,23,0,0
BRDA:297,23,1,1
BRF:47
BRH:26
end_of_record
TN:
SF:src/lib/index.ts
FN:42,(anonymous_9)
FN:48,(anonymous_10)
FN:57,(anonymous_11)
FN:72,(anonymous_12)
FN:83,(anonymous_15)
FN:89,(anonymous_16)
FN:112,(anonymous_19)
FN:115,(anonymous_20)
FNF:8
FNH:3
FNDA:1,(anonymous_9)
FNDA:0,(anonymous_10)
FNDA:1,(anonymous_11)
FNDA:29,(anonymous_12)
FNDA:0,(anonymous_15)
FNDA:0,(anonymous_16)
FNDA:0,(anonymous_19)
FNDA:0,(anonymous_20)
DA:1,1
DA:3,1
DA:5,1
DA:6,1
DA:7,1
DA:8,1
DA:9,1
DA:11,1
DA:24,1
DA:31,1
DA:33,1
DA:35,1
DA:36,1
DA:43,1
DA:44,1
DA:45,1
DA:47,1
DA:48,0
DA:58,1
DA:59,0
DA:60,0
DA:62,1
DA:64,1
DA:66,1
DA:73,29
DA:74,0
DA:76,29
DA:83,0
DA:84,0
DA:86,0
DA:89,0
DA:90,0
DA:91,0
DA:94,0
DA:95,0
DA:98,0
DA:99,0
DA:100,0
DA:101,0
DA:111,0
DA:112,0
DA:113,0
DA:114,0
DA:115,0
DA:116,0
LF:45
LH:23
BRDA:47,0,0,0
BRDA:47,0,1,1
BRDA:47,1,0,1
BRDA:47,1,1,0
BRDA:58,2,0,0
BRDA:58,2,1,1
BRDA:73,3,0,0
BRDA:73,3,1,29
BRDA:84,4,0,0
BRDA:84,4,1,0
BRDA:90,5,0,0
BRDA:90,5,1,0
BRDA:94,6,0,0
BRDA:94,6,1,0
BRDA:94,7,0,0
BRDA:94,7,1,0
BRDA:100,8,0,0
BRDA:100,8,1,0
BRF:18
BRH:4
end_of_record
